<?xml version="1.0" encoding="UTF-8"?>
<testsuites name="jest tests" tests="1162" failures="21" time="135.009">
  <testsuite name="/invoices" errors="0" failures="1" skipped="0" timestamp="2019-12-05T00:03:31" time="10.073" tests="7">
    <testcase classname="/invoices create single" name="/invoices create single" time="0.598">
    </testcase>
    <testcase classname="/invoices create multiple" name="/invoices create multiple" time="0.768">
    </testcase>
    <testcase classname="/invoices get all" name="/invoices get all" time="2.612">
    </testcase>
    <testcase classname="/invoices get single" name="/invoices get single" time="2.559">
    </testcase>
    <testcase classname="/invoices get single as pdf" name="/invoices get single as pdf" time="0.661">
    </testcase>
    <testcase classname="/invoices sends invoice email" name="/invoices sends invoice email" time="0.741">
      <failure>Error: XeroError: statusCode=400 data={
  &quot;ErrorNumber&quot;: 10,
  &quot;Type&quot;: &quot;ValidationException&quot;,
  &quot;Message&quot;: &quot;A validation exception occurred&quot;,
  &quot;Elements&quot;: [
    {
      &quot;ValidationErrors&quot;: [
        {
          &quot;Message&quot;: &quot;Invoice id &lt;00000000-0000-0000-0000-000000000000&gt; is not valid&quot;
        }
      ]
    }
  ]
}
    at oauthLib.post (/Users/sid.maestre/Documents/GitRepo/xero-node/src/internals/OAuth1HttpClient.ts:407:31)
    at passBackControl (/Users/sid.maestre/Documents/GitRepo/xero-node/node_modules/oauth/lib/oauth.js:397:13)
    at IncomingMessage.&lt;anonymous&gt; (/Users/sid.maestre/Documents/GitRepo/xero-node/node_modules/oauth/lib/oauth.js:409:9)
    at IncomingMessage.emit (events.js:203:15)
    at endReadableNT (_stream_readable.js:1145:12)
    at process._tickCallback (internal/process/next_tick.js:63:19)</failure>
    </testcase>
    <testcase classname="/invoices Invalid requests creating an invalid invoice" name="/invoices Invalid requests creating an invalid invoice" time="0.336">
    </testcase>
  </testsuite>
  <testsuite name="/prepayments" errors="0" failures="1" skipped="0" timestamp="2019-12-05T00:03:41" time="3.12" tests="4">
    <testcase classname="/prepayments create via banktransactions endpoint" name="/prepayments create via banktransactions endpoint" time="0.248">
    </testcase>
    <testcase classname="/prepayments get all" name="/prepayments get all" time="1.156">
    </testcase>
    <testcase classname="/prepayments get single" name="/prepayments get single" time="1.07">
      <failure>Error: expect(received).toBe(expected) // Object.is equality

Expected: 1
Received: 37
    at Object.&lt;anonymous&gt; (/Users/sid.maestre/Documents/GitRepo/xero-node/src/__integration_tests__/prepayments.integration.tests.ts:55:39)
    at Generator.next (&lt;anonymous&gt;)
    at fulfilled (/Users/sid.maestre/Documents/GitRepo/xero-node/src/__integration_tests__/prepayments.integration.tests.ts:4:58)
    at process._tickCallback (internal/process/next_tick.js:68:7)</failure>
    </testcase>
    <testcase classname="/prepayments reverse via the payments endpoint" name="/prepayments reverse via the payments endpoint" time="0.525">
    </testcase>
  </testsuite>
  <testsuite name="/banktransfers" errors="0" failures="2" skipped="0" timestamp="2019-12-05T00:03:44" time="5.072" tests="3">
    <testcase classname="/banktransfers can get all" name="/banktransfers can get all" time="0.298">
    </testcase>
    <testcase classname="/banktransfers can get single" name="/banktransfers can get single" time="3.235">
      <failure>Error: XeroError: statusCode=400 data={
  &quot;ErrorNumber&quot;: 10,
  &quot;Type&quot;: &quot;ValidationException&quot;,
  &quot;Message&quot;: &quot;A validation exception occurred&quot;,
  &quot;Elements&quot;: [
    {
      &quot;AccountID&quot;: &quot;00000000-0000-0000-0000-000000000000&quot;,
      &quot;Code&quot;: &quot;200&quot;,
      &quot;Name&quot;: &quot;AmyTest&quot;,
      &quot;Type&quot;: &quot;BANK&quot;,
      &quot;BankAccountNumber&quot;: &quot;00-12345-678-00&quot;,
      &quot;ValidationErrors&quot;: [
        {
          &quot;Message&quot;: &quot;Please enter a unique Code.&quot;
        }
      ]
    }
  ]
}
    at oauthLib.put (/Users/sid.maestre/Documents/GitRepo/xero-node/src/internals/OAuth1HttpClient.ts:381:31)
    at passBackControl (/Users/sid.maestre/Documents/GitRepo/xero-node/node_modules/oauth/lib/oauth.js:397:13)
    at IncomingMessage.&lt;anonymous&gt; (/Users/sid.maestre/Documents/GitRepo/xero-node/node_modules/oauth/lib/oauth.js:409:9)
    at IncomingMessage.emit (events.js:203:15)
    at endReadableNT (_stream_readable.js:1145:12)
    at process._tickCallback (internal/process/next_tick.js:63:19)</failure>
    </testcase>
    <testcase classname="/banktransfers create" name="/banktransfers create" time="1.382">
      <failure>Error: XeroError: statusCode=400 data={
  &quot;ErrorNumber&quot;: 10,
  &quot;Type&quot;: &quot;ValidationException&quot;,
  &quot;Message&quot;: &quot;A validation exception occurred&quot;,
  &quot;Elements&quot;: [
    {
      &quot;AccountID&quot;: &quot;00000000-0000-0000-0000-000000000000&quot;,
      &quot;Code&quot;: &quot;200&quot;,
      &quot;Name&quot;: &quot;AmyTest&quot;,
      &quot;Type&quot;: &quot;BANK&quot;,
      &quot;BankAccountNumber&quot;: &quot;00-12345-678-00&quot;,
      &quot;ValidationErrors&quot;: [
        {
          &quot;Message&quot;: &quot;Please enter a unique Code.&quot;
        }
      ]
    }
  ]
}
    at oauthLib.put (/Users/sid.maestre/Documents/GitRepo/xero-node/src/internals/OAuth1HttpClient.ts:381:31)
    at passBackControl (/Users/sid.maestre/Documents/GitRepo/xero-node/node_modules/oauth/lib/oauth.js:397:13)
    at IncomingMessage.&lt;anonymous&gt; (/Users/sid.maestre/Documents/GitRepo/xero-node/node_modules/oauth/lib/oauth.js:409:9)
    at IncomingMessage.emit (events.js:203:15)
    at endReadableNT (_stream_readable.js:1145:12)
    at process._tickCallback (internal/process/next_tick.js:63:19)</failure>
    </testcase>
  </testsuite>
  <testsuite name="/manualJournals" errors="0" failures="2" skipped="0" timestamp="2019-12-05T00:03:49" time="1.974" tests="4">
    <testcase classname="/manualJournals create single" name="/manualJournals create single" time="0.871">
      <failure>Error: expect(received).toEqual(expected) // deep equality

Expected: &quot;OK&quot;
Received: &quot;WARNING&quot;
    at Object.&lt;anonymous&gt; (/Users/sid.maestre/Documents/GitRepo/xero-node/src/__integration_tests__/manualjournals.integration.tests.ts:24:60)
    at Generator.next (&lt;anonymous&gt;)
    at fulfilled (/Users/sid.maestre/Documents/GitRepo/xero-node/src/__integration_tests__/manualjournals.integration.tests.ts:4:58)
    at process._tickCallback (internal/process/next_tick.js:68:7)</failure>
    </testcase>
    <testcase classname="/manualJournals get single" name="/manualJournals get single" time="0.473">
    </testcase>
    <testcase classname="/manualJournals get all" name="/manualJournals get all" time="0.239">
    </testcase>
    <testcase classname="/manualJournals update" name="/manualJournals update" time="0.254">
      <failure>Error: expect(received).toEqual(expected) // deep equality

Expected: &quot;OK&quot;
Received: &quot;ERROR&quot;
    at Object.&lt;anonymous&gt; (/Users/sid.maestre/Documents/GitRepo/xero-node/src/__integration_tests__/manualjournals.integration.tests.ts:58:60)
    at Generator.next (&lt;anonymous&gt;)
    at fulfilled (/Users/sid.maestre/Documents/GitRepo/xero-node/src/__integration_tests__/manualjournals.integration.tests.ts:4:58)
    at process._tickCallback (internal/process/next_tick.js:68:7)</failure>
    </testcase>
  </testsuite>
  <testsuite name="/overpayments" errors="0" failures="2" skipped="0" timestamp="2019-12-05T00:03:51" time="2.427" tests="2">
    <testcase classname="/overpayments get all" name="/overpayments get all" time="1.033">
      <failure>Error: expect(received).toBe(expected) // Object.is equality

Expected: undefined
Received: &quot;81ff2bc6-73e6-4357-90d5-8f1313836d91&quot;
    at Object.&lt;anonymous&gt; (/Users/sid.maestre/Documents/GitRepo/xero-node/src/__integration_tests__/overpayments.integration.tests.ts:35:50)
    at Generator.next (&lt;anonymous&gt;)
    at fulfilled (/Users/sid.maestre/Documents/GitRepo/xero-node/src/__integration_tests__/overpayments.integration.tests.ts:4:58)
    at process._tickCallback (internal/process/next_tick.js:68:7)</failure>
    </testcase>
    <testcase classname="/overpayments create allocation" name="/overpayments create allocation" time="1.274">
      <failure>Error: XeroError: statusCode=404 data=The resource you&apos;re looking for cannot be found
    at oauthLib.put (/Users/sid.maestre/Documents/GitRepo/xero-node/src/internals/OAuth1HttpClient.ts:381:31)
    at passBackControl (/Users/sid.maestre/Documents/GitRepo/xero-node/node_modules/oauth/lib/oauth.js:397:13)
    at IncomingMessage.&lt;anonymous&gt; (/Users/sid.maestre/Documents/GitRepo/xero-node/node_modules/oauth/lib/oauth.js:409:9)
    at IncomingMessage.emit (events.js:203:15)
    at endReadableNT (_stream_readable.js:1145:12)
    at process._tickCallback (internal/process/next_tick.js:63:19)</failure>
    </testcase>
  </testsuite>
  <testsuite name="/journals" errors="0" failures="0" skipped="0" timestamp="2019-12-05T00:03:54" time="1.137" tests="2">
    <testcase classname="/journals can get all" name="/journals can get all" time="0.552">
    </testcase>
    <testcase classname="/journals can get single" name="/journals can get single" time="0.48">
    </testcase>
  </testsuite>
  <testsuite name="Generic accounting endpoint tests" errors="0" failures="2" skipped="0" timestamp="2019-12-05T00:03:55" time="1.701" tests="4">
    <testcase classname="Generic accounting endpoint tests get all" name="Generic accounting endpoint tests get all" time="0.314">
    </testcase>
    <testcase classname="Generic accounting endpoint tests get single" name="Generic accounting endpoint tests get single" time="0.604">
      <failure>Error: expect(received).toBe(expected) // Object.is equality

Expected: 1
Received: 7
    at Object.&lt;anonymous&gt; (/Users/sid.maestre/Documents/GitRepo/xero-node/src/__integration_tests__/generic-endpoint.integration.tests.ts:33:52)
    at Generator.next (&lt;anonymous&gt;)
    at fulfilled (/Users/sid.maestre/Documents/GitRepo/xero-node/src/__integration_tests__/generic-endpoint.integration.tests.ts:4:58)
    at process._tickCallback (internal/process/next_tick.js:68:7)</failure>
    </testcase>
    <testcase classname="Generic endpoint tests get all" name="Generic endpoint tests get all" time="0.408">
    </testcase>
    <testcase classname="Generic endpoint tests get single" name="Generic endpoint tests get single" time="0.271">
      <failure>Error: expect(received).toBe(expected) // Object.is equality

Expected: 1
Received: 7
    at Object.&lt;anonymous&gt; (/Users/sid.maestre/Documents/GitRepo/xero-node/src/__integration_tests__/generic-endpoint.integration.tests.ts:66:52)
    at Generator.next (&lt;anonymous&gt;)
    at fulfilled (/Users/sid.maestre/Documents/GitRepo/xero-node/src/__integration_tests__/generic-endpoint.integration.tests.ts:4:58)
    at process._tickCallback (internal/process/next_tick.js:68:7)</failure>
    </testcase>
  </testsuite>
  <testsuite name="/contacts" errors="0" failures="0" skipped="0" timestamp="2019-12-05T00:03:56" time="1.737" tests="2">
    <testcase classname="/contacts create contacts" name="/contacts create contacts" time="0.837">
    </testcase>
    <testcase classname="/contacts gets a contact by ID" name="/contacts gets a contact by ID" time="0.438">
    </testcase>
  </testsuite>
  <testsuite name="/accounts" errors="0" failures="0" skipped="0" timestamp="2019-12-05T00:03:58" time="0.403" tests="1">
    <testcase classname="/accounts get all" name="/accounts get all" time="0.278">
    </testcase>
  </testsuite>
  <testsuite name="/creditnotes" errors="0" failures="0" skipped="0" timestamp="2019-12-05T00:03:59" time="0.877" tests="2">
    <testcase classname="/creditnotes can get all" name="/creditnotes can get all" time="0.467">
    </testcase>
    <testcase classname="/creditnotes can get single" name="/creditnotes can get single" time="0.29">
    </testcase>
  </testsuite>
  <testsuite name="XeroError" errors="0" failures="4" skipped="0" timestamp="2019-12-05T00:04:00" time="0.211" tests="40">
    <testcase classname="XeroError XeroError: token_rejected (Fix the problem) instanceof XeroError" name="XeroError XeroError: token_rejected (Fix the problem) instanceof XeroError" time="0.001">
    </testcase>
    <testcase classname="XeroError XeroError: token_rejected (Fix the problem) instanceof Error" name="XeroError XeroError: token_rejected (Fix the problem) instanceof Error" time="0">
    </testcase>
    <testcase classname="XeroError XeroError: token_rejected (Fix the problem) isError()" name="XeroError XeroError: token_rejected (Fix the problem) isError()" time="0">
    </testcase>
    <testcase classname="XeroError XeroError: token_rejected (Fix the problem) message is as expected" name="XeroError XeroError: token_rejected (Fix the problem) message is as expected" time="0.001">
    </testcase>
    <testcase classname="XeroError XeroError: token_rejected (Fix the problem) stack is defined" name="XeroError XeroError: token_rejected (Fix the problem) stack is defined" time="0.001">
    </testcase>
    <testcase classname="XeroError XeroError: token_rejected (Fix the problem) stack starts with message" name="XeroError XeroError: token_rejected (Fix the problem) stack starts with message" time="0.001">
    </testcase>
    <testcase classname="XeroError XeroError: token_rejected (Fix the problem) stack records thrown location" name="XeroError XeroError: token_rejected (Fix the problem) stack records thrown location" time="0.001">
      <failure>Error: expect(received).toContain(expected) // indexOf

Expected substring: &quot;XeroError.tests.&quot;
Received string:    &quot;    at Object.asyncJestLifecycle (/Users/sid.maestre/Documents/GitRepo/xero-node/node_modules/jest-jasmine2/build/jasmineAsyncInstall.js:53:37)&quot;
    at Object.it (/Users/sid.maestre/Documents/GitRepo/xero-node/src/__tests__/XeroError.tests.ts:70:40)
    at Object.asyncJestTest (/Users/sid.maestre/Documents/GitRepo/xero-node/node_modules/jest-jasmine2/build/jasmineAsyncInstall.js:102:37)
    at resolve (/Users/sid.maestre/Documents/GitRepo/xero-node/node_modules/jest-jasmine2/build/queueRunner.js:43:12)
    at new Promise (&lt;anonymous&gt;)
    at mapper (/Users/sid.maestre/Documents/GitRepo/xero-node/node_modules/jest-jasmine2/build/queueRunner.js:26:19)
    at promise.then (/Users/sid.maestre/Documents/GitRepo/xero-node/node_modules/jest-jasmine2/build/queueRunner.js:73:41)</failure>
    </testcase>
    <testcase classname="XeroError XeroError: token_rejected (Fix the problem) statusCode is set" name="XeroError XeroError: token_rejected (Fix the problem) statusCode is set" time="0">
    </testcase>
    <testcase classname="XeroError XeroError: token_rejected (Fix the problem) data is set" name="XeroError XeroError: token_rejected (Fix the problem) data is set" time="0.002">
    </testcase>
    <testcase classname="XeroError XeroError: token_rejected (Fix the problem) headers is set" name="XeroError XeroError: token_rejected (Fix the problem) headers is set" time="0">
    </testcase>
    <testcase classname="XeroError XeroError: statusCode=404 data=It went bad! instanceof XeroError" name="XeroError XeroError: statusCode=404 data=It went bad! instanceof XeroError" time="0">
    </testcase>
    <testcase classname="XeroError XeroError: statusCode=404 data=It went bad! instanceof Error" name="XeroError XeroError: statusCode=404 data=It went bad! instanceof Error" time="0.001">
    </testcase>
    <testcase classname="XeroError XeroError: statusCode=404 data=It went bad! isError()" name="XeroError XeroError: statusCode=404 data=It went bad! isError()" time="0.001">
    </testcase>
    <testcase classname="XeroError XeroError: statusCode=404 data=It went bad! message is as expected" name="XeroError XeroError: statusCode=404 data=It went bad! message is as expected" time="0">
    </testcase>
    <testcase classname="XeroError XeroError: statusCode=404 data=It went bad! stack is defined" name="XeroError XeroError: statusCode=404 data=It went bad! stack is defined" time="0.001">
    </testcase>
    <testcase classname="XeroError XeroError: statusCode=404 data=It went bad! stack starts with message" name="XeroError XeroError: statusCode=404 data=It went bad! stack starts with message" time="0.001">
    </testcase>
    <testcase classname="XeroError XeroError: statusCode=404 data=It went bad! stack records thrown location" name="XeroError XeroError: statusCode=404 data=It went bad! stack records thrown location" time="0.001">
      <failure>Error: expect(received).toContain(expected) // indexOf

Expected substring: &quot;XeroError.tests.&quot;
Received string:    &quot;    at Object.asyncJestLifecycle (/Users/sid.maestre/Documents/GitRepo/xero-node/node_modules/jest-jasmine2/build/jasmineAsyncInstall.js:53:37)&quot;
    at Object.it (/Users/sid.maestre/Documents/GitRepo/xero-node/src/__tests__/XeroError.tests.ts:70:40)
    at Object.asyncJestTest (/Users/sid.maestre/Documents/GitRepo/xero-node/node_modules/jest-jasmine2/build/jasmineAsyncInstall.js:102:37)
    at resolve (/Users/sid.maestre/Documents/GitRepo/xero-node/node_modules/jest-jasmine2/build/queueRunner.js:43:12)
    at new Promise (&lt;anonymous&gt;)
    at mapper (/Users/sid.maestre/Documents/GitRepo/xero-node/node_modules/jest-jasmine2/build/queueRunner.js:26:19)
    at promise.then (/Users/sid.maestre/Documents/GitRepo/xero-node/node_modules/jest-jasmine2/build/queueRunner.js:73:41)</failure>
    </testcase>
    <testcase classname="XeroError XeroError: statusCode=404 data=It went bad! statusCode is set" name="XeroError XeroError: statusCode=404 data=It went bad! statusCode is set" time="0.001">
    </testcase>
    <testcase classname="XeroError XeroError: statusCode=404 data=It went bad! data is set" name="XeroError XeroError: statusCode=404 data=It went bad! data is set" time="0">
    </testcase>
    <testcase classname="XeroError XeroError: statusCode=404 data=It went bad! headers is set" name="XeroError XeroError: statusCode=404 data=It went bad! headers is set" time="0">
    </testcase>
    <testcase classname="XeroError XeroError: statusCode=404 data=It went bad! instanceof XeroError" name="XeroError XeroError: statusCode=404 data=It went bad! instanceof XeroError" time="0.001">
    </testcase>
    <testcase classname="XeroError XeroError: statusCode=404 data=It went bad! instanceof Error" name="XeroError XeroError: statusCode=404 data=It went bad! instanceof Error" time="0">
    </testcase>
    <testcase classname="XeroError XeroError: statusCode=404 data=It went bad! isError()" name="XeroError XeroError: statusCode=404 data=It went bad! isError()" time="0">
    </testcase>
    <testcase classname="XeroError XeroError: statusCode=404 data=It went bad! message is as expected" name="XeroError XeroError: statusCode=404 data=It went bad! message is as expected" time="0.002">
    </testcase>
    <testcase classname="XeroError XeroError: statusCode=404 data=It went bad! stack is defined" name="XeroError XeroError: statusCode=404 data=It went bad! stack is defined" time="0.001">
    </testcase>
    <testcase classname="XeroError XeroError: statusCode=404 data=It went bad! stack starts with message" name="XeroError XeroError: statusCode=404 data=It went bad! stack starts with message" time="0.001">
    </testcase>
    <testcase classname="XeroError XeroError: statusCode=404 data=It went bad! stack records thrown location" name="XeroError XeroError: statusCode=404 data=It went bad! stack records thrown location" time="0">
      <failure>Error: expect(received).toContain(expected) // indexOf

Expected substring: &quot;XeroError.tests.&quot;
Received string:    &quot;    at Object.asyncJestLifecycle (/Users/sid.maestre/Documents/GitRepo/xero-node/node_modules/jest-jasmine2/build/jasmineAsyncInstall.js:53:37)&quot;
    at Object.it (/Users/sid.maestre/Documents/GitRepo/xero-node/src/__tests__/XeroError.tests.ts:70:40)
    at Object.asyncJestTest (/Users/sid.maestre/Documents/GitRepo/xero-node/node_modules/jest-jasmine2/build/jasmineAsyncInstall.js:102:37)
    at resolve (/Users/sid.maestre/Documents/GitRepo/xero-node/node_modules/jest-jasmine2/build/queueRunner.js:43:12)
    at new Promise (&lt;anonymous&gt;)
    at mapper (/Users/sid.maestre/Documents/GitRepo/xero-node/node_modules/jest-jasmine2/build/queueRunner.js:26:19)
    at promise.then (/Users/sid.maestre/Documents/GitRepo/xero-node/node_modules/jest-jasmine2/build/queueRunner.js:73:41)</failure>
    </testcase>
    <testcase classname="XeroError XeroError: statusCode=404 data=It went bad! statusCode is set" name="XeroError XeroError: statusCode=404 data=It went bad! statusCode is set" time="0.001">
    </testcase>
    <testcase classname="XeroError XeroError: statusCode=404 data=It went bad! data is set" name="XeroError XeroError: statusCode=404 data=It went bad! data is set" time="0">
    </testcase>
    <testcase classname="XeroError XeroError: statusCode=404 data=It went bad! headers is set" name="XeroError XeroError: statusCode=404 data=It went bad! headers is set" time="0.001">
    </testcase>
    <testcase classname="XeroError XeroError: Minute rate limit exceeded (please wait before retrying the xero api) instanceof XeroError" name="XeroError XeroError: Minute rate limit exceeded (please wait before retrying the xero api) instanceof XeroError" time="0">
    </testcase>
    <testcase classname="XeroError XeroError: Minute rate limit exceeded (please wait before retrying the xero api) instanceof Error" name="XeroError XeroError: Minute rate limit exceeded (please wait before retrying the xero api) instanceof Error" time="0">
    </testcase>
    <testcase classname="XeroError XeroError: Minute rate limit exceeded (please wait before retrying the xero api) isError()" name="XeroError XeroError: Minute rate limit exceeded (please wait before retrying the xero api) isError()" time="0.001">
    </testcase>
    <testcase classname="XeroError XeroError: Minute rate limit exceeded (please wait before retrying the xero api) message is as expected" name="XeroError XeroError: Minute rate limit exceeded (please wait before retrying the xero api) message is as expected" time="0">
    </testcase>
    <testcase classname="XeroError XeroError: Minute rate limit exceeded (please wait before retrying the xero api) stack is defined" name="XeroError XeroError: Minute rate limit exceeded (please wait before retrying the xero api) stack is defined" time="0.005">
    </testcase>
    <testcase classname="XeroError XeroError: Minute rate limit exceeded (please wait before retrying the xero api) stack starts with message" name="XeroError XeroError: Minute rate limit exceeded (please wait before retrying the xero api) stack starts with message" time="0.001">
    </testcase>
    <testcase classname="XeroError XeroError: Minute rate limit exceeded (please wait before retrying the xero api) stack records thrown location" name="XeroError XeroError: Minute rate limit exceeded (please wait before retrying the xero api) stack records thrown location" time="0.004">
      <failure>Error: expect(received).toContain(expected) // indexOf

Expected substring: &quot;XeroError.tests.&quot;
Received string:    &quot;    at Object.asyncJestLifecycle (/Users/sid.maestre/Documents/GitRepo/xero-node/node_modules/jest-jasmine2/build/jasmineAsyncInstall.js:53:37)&quot;
    at Object.it (/Users/sid.maestre/Documents/GitRepo/xero-node/src/__tests__/XeroError.tests.ts:70:40)
    at Object.asyncJestTest (/Users/sid.maestre/Documents/GitRepo/xero-node/node_modules/jest-jasmine2/build/jasmineAsyncInstall.js:102:37)
    at resolve (/Users/sid.maestre/Documents/GitRepo/xero-node/node_modules/jest-jasmine2/build/queueRunner.js:43:12)
    at new Promise (&lt;anonymous&gt;)
    at mapper (/Users/sid.maestre/Documents/GitRepo/xero-node/node_modules/jest-jasmine2/build/queueRunner.js:26:19)
    at promise.then (/Users/sid.maestre/Documents/GitRepo/xero-node/node_modules/jest-jasmine2/build/queueRunner.js:73:41)</failure>
    </testcase>
    <testcase classname="XeroError XeroError: Minute rate limit exceeded (please wait before retrying the xero api) statusCode is set" name="XeroError XeroError: Minute rate limit exceeded (please wait before retrying the xero api) statusCode is set" time="0">
    </testcase>
    <testcase classname="XeroError XeroError: Minute rate limit exceeded (please wait before retrying the xero api) data is set" name="XeroError XeroError: Minute rate limit exceeded (please wait before retrying the xero api) data is set" time="0.001">
    </testcase>
    <testcase classname="XeroError XeroError: Minute rate limit exceeded (please wait before retrying the xero api) headers is set" name="XeroError XeroError: Minute rate limit exceeded (please wait before retrying the xero api) headers is set" time="0.001">
    </testcase>
  </testsuite>
  <testsuite name="Practice API Tests" errors="0" failures="0" skipped="0" timestamp="2019-12-05T00:04:00" time="0.44" tests="1">
    <testcase classname="Practice API Tests I can get a Practice Auth Token" name="Practice API Tests I can get a Practice Auth Token" time="0.29">
    </testcase>
  </testsuite>
  <testsuite name="/contactgroups" errors="0" failures="0" skipped="0" timestamp="2019-12-05T00:04:00" time="6.023" tests="7">
    <testcase classname="/contactgroups get single" name="/contactgroups get single" time="0.744">
    </testcase>
    <testcase classname="/contactgroups get all" name="/contactgroups get all" time="0.629">
    </testcase>
    <testcase classname="/contactgroups create" name="/contactgroups create" time="0.571">
    </testcase>
    <testcase classname="/contactgroups delete" name="/contactgroups delete" time="0.552">
    </testcase>
    <testcase classname="/contactgroups contacts add to group" name="/contactgroups contacts add to group" time="1.034">
    </testcase>
    <testcase classname="/contactgroups contacts delete all from group" name="/contactgroups contacts delete all from group" time="0.923">
    </testcase>
    <testcase classname="/contactgroups contacts delete single from group" name="/contactgroups contacts delete single from group" time="1.057">
    </testcase>
  </testsuite>
  <testsuite name="attachments" errors="0" failures="0" skipped="0" timestamp="2019-12-05T00:04:06" time="7.07" tests="4">
    <testcase classname="attachments can add an attachment" name="attachments can add an attachment" time="1.948">
    </testcase>
    <testcase classname="attachments can download the same attachment" name="attachments can download the same attachment" time="1.784">
    </testcase>
    <testcase classname="attachments get the attachment details" name="attachments get the attachment details" time="1.276">
    </testcase>
    <testcase classname="attachments errors like this" name="attachments errors like this" time="0">
    </testcase>
  </testsuite>
  <testsuite name="/payments" errors="0" failures="0" skipped="0" timestamp="2019-12-05T00:04:13" time="3.676" tests="3">
    <testcase classname="/payments can get all" name="/payments can get all" time="0.829">
    </testcase>
    <testcase classname="/payments can get single" name="/payments can get single" time="0.606">
    </testcase>
    <testcase classname="/payments create" name="/payments create" time="1.917">
    </testcase>
  </testsuite>
  <testsuite name="/items" errors="0" failures="0" skipped="0" timestamp="2019-12-05T00:04:17" time="2.281" tests="4">
    <testcase classname="/items create single" name="/items create single" time="0.44">
    </testcase>
    <testcase classname="/items get single" name="/items get single" time="0.592">
    </testcase>
    <testcase classname="/items get all" name="/items get all" time="0.239">
    </testcase>
    <testcase classname="/items update" name="/items update" time="0.536">
    </testcase>
  </testsuite>
  <testsuite name="/banktransactions" errors="0" failures="0" skipped="0" timestamp="2019-12-05T00:04:19" time="3.172" tests="3">
    <testcase classname="/banktransactions can get all" name="/banktransactions can get all" time="2.517">
    </testcase>
    <testcase classname="/banktransactions can get single" name="/banktransactions can get single" time="0.282">
    </testcase>
    <testcase classname="/banktransactions can update" name="/banktransactions can update" time="0.247">
    </testcase>
  </testsuite>
  <testsuite name="history" errors="0" failures="0" skipped="0" timestamp="2019-12-05T00:04:22" time="2.436" tests="2">
    <testcase classname="history can add a history note" name="history can add a history note" time="0.343">
    </testcase>
    <testcase classname="history get the history details" name="history get the history details" time="0.282">
    </testcase>
  </testsuite>
  <testsuite name="/trackingcategories" errors="0" failures="0" skipped="0" timestamp="2019-12-05T00:04:25" time="1.445" tests="2">
    <testcase classname="/trackingcategories create single" name="/trackingcategories create single" time="0.949">
    </testcase>
    <testcase classname="/trackingcategories get all" name="/trackingcategories get all" time="0.384">
    </testcase>
  </testsuite>
  <testsuite name="/expenseclaims" errors="0" failures="0" skipped="0" timestamp="2019-12-05T00:04:26" time="2.259" tests="4">
    <testcase classname="/expenseclaims create single" name="/expenseclaims create single" time="0.323">
    </testcase>
    <testcase classname="/expenseclaims get single" name="/expenseclaims get single" time="0.621">
    </testcase>
    <testcase classname="/expenseclaims get all" name="/expenseclaims get all" time="0.255">
    </testcase>
    <testcase classname="/expenseclaims update" name="/expenseclaims update" time="0.617">
    </testcase>
  </testsuite>
  <testsuite name="/purchaseorders" errors="0" failures="0" skipped="0" timestamp="2019-12-05T00:04:29" time="2.513" tests="2">
    <testcase classname="/purchaseorders get single as pdf" name="/purchaseorders get single as pdf" time="1.49">
    </testcase>
    <testcase classname="/purchaseorders get all" name="/purchaseorders get all" time="0.915">
    </testcase>
  </testsuite>
  <testsuite name="/receipts" errors="0" failures="0" skipped="1" timestamp="2019-12-05T00:04:31" time="1.517" tests="4">
    <testcase classname="/receipts create single" name="/receipts create single" time="0">
      <skipped/>
    </testcase>
    <testcase classname="/receipts get single" name="/receipts get single" time="0.561">
    </testcase>
    <testcase classname="/receipts get all" name="/receipts get all" time="0.352">
    </testcase>
    <testcase classname="/receipts update" name="/receipts update" time="0.27">
    </testcase>
  </testsuite>
  <testsuite name="/employees" errors="0" failures="0" skipped="1" timestamp="2019-12-05T00:04:33" time="2.733" tests="4">
    <testcase classname="/employees create single" name="/employees create single" time="0.575">
    </testcase>
    <testcase classname="/employees get single" name="/employees get single" time="0.716">
    </testcase>
    <testcase classname="/employees get all" name="/employees get all" time="0.641">
    </testcase>
    <testcase classname="/employees update" name="/employees update" time="0">
      <skipped/>
    </testcase>
  </testsuite>
  <testsuite name="/taxrates" errors="0" failures="0" skipped="0" timestamp="2019-12-05T00:04:35" time="1.08" tests="2">
    <testcase classname="/taxrates update" name="/taxrates update" time="0.469">
    </testcase>
    <testcase classname="/taxrates get all" name="/taxrates get all" time="0.468">
    </testcase>
  </testsuite>
  <testsuite name="AccountingAPI endpoints" errors="0" failures="0" skipped="0" timestamp="2019-12-05T00:04:36" time="0.999" tests="756">
    <testcase classname="AccountingAPI endpoints accounts .get() calls the accounts endpoint" name="AccountingAPI endpoints accounts .get() calls the accounts endpoint" time="0.001">
    </testcase>
    <testcase classname="AccountingAPI endpoints accounts .get() calls the get verb" name="AccountingAPI endpoints accounts .get() calls the get verb" time="0">
    </testcase>
    <testcase classname="AccountingAPI endpoints accounts .get() requested with expected body" name="AccountingAPI endpoints accounts .get() requested with expected body" time="0">
    </testcase>
    <testcase classname="AccountingAPI endpoints accounts .get() matches the expected response" name="AccountingAPI endpoints accounts .get() matches the expected response" time="0">
    </testcase>
    <testcase classname="AccountingAPI endpoints accounts .get(AccountID,order) calls the accounts/dcb417fc-0c23-4ba3-bc7f-fbc718e7e663?order=TaxType endpoint" name="AccountingAPI endpoints accounts .get(AccountID,order) calls the accounts/dcb417fc-0c23-4ba3-bc7f-fbc718e7e663?order=TaxType endpoint" time="0.002">
    </testcase>
    <testcase classname="AccountingAPI endpoints accounts .get(AccountID,order) calls the get verb" name="AccountingAPI endpoints accounts .get(AccountID,order) calls the get verb" time="0">
    </testcase>
    <testcase classname="AccountingAPI endpoints accounts .get(AccountID,order) requested with expected body" name="AccountingAPI endpoints accounts .get(AccountID,order) requested with expected body" time="0">
    </testcase>
    <testcase classname="AccountingAPI endpoints accounts .get(AccountID,order) matches the expected response" name="AccountingAPI endpoints accounts .get(AccountID,order) matches the expected response" time="0.001">
    </testcase>
    <testcase classname="AccountingAPI endpoints accounts .create() calls the accounts endpoint" name="AccountingAPI endpoints accounts .create() calls the accounts endpoint" time="0">
    </testcase>
    <testcase classname="AccountingAPI endpoints accounts .create() calls the put verb" name="AccountingAPI endpoints accounts .create() calls the put verb" time="0.002">
    </testcase>
    <testcase classname="AccountingAPI endpoints accounts .create() requested with expected body" name="AccountingAPI endpoints accounts .create() requested with expected body" time="0.001">
    </testcase>
    <testcase classname="AccountingAPI endpoints accounts .create() matches the expected response" name="AccountingAPI endpoints accounts .create() matches the expected response" time="0">
    </testcase>
    <testcase classname="AccountingAPI endpoints accounts .update(AccountID) calls the accounts/dcb417fc-0c23-4ba3-bc7f-fbc718e7e663 endpoint" name="AccountingAPI endpoints accounts .update(AccountID) calls the accounts/dcb417fc-0c23-4ba3-bc7f-fbc718e7e663 endpoint" time="0">
    </testcase>
    <testcase classname="AccountingAPI endpoints accounts .update(AccountID) calls the post verb" name="AccountingAPI endpoints accounts .update(AccountID) calls the post verb" time="0.001">
    </testcase>
    <testcase classname="AccountingAPI endpoints accounts .update(AccountID) requested with expected body" name="AccountingAPI endpoints accounts .update(AccountID) requested with expected body" time="0">
    </testcase>
    <testcase classname="AccountingAPI endpoints accounts .update(AccountID) matches the expected response" name="AccountingAPI endpoints accounts .update(AccountID) matches the expected response" time="0">
    </testcase>
    <testcase classname="AccountingAPI endpoints accounts .delete(AccountID) calls the accounts/dcb417fc-0c23-4ba3-bc7f-fbc718e7e663 endpoint" name="AccountingAPI endpoints accounts .delete(AccountID) calls the accounts/dcb417fc-0c23-4ba3-bc7f-fbc718e7e663 endpoint" time="0">
    </testcase>
    <testcase classname="AccountingAPI endpoints accounts .delete(AccountID) calls the delete verb" name="AccountingAPI endpoints accounts .delete(AccountID) calls the delete verb" time="0">
    </testcase>
    <testcase classname="AccountingAPI endpoints accounts .delete(AccountID) requested with expected body" name="AccountingAPI endpoints accounts .delete(AccountID) requested with expected body" time="0">
    </testcase>
    <testcase classname="AccountingAPI endpoints accounts .delete(AccountID) matches the expected response" name="AccountingAPI endpoints accounts .delete(AccountID) matches the expected response" time="0">
    </testcase>
    <testcase classname="AccountingAPI endpoints accounts attachments.get(entityId) calls the accounts/dcb417fc-0c23-4ba3-bc7f-fbc718e7e663/attachments endpoint" name="AccountingAPI endpoints accounts attachments.get(entityId) calls the accounts/dcb417fc-0c23-4ba3-bc7f-fbc718e7e663/attachments endpoint" time="0">
    </testcase>
    <testcase classname="AccountingAPI endpoints accounts attachments.get(entityId) calls the get verb" name="AccountingAPI endpoints accounts attachments.get(entityId) calls the get verb" time="0">
    </testcase>
    <testcase classname="AccountingAPI endpoints accounts attachments.get(entityId) requested with expected body" name="AccountingAPI endpoints accounts attachments.get(entityId) requested with expected body" time="0">
    </testcase>
    <testcase classname="AccountingAPI endpoints accounts attachments.get(entityId) matches the expected response" name="AccountingAPI endpoints accounts attachments.get(entityId) matches the expected response" time="0.001">
    </testcase>
    <testcase classname="AccountingAPI endpoints bankTransactions .get() calls the banktransactions endpoint" name="AccountingAPI endpoints bankTransactions .get() calls the banktransactions endpoint" time="0">
    </testcase>
    <testcase classname="AccountingAPI endpoints bankTransactions .get() calls the get verb" name="AccountingAPI endpoints bankTransactions .get() calls the get verb" time="0">
    </testcase>
    <testcase classname="AccountingAPI endpoints bankTransactions .get() requested with expected body" name="AccountingAPI endpoints bankTransactions .get() requested with expected body" time="0">
    </testcase>
    <testcase classname="AccountingAPI endpoints bankTransactions .get() matches the expected response" name="AccountingAPI endpoints bankTransactions .get() matches the expected response" time="0">
    </testcase>
    <testcase classname="AccountingAPI endpoints bankTransactions .get(page) calls the banktransactions?page=3 endpoint" name="AccountingAPI endpoints bankTransactions .get(page) calls the banktransactions?page=3 endpoint" time="0">
    </testcase>
    <testcase classname="AccountingAPI endpoints bankTransactions .get(page) calls the get verb" name="AccountingAPI endpoints bankTransactions .get(page) calls the get verb" time="0.001">
    </testcase>
    <testcase classname="AccountingAPI endpoints bankTransactions .get(page) requested with expected body" name="AccountingAPI endpoints bankTransactions .get(page) requested with expected body" time="0">
    </testcase>
    <testcase classname="AccountingAPI endpoints bankTransactions .get(page) matches the expected response" name="AccountingAPI endpoints bankTransactions .get(page) matches the expected response" time="0">
    </testcase>
    <testcase classname="AccountingAPI endpoints bankTransactions .get(BankTransactionID) calls the banktransactions/dcb417fc-0c23-4ba3-bc7f-fbc718e7e663 endpoint" name="AccountingAPI endpoints bankTransactions .get(BankTransactionID) calls the banktransactions/dcb417fc-0c23-4ba3-bc7f-fbc718e7e663 endpoint" time="0">
    </testcase>
    <testcase classname="AccountingAPI endpoints bankTransactions .get(BankTransactionID) calls the get verb" name="AccountingAPI endpoints bankTransactions .get(BankTransactionID) calls the get verb" time="0">
    </testcase>
    <testcase classname="AccountingAPI endpoints bankTransactions .get(BankTransactionID) requested with expected body" name="AccountingAPI endpoints bankTransactions .get(BankTransactionID) requested with expected body" time="0.001">
    </testcase>
    <testcase classname="AccountingAPI endpoints bankTransactions .get(BankTransactionID) matches the expected response" name="AccountingAPI endpoints bankTransactions .get(BankTransactionID) matches the expected response" time="0">
    </testcase>
    <testcase classname="AccountingAPI endpoints bankTransactions .get(order) calls the banktransactions?order=something endpoint" name="AccountingAPI endpoints bankTransactions .get(order) calls the banktransactions?order=something endpoint" time="0">
    </testcase>
    <testcase classname="AccountingAPI endpoints bankTransactions .get(order) calls the get verb" name="AccountingAPI endpoints bankTransactions .get(order) calls the get verb" time="0.001">
    </testcase>
    <testcase classname="AccountingAPI endpoints bankTransactions .get(order) requested with expected body" name="AccountingAPI endpoints bankTransactions .get(order) requested with expected body" time="0">
    </testcase>
    <testcase classname="AccountingAPI endpoints bankTransactions .get(order) matches the expected response" name="AccountingAPI endpoints bankTransactions .get(order) matches the expected response" time="0">
    </testcase>
    <testcase classname="AccountingAPI endpoints bankTransactions .get(where,createdByMyApp) calls the banktransactions?where=Type%3D%3D%22ACCPAY%22&amp;createdByMyApp=true endpoint" name="AccountingAPI endpoints bankTransactions .get(where,createdByMyApp) calls the banktransactions?where=Type%3D%3D%22ACCPAY%22&amp;createdByMyApp=true endpoint" time="0">
    </testcase>
    <testcase classname="AccountingAPI endpoints bankTransactions .get(where,createdByMyApp) calls the get verb" name="AccountingAPI endpoints bankTransactions .get(where,createdByMyApp) calls the get verb" time="0">
    </testcase>
    <testcase classname="AccountingAPI endpoints bankTransactions .get(where,createdByMyApp) requested with expected body" name="AccountingAPI endpoints bankTransactions .get(where,createdByMyApp) requested with expected body" time="0">
    </testcase>
    <testcase classname="AccountingAPI endpoints bankTransactions .get(where,createdByMyApp) matches the expected response" name="AccountingAPI endpoints bankTransactions .get(where,createdByMyApp) matches the expected response" time="0.001">
    </testcase>
    <testcase classname="AccountingAPI endpoints bankTransactions .get(page,If-Modified-Since) calls the banktransactions?page=3 endpoint" name="AccountingAPI endpoints bankTransactions .get(page,If-Modified-Since) calls the banktransactions?page=3 endpoint" time="0">
    </testcase>
    <testcase classname="AccountingAPI endpoints bankTransactions .get(page,If-Modified-Since) calls the get verb" name="AccountingAPI endpoints bankTransactions .get(page,If-Modified-Since) calls the get verb" time="0.001">
    </testcase>
    <testcase classname="AccountingAPI endpoints bankTransactions .get(page,If-Modified-Since) requested with expected body" name="AccountingAPI endpoints bankTransactions .get(page,If-Modified-Since) requested with expected body" time="0.001">
    </testcase>
    <testcase classname="AccountingAPI endpoints bankTransactions .get(page,If-Modified-Since) matches the expected response" name="AccountingAPI endpoints bankTransactions .get(page,If-Modified-Since) matches the expected response" time="0">
    </testcase>
    <testcase classname="AccountingAPI endpoints bankTransactions .get(page,unitdp) calls the banktransactions?page=3&amp;unitdp=4 endpoint" name="AccountingAPI endpoints bankTransactions .get(page,unitdp) calls the banktransactions?page=3&amp;unitdp=4 endpoint" time="0.001">
    </testcase>
    <testcase classname="AccountingAPI endpoints bankTransactions .get(page,unitdp) calls the get verb" name="AccountingAPI endpoints bankTransactions .get(page,unitdp) calls the get verb" time="0">
    </testcase>
    <testcase classname="AccountingAPI endpoints bankTransactions .get(page,unitdp) requested with expected body" name="AccountingAPI endpoints bankTransactions .get(page,unitdp) requested with expected body" time="0">
    </testcase>
    <testcase classname="AccountingAPI endpoints bankTransactions .get(page,unitdp) matches the expected response" name="AccountingAPI endpoints bankTransactions .get(page,unitdp) matches the expected response" time="0">
    </testcase>
    <testcase classname="AccountingAPI endpoints bankTransactions .create() calls the banktransactions?summarizeErrors=false endpoint" name="AccountingAPI endpoints bankTransactions .create() calls the banktransactions?summarizeErrors=false endpoint" time="0">
    </testcase>
    <testcase classname="AccountingAPI endpoints bankTransactions .create() calls the put verb" name="AccountingAPI endpoints bankTransactions .create() calls the put verb" time="0">
    </testcase>
    <testcase classname="AccountingAPI endpoints bankTransactions .create() requested with expected body" name="AccountingAPI endpoints bankTransactions .create() requested with expected body" time="0">
    </testcase>
    <testcase classname="AccountingAPI endpoints bankTransactions .create() matches the expected response" name="AccountingAPI endpoints bankTransactions .create() matches the expected response" time="0">
    </testcase>
    <testcase classname="AccountingAPI endpoints bankTransactions .update() calls the banktransactions?summarizeErrors=false endpoint" name="AccountingAPI endpoints bankTransactions .update() calls the banktransactions?summarizeErrors=false endpoint" time="0.001">
    </testcase>
    <testcase classname="AccountingAPI endpoints bankTransactions .update() calls the post verb" name="AccountingAPI endpoints bankTransactions .update() calls the post verb" time="0">
    </testcase>
    <testcase classname="AccountingAPI endpoints bankTransactions .update() requested with expected body" name="AccountingAPI endpoints bankTransactions .update() requested with expected body" time="0">
    </testcase>
    <testcase classname="AccountingAPI endpoints bankTransactions .update() matches the expected response" name="AccountingAPI endpoints bankTransactions .update() matches the expected response" time="0">
    </testcase>
    <testcase classname="AccountingAPI endpoints bankTransactions .update(summarizeErrors) calls the banktransactions?summarizeErrors=true endpoint" name="AccountingAPI endpoints bankTransactions .update(summarizeErrors) calls the banktransactions?summarizeErrors=true endpoint" time="0">
    </testcase>
    <testcase classname="AccountingAPI endpoints bankTransactions .update(summarizeErrors) calls the post verb" name="AccountingAPI endpoints bankTransactions .update(summarizeErrors) calls the post verb" time="0">
    </testcase>
    <testcase classname="AccountingAPI endpoints bankTransactions .update(summarizeErrors) requested with expected body" name="AccountingAPI endpoints bankTransactions .update(summarizeErrors) requested with expected body" time="0.001">
    </testcase>
    <testcase classname="AccountingAPI endpoints bankTransactions .update(summarizeErrors) matches the expected response" name="AccountingAPI endpoints bankTransactions .update(summarizeErrors) matches the expected response" time="0">
    </testcase>
    <testcase classname="AccountingAPI endpoints bankTransfers .get() calls the banktransfers endpoint" name="AccountingAPI endpoints bankTransfers .get() calls the banktransfers endpoint" time="0">
    </testcase>
    <testcase classname="AccountingAPI endpoints bankTransfers .get() calls the get verb" name="AccountingAPI endpoints bankTransfers .get() calls the get verb" time="0">
    </testcase>
    <testcase classname="AccountingAPI endpoints bankTransfers .get() requested with expected body" name="AccountingAPI endpoints bankTransfers .get() requested with expected body" time="0">
    </testcase>
    <testcase classname="AccountingAPI endpoints bankTransfers .get() matches the expected response" name="AccountingAPI endpoints bankTransfers .get() matches the expected response" time="0.001">
    </testcase>
    <testcase classname="AccountingAPI endpoints bankTransfers .get(BankTransferID) calls the banktransfers/dcb417fc-0c23-4ba3-bc7f-fbc718e7e663 endpoint" name="AccountingAPI endpoints bankTransfers .get(BankTransferID) calls the banktransfers/dcb417fc-0c23-4ba3-bc7f-fbc718e7e663 endpoint" time="0">
    </testcase>
    <testcase classname="AccountingAPI endpoints bankTransfers .get(BankTransferID) calls the get verb" name="AccountingAPI endpoints bankTransfers .get(BankTransferID) calls the get verb" time="0">
    </testcase>
    <testcase classname="AccountingAPI endpoints bankTransfers .get(BankTransferID) requested with expected body" name="AccountingAPI endpoints bankTransfers .get(BankTransferID) requested with expected body" time="0">
    </testcase>
    <testcase classname="AccountingAPI endpoints bankTransfers .get(BankTransferID) matches the expected response" name="AccountingAPI endpoints bankTransfers .get(BankTransferID) matches the expected response" time="0">
    </testcase>
    <testcase classname="AccountingAPI endpoints bankTransfers .get(where) calls the banktransfers?where=Type%3D%3D%22BANK%22 endpoint" name="AccountingAPI endpoints bankTransfers .get(where) calls the banktransfers?where=Type%3D%3D%22BANK%22 endpoint" time="0">
    </testcase>
    <testcase classname="AccountingAPI endpoints bankTransfers .get(where) calls the get verb" name="AccountingAPI endpoints bankTransfers .get(where) calls the get verb" time="0.001">
    </testcase>
    <testcase classname="AccountingAPI endpoints bankTransfers .get(where) requested with expected body" name="AccountingAPI endpoints bankTransfers .get(where) requested with expected body" time="0">
    </testcase>
    <testcase classname="AccountingAPI endpoints bankTransfers .get(where) matches the expected response" name="AccountingAPI endpoints bankTransfers .get(where) matches the expected response" time="0">
    </testcase>
    <testcase classname="AccountingAPI endpoints bankTransfers .get() calls the banktransfers endpoint" name="AccountingAPI endpoints bankTransfers .get() calls the banktransfers endpoint" time="0">
    </testcase>
    <testcase classname="AccountingAPI endpoints bankTransfers .get() calls the get verb" name="AccountingAPI endpoints bankTransfers .get() calls the get verb" time="0">
    </testcase>
    <testcase classname="AccountingAPI endpoints bankTransfers .get() requested with expected body" name="AccountingAPI endpoints bankTransfers .get() requested with expected body" time="0.001">
    </testcase>
    <testcase classname="AccountingAPI endpoints bankTransfers .get() matches the expected response" name="AccountingAPI endpoints bankTransfers .get() matches the expected response" time="0">
    </testcase>
    <testcase classname="AccountingAPI endpoints bankTransfers .create() calls the banktransfers?summarizeErrors=false endpoint" name="AccountingAPI endpoints bankTransfers .create() calls the banktransfers?summarizeErrors=false endpoint" time="0">
    </testcase>
    <testcase classname="AccountingAPI endpoints bankTransfers .create() calls the put verb" name="AccountingAPI endpoints bankTransfers .create() calls the put verb" time="0">
    </testcase>
    <testcase classname="AccountingAPI endpoints bankTransfers .create() requested with expected body" name="AccountingAPI endpoints bankTransfers .create() requested with expected body" time="0.001">
    </testcase>
    <testcase classname="AccountingAPI endpoints bankTransfers .create() matches the expected response" name="AccountingAPI endpoints bankTransfers .create() matches the expected response" time="0">
    </testcase>
    <testcase classname="AccountingAPI endpoints bankTransfers attachments.get(entityId) calls the banktransfers/dcb417fc-0c23-4ba3-bc7f-fbc718e7e663/attachments endpoint" name="AccountingAPI endpoints bankTransfers attachments.get(entityId) calls the banktransfers/dcb417fc-0c23-4ba3-bc7f-fbc718e7e663/attachments endpoint" time="0">
    </testcase>
    <testcase classname="AccountingAPI endpoints bankTransfers attachments.get(entityId) calls the get verb" name="AccountingAPI endpoints bankTransfers attachments.get(entityId) calls the get verb" time="0">
    </testcase>
    <testcase classname="AccountingAPI endpoints bankTransfers attachments.get(entityId) requested with expected body" name="AccountingAPI endpoints bankTransfers attachments.get(entityId) requested with expected body" time="0">
    </testcase>
    <testcase classname="AccountingAPI endpoints bankTransfers attachments.get(entityId) matches the expected response" name="AccountingAPI endpoints bankTransfers attachments.get(entityId) matches the expected response" time="0.001">
    </testcase>
    <testcase classname="AccountingAPI endpoints brandingThemes .get() calls the brandingthemes endpoint" name="AccountingAPI endpoints brandingThemes .get() calls the brandingthemes endpoint" time="0">
    </testcase>
    <testcase classname="AccountingAPI endpoints brandingThemes .get() calls the get verb" name="AccountingAPI endpoints brandingThemes .get() calls the get verb" time="0">
    </testcase>
    <testcase classname="AccountingAPI endpoints brandingThemes .get() requested with expected body" name="AccountingAPI endpoints brandingThemes .get() requested with expected body" time="0">
    </testcase>
    <testcase classname="AccountingAPI endpoints brandingThemes .get() matches the expected response" name="AccountingAPI endpoints brandingThemes .get() matches the expected response" time="0">
    </testcase>
    <testcase classname="AccountingAPI endpoints brandingThemes .get(BrandingThemeID) calls the brandingthemes/dcb417fc-0c23-4ba3-bc7f-fbc718e7e663 endpoint" name="AccountingAPI endpoints brandingThemes .get(BrandingThemeID) calls the brandingthemes/dcb417fc-0c23-4ba3-bc7f-fbc718e7e663 endpoint" time="0.001">
    </testcase>
    <testcase classname="AccountingAPI endpoints brandingThemes .get(BrandingThemeID) calls the get verb" name="AccountingAPI endpoints brandingThemes .get(BrandingThemeID) calls the get verb" time="0.002">
    </testcase>
    <testcase classname="AccountingAPI endpoints brandingThemes .get(BrandingThemeID) requested with expected body" name="AccountingAPI endpoints brandingThemes .get(BrandingThemeID) requested with expected body" time="0.001">
    </testcase>
    <testcase classname="AccountingAPI endpoints brandingThemes .get(BrandingThemeID) matches the expected response" name="AccountingAPI endpoints brandingThemes .get(BrandingThemeID) matches the expected response" time="0">
    </testcase>
    <testcase classname="AccountingAPI endpoints contactGroups .get() calls the contactgroups endpoint" name="AccountingAPI endpoints contactGroups .get() calls the contactgroups endpoint" time="0">
    </testcase>
    <testcase classname="AccountingAPI endpoints contactGroups .get() calls the get verb" name="AccountingAPI endpoints contactGroups .get() calls the get verb" time="0">
    </testcase>
    <testcase classname="AccountingAPI endpoints contactGroups .get() requested with expected body" name="AccountingAPI endpoints contactGroups .get() requested with expected body" time="0.001">
    </testcase>
    <testcase classname="AccountingAPI endpoints contactGroups .get() matches the expected response" name="AccountingAPI endpoints contactGroups .get() matches the expected response" time="0">
    </testcase>
    <testcase classname="AccountingAPI endpoints contactGroups .get(where) calls the contactgroups?where=Type%3D%3D%22BANK%22 endpoint" name="AccountingAPI endpoints contactGroups .get(where) calls the contactgroups?where=Type%3D%3D%22BANK%22 endpoint" time="0">
    </testcase>
    <testcase classname="AccountingAPI endpoints contactGroups .get(where) calls the get verb" name="AccountingAPI endpoints contactGroups .get(where) calls the get verb" time="0">
    </testcase>
    <testcase classname="AccountingAPI endpoints contactGroups .get(where) requested with expected body" name="AccountingAPI endpoints contactGroups .get(where) requested with expected body" time="0.002">
    </testcase>
    <testcase classname="AccountingAPI endpoints contactGroups .get(where) matches the expected response" name="AccountingAPI endpoints contactGroups .get(where) matches the expected response" time="0">
    </testcase>
    <testcase classname="AccountingAPI endpoints contactGroups .get(order) calls the contactgroups?order=EmailAddress%20DESC endpoint" name="AccountingAPI endpoints contactGroups .get(order) calls the contactgroups?order=EmailAddress%20DESC endpoint" time="0.001">
    </testcase>
    <testcase classname="AccountingAPI endpoints contactGroups .get(order) calls the get verb" name="AccountingAPI endpoints contactGroups .get(order) calls the get verb" time="0.001">
    </testcase>
    <testcase classname="AccountingAPI endpoints contactGroups .get(order) requested with expected body" name="AccountingAPI endpoints contactGroups .get(order) requested with expected body" time="0">
    </testcase>
    <testcase classname="AccountingAPI endpoints contactGroups .get(order) matches the expected response" name="AccountingAPI endpoints contactGroups .get(order) matches the expected response" time="0.001">
    </testcase>
    <testcase classname="AccountingAPI endpoints contactGroups .create() calls the contactgroups?summarizeErrors=false endpoint" name="AccountingAPI endpoints contactGroups .create() calls the contactgroups?summarizeErrors=false endpoint" time="0">
    </testcase>
    <testcase classname="AccountingAPI endpoints contactGroups .create() calls the put verb" name="AccountingAPI endpoints contactGroups .create() calls the put verb" time="0">
    </testcase>
    <testcase classname="AccountingAPI endpoints contactGroups .create() requested with expected body" name="AccountingAPI endpoints contactGroups .create() requested with expected body" time="0">
    </testcase>
    <testcase classname="AccountingAPI endpoints contactGroups .create() matches the expected response" name="AccountingAPI endpoints contactGroups .create() matches the expected response" time="0.001">
    </testcase>
    <testcase classname="AccountingAPI endpoints contactGroups .update(ContactGroupID) calls the contactgroups/dcb417fc-0c23-4ba3-bc7f-fbc718e7e663?summarizeErrors=false endpoint" name="AccountingAPI endpoints contactGroups .update(ContactGroupID) calls the contactgroups/dcb417fc-0c23-4ba3-bc7f-fbc718e7e663?summarizeErrors=false endpoint" time="0">
    </testcase>
    <testcase classname="AccountingAPI endpoints contactGroups .update(ContactGroupID) calls the post verb" name="AccountingAPI endpoints contactGroups .update(ContactGroupID) calls the post verb" time="0">
    </testcase>
    <testcase classname="AccountingAPI endpoints contactGroups .update(ContactGroupID) requested with expected body" name="AccountingAPI endpoints contactGroups .update(ContactGroupID) requested with expected body" time="0">
    </testcase>
    <testcase classname="AccountingAPI endpoints contactGroups .update(ContactGroupID) matches the expected response" name="AccountingAPI endpoints contactGroups .update(ContactGroupID) matches the expected response" time="0">
    </testcase>
    <testcase classname="AccountingAPI endpoints contactGroups .update() calls the contactgroups?summarizeErrors=false endpoint" name="AccountingAPI endpoints contactGroups .update() calls the contactgroups?summarizeErrors=false endpoint" time="0">
    </testcase>
    <testcase classname="AccountingAPI endpoints contactGroups .update() calls the post verb" name="AccountingAPI endpoints contactGroups .update() calls the post verb" time="0">
    </testcase>
    <testcase classname="AccountingAPI endpoints contactGroups .update() requested with expected body" name="AccountingAPI endpoints contactGroups .update() requested with expected body" time="0">
    </testcase>
    <testcase classname="AccountingAPI endpoints contactGroups .update() matches the expected response" name="AccountingAPI endpoints contactGroups .update() matches the expected response" time="0">
    </testcase>
    <testcase classname="AccountingAPI endpoints contactGroups contacts.create(ContactGroupID) calls the contactgroups/dcb417fc-0c23-4ba3-bc7f-fbc718e7e663/contacts?summarizeErrors=false endpoint" name="AccountingAPI endpoints contactGroups contacts.create(ContactGroupID) calls the contactgroups/dcb417fc-0c23-4ba3-bc7f-fbc718e7e663/contacts?summarizeErrors=false endpoint" time="0.001">
    </testcase>
    <testcase classname="AccountingAPI endpoints contactGroups contacts.create(ContactGroupID) calls the put verb" name="AccountingAPI endpoints contactGroups contacts.create(ContactGroupID) calls the put verb" time="0">
    </testcase>
    <testcase classname="AccountingAPI endpoints contactGroups contacts.create(ContactGroupID) requested with expected body" name="AccountingAPI endpoints contactGroups contacts.create(ContactGroupID) requested with expected body" time="0">
    </testcase>
    <testcase classname="AccountingAPI endpoints contactGroups contacts.create(ContactGroupID) matches the expected response" name="AccountingAPI endpoints contactGroups contacts.create(ContactGroupID) matches the expected response" time="0">
    </testcase>
    <testcase classname="AccountingAPI endpoints contactGroups contacts.delete(ContactGroupID,ContactID) calls the contactgroups/dcb417fc-0c23-4ba3-bc7f-fbc718e7e663/contacts/857c9e3f-640a-4df2-99fd-dd0e52a785e7?summarizeErrors=false endpoint" name="AccountingAPI endpoints contactGroups contacts.delete(ContactGroupID,ContactID) calls the contactgroups/dcb417fc-0c23-4ba3-bc7f-fbc718e7e663/contacts/857c9e3f-640a-4df2-99fd-dd0e52a785e7?summarizeErrors=false endpoint" time="0.001">
    </testcase>
    <testcase classname="AccountingAPI endpoints contactGroups contacts.delete(ContactGroupID,ContactID) calls the delete verb" name="AccountingAPI endpoints contactGroups contacts.delete(ContactGroupID,ContactID) calls the delete verb" time="0">
    </testcase>
    <testcase classname="AccountingAPI endpoints contactGroups contacts.delete(ContactGroupID,ContactID) requested with expected body" name="AccountingAPI endpoints contactGroups contacts.delete(ContactGroupID,ContactID) requested with expected body" time="0">
    </testcase>
    <testcase classname="AccountingAPI endpoints contactGroups contacts.delete(ContactGroupID,ContactID) matches the expected response" name="AccountingAPI endpoints contactGroups contacts.delete(ContactGroupID,ContactID) matches the expected response" time="0">
    </testcase>
    <testcase classname="AccountingAPI endpoints contactGroups contacts.delete(ContactGroupID) calls the contactgroups/dcb417fc-0c23-4ba3-bc7f-fbc718e7e663/contacts?summarizeErrors=false endpoint" name="AccountingAPI endpoints contactGroups contacts.delete(ContactGroupID) calls the contactgroups/dcb417fc-0c23-4ba3-bc7f-fbc718e7e663/contacts?summarizeErrors=false endpoint" time="0">
    </testcase>
    <testcase classname="AccountingAPI endpoints contactGroups contacts.delete(ContactGroupID) calls the delete verb" name="AccountingAPI endpoints contactGroups contacts.delete(ContactGroupID) calls the delete verb" time="0.001">
    </testcase>
    <testcase classname="AccountingAPI endpoints contactGroups contacts.delete(ContactGroupID) requested with expected body" name="AccountingAPI endpoints contactGroups contacts.delete(ContactGroupID) requested with expected body" time="0">
    </testcase>
    <testcase classname="AccountingAPI endpoints contactGroups contacts.delete(ContactGroupID) matches the expected response" name="AccountingAPI endpoints contactGroups contacts.delete(ContactGroupID) matches the expected response" time="0">
    </testcase>
    <testcase classname="AccountingAPI endpoints contacts .get() calls the contacts endpoint" name="AccountingAPI endpoints contacts .get() calls the contacts endpoint" time="0">
    </testcase>
    <testcase classname="AccountingAPI endpoints contacts .get() calls the get verb" name="AccountingAPI endpoints contacts .get() calls the get verb" time="0">
    </testcase>
    <testcase classname="AccountingAPI endpoints contacts .get() requested with expected body" name="AccountingAPI endpoints contacts .get() requested with expected body" time="0">
    </testcase>
    <testcase classname="AccountingAPI endpoints contacts .get() matches the expected response" name="AccountingAPI endpoints contacts .get() matches the expected response" time="0.001">
    </testcase>
    <testcase classname="AccountingAPI endpoints contacts .get(ContactID) calls the contacts/dcb417fc-0c23-4ba3-bc7f-fbc718e7e663 endpoint" name="AccountingAPI endpoints contacts .get(ContactID) calls the contacts/dcb417fc-0c23-4ba3-bc7f-fbc718e7e663 endpoint" time="0">
    </testcase>
    <testcase classname="AccountingAPI endpoints contacts .get(ContactID) calls the get verb" name="AccountingAPI endpoints contacts .get(ContactID) calls the get verb" time="0">
    </testcase>
    <testcase classname="AccountingAPI endpoints contacts .get(ContactID) requested with expected body" name="AccountingAPI endpoints contacts .get(ContactID) requested with expected body" time="0">
    </testcase>
    <testcase classname="AccountingAPI endpoints contacts .get(ContactID) matches the expected response" name="AccountingAPI endpoints contacts .get(ContactID) matches the expected response" time="0">
    </testcase>
    <testcase classname="AccountingAPI endpoints contacts .get(IDs) calls the contacts?IDs=dcb417fc-0c23-4ba3-bc7f-fbc718e7e663%2C857c9e3f-640a-4df2-99fd-dd0e52a785e7 endpoint" name="AccountingAPI endpoints contacts .get(IDs) calls the contacts?IDs=dcb417fc-0c23-4ba3-bc7f-fbc718e7e663%2C857c9e3f-640a-4df2-99fd-dd0e52a785e7 endpoint" time="0">
    </testcase>
    <testcase classname="AccountingAPI endpoints contacts .get(IDs) calls the get verb" name="AccountingAPI endpoints contacts .get(IDs) calls the get verb" time="0">
    </testcase>
    <testcase classname="AccountingAPI endpoints contacts .get(IDs) requested with expected body" name="AccountingAPI endpoints contacts .get(IDs) requested with expected body" time="0">
    </testcase>
    <testcase classname="AccountingAPI endpoints contacts .get(IDs) matches the expected response" name="AccountingAPI endpoints contacts .get(IDs) matches the expected response" time="0.001">
    </testcase>
    <testcase classname="AccountingAPI endpoints contacts .get(where) calls the contacts?where=Type%3D%3D%22BANK%22 endpoint" name="AccountingAPI endpoints contacts .get(where) calls the contacts?where=Type%3D%3D%22BANK%22 endpoint" time="0">
    </testcase>
    <testcase classname="AccountingAPI endpoints contacts .get(where) calls the get verb" name="AccountingAPI endpoints contacts .get(where) calls the get verb" time="0">
    </testcase>
    <testcase classname="AccountingAPI endpoints contacts .get(where) requested with expected body" name="AccountingAPI endpoints contacts .get(where) requested with expected body" time="0">
    </testcase>
    <testcase classname="AccountingAPI endpoints contacts .get(where) matches the expected response" name="AccountingAPI endpoints contacts .get(where) matches the expected response" time="0">
    </testcase>
    <testcase classname="AccountingAPI endpoints contacts .get(order) calls the contacts?order=EmailAddress%20DESC endpoint" name="AccountingAPI endpoints contacts .get(order) calls the contacts?order=EmailAddress%20DESC endpoint" time="0">
    </testcase>
    <testcase classname="AccountingAPI endpoints contacts .get(order) calls the get verb" name="AccountingAPI endpoints contacts .get(order) calls the get verb" time="0">
    </testcase>
    <testcase classname="AccountingAPI endpoints contacts .get(order) requested with expected body" name="AccountingAPI endpoints contacts .get(order) requested with expected body" time="0">
    </testcase>
    <testcase classname="AccountingAPI endpoints contacts .get(order) matches the expected response" name="AccountingAPI endpoints contacts .get(order) matches the expected response" time="0">
    </testcase>
    <testcase classname="AccountingAPI endpoints contacts .get(includeArchived) calls the contacts?includeArchived=true endpoint" name="AccountingAPI endpoints contacts .get(includeArchived) calls the contacts?includeArchived=true endpoint" time="0.001">
    </testcase>
    <testcase classname="AccountingAPI endpoints contacts .get(includeArchived) calls the get verb" name="AccountingAPI endpoints contacts .get(includeArchived) calls the get verb" time="0">
    </testcase>
    <testcase classname="AccountingAPI endpoints contacts .get(includeArchived) requested with expected body" name="AccountingAPI endpoints contacts .get(includeArchived) requested with expected body" time="0">
    </testcase>
    <testcase classname="AccountingAPI endpoints contacts .get(includeArchived) matches the expected response" name="AccountingAPI endpoints contacts .get(includeArchived) matches the expected response" time="0">
    </testcase>
    <testcase classname="AccountingAPI endpoints contacts .get(If-Modified-Since) calls the contacts endpoint" name="AccountingAPI endpoints contacts .get(If-Modified-Since) calls the contacts endpoint" time="0">
    </testcase>
    <testcase classname="AccountingAPI endpoints contacts .get(If-Modified-Since) calls the get verb" name="AccountingAPI endpoints contacts .get(If-Modified-Since) calls the get verb" time="0.001">
    </testcase>
    <testcase classname="AccountingAPI endpoints contacts .get(If-Modified-Since) requested with expected body" name="AccountingAPI endpoints contacts .get(If-Modified-Since) requested with expected body" time="0">
    </testcase>
    <testcase classname="AccountingAPI endpoints contacts .get(If-Modified-Since) matches the expected response" name="AccountingAPI endpoints contacts .get(If-Modified-Since) matches the expected response" time="0">
    </testcase>
    <testcase classname="AccountingAPI endpoints contacts .get(where) calls the contacts?where=Type%3D%3D%22BANK%22 endpoint" name="AccountingAPI endpoints contacts .get(where) calls the contacts?where=Type%3D%3D%22BANK%22 endpoint" time="0">
    </testcase>
    <testcase classname="AccountingAPI endpoints contacts .get(where) calls the get verb" name="AccountingAPI endpoints contacts .get(where) calls the get verb" time="0">
    </testcase>
    <testcase classname="AccountingAPI endpoints contacts .get(where) requested with expected body" name="AccountingAPI endpoints contacts .get(where) requested with expected body" time="0.001">
    </testcase>
    <testcase classname="AccountingAPI endpoints contacts .get(where) matches the expected response" name="AccountingAPI endpoints contacts .get(where) matches the expected response" time="0.001">
    </testcase>
    <testcase classname="AccountingAPI endpoints contacts .get(order) calls the contacts?order=EmailAddress%20DESC endpoint" name="AccountingAPI endpoints contacts .get(order) calls the contacts?order=EmailAddress%20DESC endpoint" time="0">
    </testcase>
    <testcase classname="AccountingAPI endpoints contacts .get(order) calls the get verb" name="AccountingAPI endpoints contacts .get(order) calls the get verb" time="0.001">
    </testcase>
    <testcase classname="AccountingAPI endpoints contacts .get(order) requested with expected body" name="AccountingAPI endpoints contacts .get(order) requested with expected body" time="0">
    </testcase>
    <testcase classname="AccountingAPI endpoints contacts .get(order) matches the expected response" name="AccountingAPI endpoints contacts .get(order) matches the expected response" time="0.001">
    </testcase>
    <testcase classname="AccountingAPI endpoints contacts .get(page) calls the contacts?page=2 endpoint" name="AccountingAPI endpoints contacts .get(page) calls the contacts?page=2 endpoint" time="0.001">
    </testcase>
    <testcase classname="AccountingAPI endpoints contacts .get(page) calls the get verb" name="AccountingAPI endpoints contacts .get(page) calls the get verb" time="0">
    </testcase>
    <testcase classname="AccountingAPI endpoints contacts .get(page) requested with expected body" name="AccountingAPI endpoints contacts .get(page) requested with expected body" time="0">
    </testcase>
    <testcase classname="AccountingAPI endpoints contacts .get(page) matches the expected response" name="AccountingAPI endpoints contacts .get(page) matches the expected response" time="0">
    </testcase>
    <testcase classname="AccountingAPI endpoints contacts CISsettings.get(ContactID) calls the contacts/dcb417fc-0c23-4ba3-bc7f-fbc718e7e663/cissettings endpoint" name="AccountingAPI endpoints contacts CISsettings.get(ContactID) calls the contacts/dcb417fc-0c23-4ba3-bc7f-fbc718e7e663/cissettings endpoint" time="0">
    </testcase>
    <testcase classname="AccountingAPI endpoints contacts CISsettings.get(ContactID) calls the get verb" name="AccountingAPI endpoints contacts CISsettings.get(ContactID) calls the get verb" time="0.001">
    </testcase>
    <testcase classname="AccountingAPI endpoints contacts CISsettings.get(ContactID) requested with expected body" name="AccountingAPI endpoints contacts CISsettings.get(ContactID) requested with expected body" time="0">
    </testcase>
    <testcase classname="AccountingAPI endpoints contacts CISsettings.get(ContactID) matches the expected response" name="AccountingAPI endpoints contacts CISsettings.get(ContactID) matches the expected response" time="0">
    </testcase>
    <testcase classname="AccountingAPI endpoints contacts .update(ContactID) calls the contacts/dcb417fc-0c23-4ba3-bc7f-fbc718e7e663?summarizeErrors=false endpoint" name="AccountingAPI endpoints contacts .update(ContactID) calls the contacts/dcb417fc-0c23-4ba3-bc7f-fbc718e7e663?summarizeErrors=false endpoint" time="0">
    </testcase>
    <testcase classname="AccountingAPI endpoints contacts .update(ContactID) calls the post verb" name="AccountingAPI endpoints contacts .update(ContactID) calls the post verb" time="0.001">
    </testcase>
    <testcase classname="AccountingAPI endpoints contacts .update(ContactID) requested with expected body" name="AccountingAPI endpoints contacts .update(ContactID) requested with expected body" time="0">
    </testcase>
    <testcase classname="AccountingAPI endpoints contacts .update(ContactID) matches the expected response" name="AccountingAPI endpoints contacts .update(ContactID) matches the expected response" time="0">
    </testcase>
    <testcase classname="AccountingAPI endpoints contacts .update(summarizeErrors,ContactID) calls the contacts/dcb417fc-0c23-4ba3-bc7f-fbc718e7e663?summarizeErrors=true endpoint" name="AccountingAPI endpoints contacts .update(summarizeErrors,ContactID) calls the contacts/dcb417fc-0c23-4ba3-bc7f-fbc718e7e663?summarizeErrors=true endpoint" time="0">
    </testcase>
    <testcase classname="AccountingAPI endpoints contacts .update(summarizeErrors,ContactID) calls the post verb" name="AccountingAPI endpoints contacts .update(summarizeErrors,ContactID) calls the post verb" time="0">
    </testcase>
    <testcase classname="AccountingAPI endpoints contacts .update(summarizeErrors,ContactID) requested with expected body" name="AccountingAPI endpoints contacts .update(summarizeErrors,ContactID) requested with expected body" time="0">
    </testcase>
    <testcase classname="AccountingAPI endpoints contacts .update(summarizeErrors,ContactID) matches the expected response" name="AccountingAPI endpoints contacts .update(summarizeErrors,ContactID) matches the expected response" time="0">
    </testcase>
    <testcase classname="AccountingAPI endpoints contacts .create() calls the contacts?summarizeErrors=false endpoint" name="AccountingAPI endpoints contacts .create() calls the contacts?summarizeErrors=false endpoint" time="0">
    </testcase>
    <testcase classname="AccountingAPI endpoints contacts .create() calls the put verb" name="AccountingAPI endpoints contacts .create() calls the put verb" time="0">
    </testcase>
    <testcase classname="AccountingAPI endpoints contacts .create() requested with expected body" name="AccountingAPI endpoints contacts .create() requested with expected body" time="0">
    </testcase>
    <testcase classname="AccountingAPI endpoints contacts .create() matches the expected response" name="AccountingAPI endpoints contacts .create() matches the expected response" time="0">
    </testcase>
    <testcase classname="AccountingAPI endpoints contacts .create(summarizeErrors) calls the contacts?summarizeErrors=true endpoint" name="AccountingAPI endpoints contacts .create(summarizeErrors) calls the contacts?summarizeErrors=true endpoint" time="0.001">
    </testcase>
    <testcase classname="AccountingAPI endpoints contacts .create(summarizeErrors) calls the put verb" name="AccountingAPI endpoints contacts .create(summarizeErrors) calls the put verb" time="0">
    </testcase>
    <testcase classname="AccountingAPI endpoints contacts .create(summarizeErrors) requested with expected body" name="AccountingAPI endpoints contacts .create(summarizeErrors) requested with expected body" time="0">
    </testcase>
    <testcase classname="AccountingAPI endpoints contacts .create(summarizeErrors) matches the expected response" name="AccountingAPI endpoints contacts .create(summarizeErrors) matches the expected response" time="0">
    </testcase>
    <testcase classname="AccountingAPI endpoints creditNotes .get() calls the creditnotes endpoint" name="AccountingAPI endpoints creditNotes .get() calls the creditnotes endpoint" time="0">
    </testcase>
    <testcase classname="AccountingAPI endpoints creditNotes .get() calls the get verb" name="AccountingAPI endpoints creditNotes .get() calls the get verb" time="0.001">
    </testcase>
    <testcase classname="AccountingAPI endpoints creditNotes .get() requested with expected body" name="AccountingAPI endpoints creditNotes .get() requested with expected body" time="0">
    </testcase>
    <testcase classname="AccountingAPI endpoints creditNotes .get() matches the expected response" name="AccountingAPI endpoints creditNotes .get() matches the expected response" time="0">
    </testcase>
    <testcase classname="AccountingAPI endpoints creditNotes allocations.create(CreditNoteID) calls the creditnotes/dcb417fc-0c23-4ba3-bc7f-fbc718e7e663/allocations endpoint" name="AccountingAPI endpoints creditNotes allocations.create(CreditNoteID) calls the creditnotes/dcb417fc-0c23-4ba3-bc7f-fbc718e7e663/allocations endpoint" time="0">
    </testcase>
    <testcase classname="AccountingAPI endpoints creditNotes allocations.create(CreditNoteID) calls the put verb" name="AccountingAPI endpoints creditNotes allocations.create(CreditNoteID) calls the put verb" time="0">
    </testcase>
    <testcase classname="AccountingAPI endpoints creditNotes allocations.create(CreditNoteID) requested with expected body" name="AccountingAPI endpoints creditNotes allocations.create(CreditNoteID) requested with expected body" time="0.001">
    </testcase>
    <testcase classname="AccountingAPI endpoints creditNotes allocations.create(CreditNoteID) matches the expected response" name="AccountingAPI endpoints creditNotes allocations.create(CreditNoteID) matches the expected response" time="0">
    </testcase>
    <testcase classname="AccountingAPI endpoints creditNotes .get(CreditNoteNumber) calls the creditnotes/CRE-123 endpoint" name="AccountingAPI endpoints creditNotes .get(CreditNoteNumber) calls the creditnotes/CRE-123 endpoint" time="0">
    </testcase>
    <testcase classname="AccountingAPI endpoints creditNotes .get(CreditNoteNumber) calls the get verb" name="AccountingAPI endpoints creditNotes .get(CreditNoteNumber) calls the get verb" time="0">
    </testcase>
    <testcase classname="AccountingAPI endpoints creditNotes .get(CreditNoteNumber) requested with expected body" name="AccountingAPI endpoints creditNotes .get(CreditNoteNumber) requested with expected body" time="0">
    </testcase>
    <testcase classname="AccountingAPI endpoints creditNotes .get(CreditNoteNumber) matches the expected response" name="AccountingAPI endpoints creditNotes .get(CreditNoteNumber) matches the expected response" time="0.001">
    </testcase>
    <testcase classname="AccountingAPI endpoints creditNotes .get(page) calls the creditnotes?page=3 endpoint" name="AccountingAPI endpoints creditNotes .get(page) calls the creditnotes?page=3 endpoint" time="0">
    </testcase>
    <testcase classname="AccountingAPI endpoints creditNotes .get(page) calls the get verb" name="AccountingAPI endpoints creditNotes .get(page) calls the get verb" time="0">
    </testcase>
    <testcase classname="AccountingAPI endpoints creditNotes .get(page) requested with expected body" name="AccountingAPI endpoints creditNotes .get(page) requested with expected body" time="0">
    </testcase>
    <testcase classname="AccountingAPI endpoints creditNotes .get(page) matches the expected response" name="AccountingAPI endpoints creditNotes .get(page) matches the expected response" time="0">
    </testcase>
    <testcase classname="AccountingAPI endpoints creditNotes .get(order) calls the creditnotes?order=something endpoint" name="AccountingAPI endpoints creditNotes .get(order) calls the creditnotes?order=something endpoint" time="0.001">
    </testcase>
    <testcase classname="AccountingAPI endpoints creditNotes .get(order) calls the get verb" name="AccountingAPI endpoints creditNotes .get(order) calls the get verb" time="0">
    </testcase>
    <testcase classname="AccountingAPI endpoints creditNotes .get(order) requested with expected body" name="AccountingAPI endpoints creditNotes .get(order) requested with expected body" time="0">
    </testcase>
    <testcase classname="AccountingAPI endpoints creditNotes .get(order) matches the expected response" name="AccountingAPI endpoints creditNotes .get(order) matches the expected response" time="0">
    </testcase>
    <testcase classname="AccountingAPI endpoints creditNotes .get(where,createdByMyApp) calls the creditnotes?where=Type%3D%3D%22ACCPAY%22&amp;createdByMyApp=true endpoint" name="AccountingAPI endpoints creditNotes .get(where,createdByMyApp) calls the creditnotes?where=Type%3D%3D%22ACCPAY%22&amp;createdByMyApp=true endpoint" time="0.001">
    </testcase>
    <testcase classname="AccountingAPI endpoints creditNotes .get(where,createdByMyApp) calls the get verb" name="AccountingAPI endpoints creditNotes .get(where,createdByMyApp) calls the get verb" time="0">
    </testcase>
    <testcase classname="AccountingAPI endpoints creditNotes .get(where,createdByMyApp) requested with expected body" name="AccountingAPI endpoints creditNotes .get(where,createdByMyApp) requested with expected body" time="0">
    </testcase>
    <testcase classname="AccountingAPI endpoints creditNotes .get(where,createdByMyApp) matches the expected response" name="AccountingAPI endpoints creditNotes .get(where,createdByMyApp) matches the expected response" time="0">
    </testcase>
    <testcase classname="AccountingAPI endpoints creditNotes .get(page,If-Modified-Since) calls the creditnotes?page=3 endpoint" name="AccountingAPI endpoints creditNotes .get(page,If-Modified-Since) calls the creditnotes?page=3 endpoint" time="0">
    </testcase>
    <testcase classname="AccountingAPI endpoints creditNotes .get(page,If-Modified-Since) calls the get verb" name="AccountingAPI endpoints creditNotes .get(page,If-Modified-Since) calls the get verb" time="0">
    </testcase>
    <testcase classname="AccountingAPI endpoints creditNotes .get(page,If-Modified-Since) requested with expected body" name="AccountingAPI endpoints creditNotes .get(page,If-Modified-Since) requested with expected body" time="0.001">
    </testcase>
    <testcase classname="AccountingAPI endpoints creditNotes .get(page,If-Modified-Since) matches the expected response" name="AccountingAPI endpoints creditNotes .get(page,If-Modified-Since) matches the expected response" time="0">
    </testcase>
    <testcase classname="AccountingAPI endpoints creditNotes .create() calls the creditnotes?summarizeErrors=false endpoint" name="AccountingAPI endpoints creditNotes .create() calls the creditnotes?summarizeErrors=false endpoint" time="0">
    </testcase>
    <testcase classname="AccountingAPI endpoints creditNotes .create() calls the put verb" name="AccountingAPI endpoints creditNotes .create() calls the put verb" time="0">
    </testcase>
    <testcase classname="AccountingAPI endpoints creditNotes .create() requested with expected body" name="AccountingAPI endpoints creditNotes .create() requested with expected body" time="0">
    </testcase>
    <testcase classname="AccountingAPI endpoints creditNotes .create() matches the expected response" name="AccountingAPI endpoints creditNotes .create() matches the expected response" time="0.001">
    </testcase>
    <testcase classname="AccountingAPI endpoints creditNotes .update() calls the creditnotes?summarizeErrors=false endpoint" name="AccountingAPI endpoints creditNotes .update() calls the creditnotes?summarizeErrors=false endpoint" time="0.001">
    </testcase>
    <testcase classname="AccountingAPI endpoints creditNotes .update() calls the post verb" name="AccountingAPI endpoints creditNotes .update() calls the post verb" time="0.001">
    </testcase>
    <testcase classname="AccountingAPI endpoints creditNotes .update() requested with expected body" name="AccountingAPI endpoints creditNotes .update() requested with expected body" time="0">
    </testcase>
    <testcase classname="AccountingAPI endpoints creditNotes .update() matches the expected response" name="AccountingAPI endpoints creditNotes .update() matches the expected response" time="0.001">
    </testcase>
    <testcase classname="AccountingAPI endpoints creditNotes .update(summarizeErrors) calls the creditnotes?summarizeErrors=true endpoint" name="AccountingAPI endpoints creditNotes .update(summarizeErrors) calls the creditnotes?summarizeErrors=true endpoint" time="0.001">
    </testcase>
    <testcase classname="AccountingAPI endpoints creditNotes .update(summarizeErrors) calls the post verb" name="AccountingAPI endpoints creditNotes .update(summarizeErrors) calls the post verb" time="0">
    </testcase>
    <testcase classname="AccountingAPI endpoints creditNotes .update(summarizeErrors) requested with expected body" name="AccountingAPI endpoints creditNotes .update(summarizeErrors) requested with expected body" time="0">
    </testcase>
    <testcase classname="AccountingAPI endpoints creditNotes .update(summarizeErrors) matches the expected response" name="AccountingAPI endpoints creditNotes .update(summarizeErrors) matches the expected response" time="0">
    </testcase>
    <testcase classname="AccountingAPI endpoints currencies .get() calls the currencies endpoint" name="AccountingAPI endpoints currencies .get() calls the currencies endpoint" time="0">
    </testcase>
    <testcase classname="AccountingAPI endpoints currencies .get() calls the get verb" name="AccountingAPI endpoints currencies .get() calls the get verb" time="0">
    </testcase>
    <testcase classname="AccountingAPI endpoints currencies .get() requested with expected body" name="AccountingAPI endpoints currencies .get() requested with expected body" time="0">
    </testcase>
    <testcase classname="AccountingAPI endpoints currencies .get() matches the expected response" name="AccountingAPI endpoints currencies .get() matches the expected response" time="0.001">
    </testcase>
    <testcase classname="AccountingAPI endpoints currencies .get(where) calls the currencies?where=Type%3D%3D%22BANK%22 endpoint" name="AccountingAPI endpoints currencies .get(where) calls the currencies?where=Type%3D%3D%22BANK%22 endpoint" time="0">
    </testcase>
    <testcase classname="AccountingAPI endpoints currencies .get(where) calls the get verb" name="AccountingAPI endpoints currencies .get(where) calls the get verb" time="0.001">
    </testcase>
    <testcase classname="AccountingAPI endpoints currencies .get(where) requested with expected body" name="AccountingAPI endpoints currencies .get(where) requested with expected body" time="0">
    </testcase>
    <testcase classname="AccountingAPI endpoints currencies .get(where) matches the expected response" name="AccountingAPI endpoints currencies .get(where) matches the expected response" time="0">
    </testcase>
    <testcase classname="AccountingAPI endpoints currencies .get(order) calls the currencies?order=EmailAddress%20DESC endpoint" name="AccountingAPI endpoints currencies .get(order) calls the currencies?order=EmailAddress%20DESC endpoint" time="0">
    </testcase>
    <testcase classname="AccountingAPI endpoints currencies .get(order) calls the get verb" name="AccountingAPI endpoints currencies .get(order) calls the get verb" time="0.004">
    </testcase>
    <testcase classname="AccountingAPI endpoints currencies .get(order) requested with expected body" name="AccountingAPI endpoints currencies .get(order) requested with expected body" time="0.001">
    </testcase>
    <testcase classname="AccountingAPI endpoints currencies .get(order) matches the expected response" name="AccountingAPI endpoints currencies .get(order) matches the expected response" time="0">
    </testcase>
    <testcase classname="AccountingAPI endpoints currencies .create() calls the currencies endpoint" name="AccountingAPI endpoints currencies .create() calls the currencies endpoint" time="0">
    </testcase>
    <testcase classname="AccountingAPI endpoints currencies .create() calls the put verb" name="AccountingAPI endpoints currencies .create() calls the put verb" time="0">
    </testcase>
    <testcase classname="AccountingAPI endpoints currencies .create() requested with expected body" name="AccountingAPI endpoints currencies .create() requested with expected body" time="0">
    </testcase>
    <testcase classname="AccountingAPI endpoints currencies .create() matches the expected response" name="AccountingAPI endpoints currencies .create() matches the expected response" time="0.001">
    </testcase>
    <testcase classname="AccountingAPI endpoints employees .get() calls the employees endpoint" name="AccountingAPI endpoints employees .get() calls the employees endpoint" time="0">
    </testcase>
    <testcase classname="AccountingAPI endpoints employees .get() calls the get verb" name="AccountingAPI endpoints employees .get() calls the get verb" time="0">
    </testcase>
    <testcase classname="AccountingAPI endpoints employees .get() requested with expected body" name="AccountingAPI endpoints employees .get() requested with expected body" time="0">
    </testcase>
    <testcase classname="AccountingAPI endpoints employees .get() matches the expected response" name="AccountingAPI endpoints employees .get() matches the expected response" time="0.001">
    </testcase>
    <testcase classname="AccountingAPI endpoints employees .get(EmployeeID) calls the employees/dcb417fc-0c23-4ba3-bc7f-fbc718e7e663 endpoint" name="AccountingAPI endpoints employees .get(EmployeeID) calls the employees/dcb417fc-0c23-4ba3-bc7f-fbc718e7e663 endpoint" time="0">
    </testcase>
    <testcase classname="AccountingAPI endpoints employees .get(EmployeeID) calls the get verb" name="AccountingAPI endpoints employees .get(EmployeeID) calls the get verb" time="0">
    </testcase>
    <testcase classname="AccountingAPI endpoints employees .get(EmployeeID) requested with expected body" name="AccountingAPI endpoints employees .get(EmployeeID) requested with expected body" time="0.001">
    </testcase>
    <testcase classname="AccountingAPI endpoints employees .get(EmployeeID) matches the expected response" name="AccountingAPI endpoints employees .get(EmployeeID) matches the expected response" time="0">
    </testcase>
    <testcase classname="AccountingAPI endpoints employees .get(where) calls the employees?where=Type%3D%3D%22BANK%22 endpoint" name="AccountingAPI endpoints employees .get(where) calls the employees?where=Type%3D%3D%22BANK%22 endpoint" time="0.002">
    </testcase>
    <testcase classname="AccountingAPI endpoints employees .get(where) calls the get verb" name="AccountingAPI endpoints employees .get(where) calls the get verb" time="0.002">
    </testcase>
    <testcase classname="AccountingAPI endpoints employees .get(where) requested with expected body" name="AccountingAPI endpoints employees .get(where) requested with expected body" time="0">
    </testcase>
    <testcase classname="AccountingAPI endpoints employees .get(where) matches the expected response" name="AccountingAPI endpoints employees .get(where) matches the expected response" time="0.001">
    </testcase>
    <testcase classname="AccountingAPI endpoints employees .get(order) calls the employees?order=EmailAddress%20DESC endpoint" name="AccountingAPI endpoints employees .get(order) calls the employees?order=EmailAddress%20DESC endpoint" time="0">
    </testcase>
    <testcase classname="AccountingAPI endpoints employees .get(order) calls the get verb" name="AccountingAPI endpoints employees .get(order) calls the get verb" time="0">
    </testcase>
    <testcase classname="AccountingAPI endpoints employees .get(order) requested with expected body" name="AccountingAPI endpoints employees .get(order) requested with expected body" time="0.001">
    </testcase>
    <testcase classname="AccountingAPI endpoints employees .get(order) matches the expected response" name="AccountingAPI endpoints employees .get(order) matches the expected response" time="0">
    </testcase>
    <testcase classname="AccountingAPI endpoints employees .get(If-Modified-Since) calls the employees endpoint" name="AccountingAPI endpoints employees .get(If-Modified-Since) calls the employees endpoint" time="0">
    </testcase>
    <testcase classname="AccountingAPI endpoints employees .get(If-Modified-Since) calls the get verb" name="AccountingAPI endpoints employees .get(If-Modified-Since) calls the get verb" time="0">
    </testcase>
    <testcase classname="AccountingAPI endpoints employees .get(If-Modified-Since) requested with expected body" name="AccountingAPI endpoints employees .get(If-Modified-Since) requested with expected body" time="0">
    </testcase>
    <testcase classname="AccountingAPI endpoints employees .get(If-Modified-Since) matches the expected response" name="AccountingAPI endpoints employees .get(If-Modified-Since) matches the expected response" time="0">
    </testcase>
    <testcase classname="AccountingAPI endpoints employees .create() calls the employees endpoint" name="AccountingAPI endpoints employees .create() calls the employees endpoint" time="0.001">
    </testcase>
    <testcase classname="AccountingAPI endpoints employees .create() calls the put verb" name="AccountingAPI endpoints employees .create() calls the put verb" time="0">
    </testcase>
    <testcase classname="AccountingAPI endpoints employees .create() requested with expected body" name="AccountingAPI endpoints employees .create() requested with expected body" time="0">
    </testcase>
    <testcase classname="AccountingAPI endpoints employees .create() matches the expected response" name="AccountingAPI endpoints employees .create() matches the expected response" time="0">
    </testcase>
    <testcase classname="AccountingAPI endpoints employees .update() calls the employees endpoint" name="AccountingAPI endpoints employees .update() calls the employees endpoint" time="0.001">
    </testcase>
    <testcase classname="AccountingAPI endpoints employees .update() calls the post verb" name="AccountingAPI endpoints employees .update() calls the post verb" time="0">
    </testcase>
    <testcase classname="AccountingAPI endpoints employees .update() requested with expected body" name="AccountingAPI endpoints employees .update() requested with expected body" time="0.002">
    </testcase>
    <testcase classname="AccountingAPI endpoints employees .update() matches the expected response" name="AccountingAPI endpoints employees .update() matches the expected response" time="0">
    </testcase>
    <testcase classname="AccountingAPI endpoints expenseClaims .get() calls the expenseclaims endpoint" name="AccountingAPI endpoints expenseClaims .get() calls the expenseclaims endpoint" time="0">
    </testcase>
    <testcase classname="AccountingAPI endpoints expenseClaims .get() calls the get verb" name="AccountingAPI endpoints expenseClaims .get() calls the get verb" time="0">
    </testcase>
    <testcase classname="AccountingAPI endpoints expenseClaims .get() requested with expected body" name="AccountingAPI endpoints expenseClaims .get() requested with expected body" time="0">
    </testcase>
    <testcase classname="AccountingAPI endpoints expenseClaims .get() matches the expected response" name="AccountingAPI endpoints expenseClaims .get() matches the expected response" time="0.001">
    </testcase>
    <testcase classname="AccountingAPI endpoints expenseClaims .get(ExpenseClaimID) calls the expenseclaims/dcb417fc-0c23-4ba3-bc7f-fbc718e7e663 endpoint" name="AccountingAPI endpoints expenseClaims .get(ExpenseClaimID) calls the expenseclaims/dcb417fc-0c23-4ba3-bc7f-fbc718e7e663 endpoint" time="0">
    </testcase>
    <testcase classname="AccountingAPI endpoints expenseClaims .get(ExpenseClaimID) calls the get verb" name="AccountingAPI endpoints expenseClaims .get(ExpenseClaimID) calls the get verb" time="0">
    </testcase>
    <testcase classname="AccountingAPI endpoints expenseClaims .get(ExpenseClaimID) requested with expected body" name="AccountingAPI endpoints expenseClaims .get(ExpenseClaimID) requested with expected body" time="0.001">
    </testcase>
    <testcase classname="AccountingAPI endpoints expenseClaims .get(ExpenseClaimID) matches the expected response" name="AccountingAPI endpoints expenseClaims .get(ExpenseClaimID) matches the expected response" time="0">
    </testcase>
    <testcase classname="AccountingAPI endpoints expenseClaims .get(order) calls the expenseclaims?order=Status endpoint" name="AccountingAPI endpoints expenseClaims .get(order) calls the expenseclaims?order=Status endpoint" time="0">
    </testcase>
    <testcase classname="AccountingAPI endpoints expenseClaims .get(order) calls the get verb" name="AccountingAPI endpoints expenseClaims .get(order) calls the get verb" time="0.001">
    </testcase>
    <testcase classname="AccountingAPI endpoints expenseClaims .get(order) requested with expected body" name="AccountingAPI endpoints expenseClaims .get(order) requested with expected body" time="0.001">
    </testcase>
    <testcase classname="AccountingAPI endpoints expenseClaims .get(order) matches the expected response" name="AccountingAPI endpoints expenseClaims .get(order) matches the expected response" time="0.003">
    </testcase>
    <testcase classname="AccountingAPI endpoints expenseClaims .create() calls the expenseclaims?summarizeErrors=false endpoint" name="AccountingAPI endpoints expenseClaims .create() calls the expenseclaims?summarizeErrors=false endpoint" time="0">
    </testcase>
    <testcase classname="AccountingAPI endpoints expenseClaims .create() calls the put verb" name="AccountingAPI endpoints expenseClaims .create() calls the put verb" time="0">
    </testcase>
    <testcase classname="AccountingAPI endpoints expenseClaims .create() requested with expected body" name="AccountingAPI endpoints expenseClaims .create() requested with expected body" time="0">
    </testcase>
    <testcase classname="AccountingAPI endpoints expenseClaims .create() matches the expected response" name="AccountingAPI endpoints expenseClaims .create() matches the expected response" time="0.001">
    </testcase>
    <testcase classname="AccountingAPI endpoints expenseClaims .update() calls the expenseclaims?summarizeErrors=false endpoint" name="AccountingAPI endpoints expenseClaims .update() calls the expenseclaims?summarizeErrors=false endpoint" time="0">
    </testcase>
    <testcase classname="AccountingAPI endpoints expenseClaims .update() calls the post verb" name="AccountingAPI endpoints expenseClaims .update() calls the post verb" time="0">
    </testcase>
    <testcase classname="AccountingAPI endpoints expenseClaims .update() requested with expected body" name="AccountingAPI endpoints expenseClaims .update() requested with expected body" time="0">
    </testcase>
    <testcase classname="AccountingAPI endpoints expenseClaims .update() matches the expected response" name="AccountingAPI endpoints expenseClaims .update() matches the expected response" time="0">
    </testcase>
    <testcase classname="AccountingAPI endpoints expenseClaims .update(ExpenseClaimID) calls the expenseclaims/dcb417fc-0c23-4ba3-bc7f-fbc718e7e663?summarizeErrors=false endpoint" name="AccountingAPI endpoints expenseClaims .update(ExpenseClaimID) calls the expenseclaims/dcb417fc-0c23-4ba3-bc7f-fbc718e7e663?summarizeErrors=false endpoint" time="0">
    </testcase>
    <testcase classname="AccountingAPI endpoints expenseClaims .update(ExpenseClaimID) calls the post verb" name="AccountingAPI endpoints expenseClaims .update(ExpenseClaimID) calls the post verb" time="0">
    </testcase>
    <testcase classname="AccountingAPI endpoints expenseClaims .update(ExpenseClaimID) requested with expected body" name="AccountingAPI endpoints expenseClaims .update(ExpenseClaimID) requested with expected body" time="0">
    </testcase>
    <testcase classname="AccountingAPI endpoints expenseClaims .update(ExpenseClaimID) matches the expected response" name="AccountingAPI endpoints expenseClaims .update(ExpenseClaimID) matches the expected response" time="0">
    </testcase>
    <testcase classname="AccountingAPI endpoints expenseClaims .update(ExpenseClaimID,summarizeErrors) calls the expenseclaims/dcb417fc-0c23-4ba3-bc7f-fbc718e7e663?summarizeErrors=true endpoint" name="AccountingAPI endpoints expenseClaims .update(ExpenseClaimID,summarizeErrors) calls the expenseclaims/dcb417fc-0c23-4ba3-bc7f-fbc718e7e663?summarizeErrors=true endpoint" time="0">
    </testcase>
    <testcase classname="AccountingAPI endpoints expenseClaims .update(ExpenseClaimID,summarizeErrors) calls the post verb" name="AccountingAPI endpoints expenseClaims .update(ExpenseClaimID,summarizeErrors) calls the post verb" time="0">
    </testcase>
    <testcase classname="AccountingAPI endpoints expenseClaims .update(ExpenseClaimID,summarizeErrors) requested with expected body" name="AccountingAPI endpoints expenseClaims .update(ExpenseClaimID,summarizeErrors) requested with expected body" time="0">
    </testcase>
    <testcase classname="AccountingAPI endpoints expenseClaims .update(ExpenseClaimID,summarizeErrors) matches the expected response" name="AccountingAPI endpoints expenseClaims .update(ExpenseClaimID,summarizeErrors) matches the expected response" time="0">
    </testcase>
    <testcase classname="AccountingAPI endpoints invoiceReminders .get() calls the invoicereminders/settings endpoint" name="AccountingAPI endpoints invoiceReminders .get() calls the invoicereminders/settings endpoint" time="0">
    </testcase>
    <testcase classname="AccountingAPI endpoints invoiceReminders .get() calls the get verb" name="AccountingAPI endpoints invoiceReminders .get() calls the get verb" time="0">
    </testcase>
    <testcase classname="AccountingAPI endpoints invoiceReminders .get() requested with expected body" name="AccountingAPI endpoints invoiceReminders .get() requested with expected body" time="0">
    </testcase>
    <testcase classname="AccountingAPI endpoints invoiceReminders .get() matches the expected response" name="AccountingAPI endpoints invoiceReminders .get() matches the expected response" time="0">
    </testcase>
    <testcase classname="AccountingAPI endpoints invoices .get() calls the invoices endpoint" name="AccountingAPI endpoints invoices .get() calls the invoices endpoint" time="0">
    </testcase>
    <testcase classname="AccountingAPI endpoints invoices .get() calls the get verb" name="AccountingAPI endpoints invoices .get() calls the get verb" time="0">
    </testcase>
    <testcase classname="AccountingAPI endpoints invoices .get() requested with expected body" name="AccountingAPI endpoints invoices .get() requested with expected body" time="0">
    </testcase>
    <testcase classname="AccountingAPI endpoints invoices .get() matches the expected response" name="AccountingAPI endpoints invoices .get() matches the expected response" time="0">
    </testcase>
    <testcase classname="AccountingAPI endpoints invoices .get(InvoiceID) calls the invoices/dcb417fc-0c23-4ba3-bc7f-fbc718e7e663 endpoint" name="AccountingAPI endpoints invoices .get(InvoiceID) calls the invoices/dcb417fc-0c23-4ba3-bc7f-fbc718e7e663 endpoint" time="0">
    </testcase>
    <testcase classname="AccountingAPI endpoints invoices .get(InvoiceID) calls the get verb" name="AccountingAPI endpoints invoices .get(InvoiceID) calls the get verb" time="0.001">
    </testcase>
    <testcase classname="AccountingAPI endpoints invoices .get(InvoiceID) requested with expected body" name="AccountingAPI endpoints invoices .get(InvoiceID) requested with expected body" time="0">
    </testcase>
    <testcase classname="AccountingAPI endpoints invoices .get(InvoiceID) matches the expected response" name="AccountingAPI endpoints invoices .get(InvoiceID) matches the expected response" time="0">
    </testcase>
    <testcase classname="AccountingAPI endpoints invoices .get(InvoiceNumber) calls the invoices/INV-123 endpoint" name="AccountingAPI endpoints invoices .get(InvoiceNumber) calls the invoices/INV-123 endpoint" time="0">
    </testcase>
    <testcase classname="AccountingAPI endpoints invoices .get(InvoiceNumber) calls the get verb" name="AccountingAPI endpoints invoices .get(InvoiceNumber) calls the get verb" time="0">
    </testcase>
    <testcase classname="AccountingAPI endpoints invoices .get(InvoiceNumber) requested with expected body" name="AccountingAPI endpoints invoices .get(InvoiceNumber) requested with expected body" time="0">
    </testcase>
    <testcase classname="AccountingAPI endpoints invoices .get(InvoiceNumber) matches the expected response" name="AccountingAPI endpoints invoices .get(InvoiceNumber) matches the expected response" time="0">
    </testcase>
    <testcase classname="AccountingAPI endpoints invoices .get(InvoiceID,createdByMyApp) calls the invoices/dcb417fc-0c23-4ba3-bc7f-fbc718e7e663?createdByMyApp=true endpoint" name="AccountingAPI endpoints invoices .get(InvoiceID,createdByMyApp) calls the invoices/dcb417fc-0c23-4ba3-bc7f-fbc718e7e663?createdByMyApp=true endpoint" time="0">
    </testcase>
    <testcase classname="AccountingAPI endpoints invoices .get(InvoiceID,createdByMyApp) calls the get verb" name="AccountingAPI endpoints invoices .get(InvoiceID,createdByMyApp) calls the get verb" time="0">
    </testcase>
    <testcase classname="AccountingAPI endpoints invoices .get(InvoiceID,createdByMyApp) requested with expected body" name="AccountingAPI endpoints invoices .get(InvoiceID,createdByMyApp) requested with expected body" time="0">
    </testcase>
    <testcase classname="AccountingAPI endpoints invoices .get(InvoiceID,createdByMyApp) matches the expected response" name="AccountingAPI endpoints invoices .get(InvoiceID,createdByMyApp) matches the expected response" time="0">
    </testcase>
    <testcase classname="AccountingAPI endpoints invoices .get(where) calls the invoices?where=Type%3D%3D%22ACCPAY%22 endpoint" name="AccountingAPI endpoints invoices .get(where) calls the invoices?where=Type%3D%3D%22ACCPAY%22 endpoint" time="0.001">
    </testcase>
    <testcase classname="AccountingAPI endpoints invoices .get(where) calls the get verb" name="AccountingAPI endpoints invoices .get(where) calls the get verb" time="0">
    </testcase>
    <testcase classname="AccountingAPI endpoints invoices .get(where) requested with expected body" name="AccountingAPI endpoints invoices .get(where) requested with expected body" time="0">
    </testcase>
    <testcase classname="AccountingAPI endpoints invoices .get(where) matches the expected response" name="AccountingAPI endpoints invoices .get(where) matches the expected response" time="0">
    </testcase>
    <testcase classname="AccountingAPI endpoints invoices .get(where,createdByMyApp) calls the invoices?where=Type%3D%3D%22ACCPAY%22&amp;createdByMyApp=true endpoint" name="AccountingAPI endpoints invoices .get(where,createdByMyApp) calls the invoices?where=Type%3D%3D%22ACCPAY%22&amp;createdByMyApp=true endpoint" time="0">
    </testcase>
    <testcase classname="AccountingAPI endpoints invoices .get(where,createdByMyApp) calls the get verb" name="AccountingAPI endpoints invoices .get(where,createdByMyApp) calls the get verb" time="0">
    </testcase>
    <testcase classname="AccountingAPI endpoints invoices .get(where,createdByMyApp) requested with expected body" name="AccountingAPI endpoints invoices .get(where,createdByMyApp) requested with expected body" time="0">
    </testcase>
    <testcase classname="AccountingAPI endpoints invoices .get(where,createdByMyApp) matches the expected response" name="AccountingAPI endpoints invoices .get(where,createdByMyApp) matches the expected response" time="0.001">
    </testcase>
    <testcase classname="AccountingAPI endpoints invoices .get(Statuses) calls the invoices?Statuses=DRAFT%2CSUBMITTED endpoint" name="AccountingAPI endpoints invoices .get(Statuses) calls the invoices?Statuses=DRAFT%2CSUBMITTED endpoint" time="0">
    </testcase>
    <testcase classname="AccountingAPI endpoints invoices .get(Statuses) calls the get verb" name="AccountingAPI endpoints invoices .get(Statuses) calls the get verb" time="0.001">
    </testcase>
    <testcase classname="AccountingAPI endpoints invoices .get(Statuses) requested with expected body" name="AccountingAPI endpoints invoices .get(Statuses) requested with expected body" time="0">
    </testcase>
    <testcase classname="AccountingAPI endpoints invoices .get(Statuses) matches the expected response" name="AccountingAPI endpoints invoices .get(Statuses) matches the expected response" time="0">
    </testcase>
    <testcase classname="AccountingAPI endpoints invoices .get(order) calls the invoices?order=something endpoint" name="AccountingAPI endpoints invoices .get(order) calls the invoices?order=something endpoint" time="0">
    </testcase>
    <testcase classname="AccountingAPI endpoints invoices .get(order) calls the get verb" name="AccountingAPI endpoints invoices .get(order) calls the get verb" time="0">
    </testcase>
    <testcase classname="AccountingAPI endpoints invoices .get(order) requested with expected body" name="AccountingAPI endpoints invoices .get(order) requested with expected body" time="0">
    </testcase>
    <testcase classname="AccountingAPI endpoints invoices .get(order) matches the expected response" name="AccountingAPI endpoints invoices .get(order) matches the expected response" time="0">
    </testcase>
    <testcase classname="AccountingAPI endpoints invoices .get(page) calls the invoices?page=3 endpoint" name="AccountingAPI endpoints invoices .get(page) calls the invoices?page=3 endpoint" time="0">
    </testcase>
    <testcase classname="AccountingAPI endpoints invoices .get(page) calls the get verb" name="AccountingAPI endpoints invoices .get(page) calls the get verb" time="0">
    </testcase>
    <testcase classname="AccountingAPI endpoints invoices .get(page) requested with expected body" name="AccountingAPI endpoints invoices .get(page) requested with expected body" time="0">
    </testcase>
    <testcase classname="AccountingAPI endpoints invoices .get(page) matches the expected response" name="AccountingAPI endpoints invoices .get(page) matches the expected response" time="0">
    </testcase>
    <testcase classname="AccountingAPI endpoints invoices .get(page,If-Modified-Since) calls the invoices?page=3 endpoint" name="AccountingAPI endpoints invoices .get(page,If-Modified-Since) calls the invoices?page=3 endpoint" time="0">
    </testcase>
    <testcase classname="AccountingAPI endpoints invoices .get(page,If-Modified-Since) calls the get verb" name="AccountingAPI endpoints invoices .get(page,If-Modified-Since) calls the get verb" time="0">
    </testcase>
    <testcase classname="AccountingAPI endpoints invoices .get(page,If-Modified-Since) requested with expected body" name="AccountingAPI endpoints invoices .get(page,If-Modified-Since) requested with expected body" time="0">
    </testcase>
    <testcase classname="AccountingAPI endpoints invoices .get(page,If-Modified-Since) matches the expected response" name="AccountingAPI endpoints invoices .get(page,If-Modified-Since) matches the expected response" time="0">
    </testcase>
    <testcase classname="AccountingAPI endpoints invoices .get(createdByMyApp,where,page,Statuses) calls the invoices?createdByMyApp=true&amp;where=Type%3D%3D%22ACCREC%22&amp;page=5&amp;Statuses=DELETED endpoint" name="AccountingAPI endpoints invoices .get(createdByMyApp,where,page,Statuses) calls the invoices?createdByMyApp=true&amp;where=Type%3D%3D%22ACCREC%22&amp;page=5&amp;Statuses=DELETED endpoint" time="0">
    </testcase>
    <testcase classname="AccountingAPI endpoints invoices .get(createdByMyApp,where,page,Statuses) calls the get verb" name="AccountingAPI endpoints invoices .get(createdByMyApp,where,page,Statuses) calls the get verb" time="0.001">
    </testcase>
    <testcase classname="AccountingAPI endpoints invoices .get(createdByMyApp,where,page,Statuses) requested with expected body" name="AccountingAPI endpoints invoices .get(createdByMyApp,where,page,Statuses) requested with expected body" time="0">
    </testcase>
    <testcase classname="AccountingAPI endpoints invoices .get(createdByMyApp,where,page,Statuses) matches the expected response" name="AccountingAPI endpoints invoices .get(createdByMyApp,where,page,Statuses) matches the expected response" time="0">
    </testcase>
    <testcase classname="AccountingAPI endpoints invoices attachments.get(entityId) calls the invoices/dcb417fc-0c23-4ba3-bc7f-fbc718e7e663/attachments endpoint" name="AccountingAPI endpoints invoices attachments.get(entityId) calls the invoices/dcb417fc-0c23-4ba3-bc7f-fbc718e7e663/attachments endpoint" time="0">
    </testcase>
    <testcase classname="AccountingAPI endpoints invoices attachments.get(entityId) calls the get verb" name="AccountingAPI endpoints invoices attachments.get(entityId) calls the get verb" time="0">
    </testcase>
    <testcase classname="AccountingAPI endpoints invoices attachments.get(entityId) requested with expected body" name="AccountingAPI endpoints invoices attachments.get(entityId) requested with expected body" time="0.001">
    </testcase>
    <testcase classname="AccountingAPI endpoints invoices attachments.get(entityId) matches the expected response" name="AccountingAPI endpoints invoices attachments.get(entityId) matches the expected response" time="0">
    </testcase>
    <testcase classname="AccountingAPI endpoints invoices onlineInvoice.get(InvoiceID) calls the invoices/dcb417fc-0c23-4ba3-bc7f-fbc718e7e663/onlineinvoice endpoint" name="AccountingAPI endpoints invoices onlineInvoice.get(InvoiceID) calls the invoices/dcb417fc-0c23-4ba3-bc7f-fbc718e7e663/onlineinvoice endpoint" time="0">
    </testcase>
    <testcase classname="AccountingAPI endpoints invoices onlineInvoice.get(InvoiceID) calls the get verb" name="AccountingAPI endpoints invoices onlineInvoice.get(InvoiceID) calls the get verb" time="0">
    </testcase>
    <testcase classname="AccountingAPI endpoints invoices onlineInvoice.get(InvoiceID) requested with expected body" name="AccountingAPI endpoints invoices onlineInvoice.get(InvoiceID) requested with expected body" time="0">
    </testcase>
    <testcase classname="AccountingAPI endpoints invoices onlineInvoice.get(InvoiceID) matches the expected response" name="AccountingAPI endpoints invoices onlineInvoice.get(InvoiceID) matches the expected response" time="0.001">
    </testcase>
    <testcase classname="AccountingAPI endpoints invoices .create() calls the invoices?summarizeErrors=false endpoint" name="AccountingAPI endpoints invoices .create() calls the invoices?summarizeErrors=false endpoint" time="0">
    </testcase>
    <testcase classname="AccountingAPI endpoints invoices .create() calls the put verb" name="AccountingAPI endpoints invoices .create() calls the put verb" time="0">
    </testcase>
    <testcase classname="AccountingAPI endpoints invoices .create() requested with expected body" name="AccountingAPI endpoints invoices .create() requested with expected body" time="0">
    </testcase>
    <testcase classname="AccountingAPI endpoints invoices .create() matches the expected response" name="AccountingAPI endpoints invoices .create() matches the expected response" time="0">
    </testcase>
    <testcase classname="AccountingAPI endpoints invoices .update(InvoiceID) calls the invoices/dcb417fc-0c23-4ba3-bc7f-fbc718e7e663?summarizeErrors=false endpoint" name="AccountingAPI endpoints invoices .update(InvoiceID) calls the invoices/dcb417fc-0c23-4ba3-bc7f-fbc718e7e663?summarizeErrors=false endpoint" time="0">
    </testcase>
    <testcase classname="AccountingAPI endpoints invoices .update(InvoiceID) calls the post verb" name="AccountingAPI endpoints invoices .update(InvoiceID) calls the post verb" time="0.001">
    </testcase>
    <testcase classname="AccountingAPI endpoints invoices .update(InvoiceID) requested with expected body" name="AccountingAPI endpoints invoices .update(InvoiceID) requested with expected body" time="0">
    </testcase>
    <testcase classname="AccountingAPI endpoints invoices .update(InvoiceID) matches the expected response" name="AccountingAPI endpoints invoices .update(InvoiceID) matches the expected response" time="0">
    </testcase>
    <testcase classname="AccountingAPI endpoints invoices .update() calls the invoices?summarizeErrors=false endpoint" name="AccountingAPI endpoints invoices .update() calls the invoices?summarizeErrors=false endpoint" time="0">
    </testcase>
    <testcase classname="AccountingAPI endpoints invoices .update() calls the post verb" name="AccountingAPI endpoints invoices .update() calls the post verb" time="0">
    </testcase>
    <testcase classname="AccountingAPI endpoints invoices .update() requested with expected body" name="AccountingAPI endpoints invoices .update() requested with expected body" time="0.001">
    </testcase>
    <testcase classname="AccountingAPI endpoints invoices .update() matches the expected response" name="AccountingAPI endpoints invoices .update() matches the expected response" time="0">
    </testcase>
    <testcase classname="AccountingAPI endpoints invoices .update(InvoiceNumber) calls the invoices/INV-123?summarizeErrors=false endpoint" name="AccountingAPI endpoints invoices .update(InvoiceNumber) calls the invoices/INV-123?summarizeErrors=false endpoint" time="0">
    </testcase>
    <testcase classname="AccountingAPI endpoints invoices .update(InvoiceNumber) calls the post verb" name="AccountingAPI endpoints invoices .update(InvoiceNumber) calls the post verb" time="0.001">
    </testcase>
    <testcase classname="AccountingAPI endpoints invoices .update(InvoiceNumber) requested with expected body" name="AccountingAPI endpoints invoices .update(InvoiceNumber) requested with expected body" time="0">
    </testcase>
    <testcase classname="AccountingAPI endpoints invoices .update(InvoiceNumber) matches the expected response" name="AccountingAPI endpoints invoices .update(InvoiceNumber) matches the expected response" time="0">
    </testcase>
    <testcase classname="AccountingAPI endpoints invoices .update(InvoiceNumber,summarizeErrors) calls the invoices/INV-123?summarizeErrors=true endpoint" name="AccountingAPI endpoints invoices .update(InvoiceNumber,summarizeErrors) calls the invoices/INV-123?summarizeErrors=true endpoint" time="0">
    </testcase>
    <testcase classname="AccountingAPI endpoints invoices .update(InvoiceNumber,summarizeErrors) calls the post verb" name="AccountingAPI endpoints invoices .update(InvoiceNumber,summarizeErrors) calls the post verb" time="0.001">
    </testcase>
    <testcase classname="AccountingAPI endpoints invoices .update(InvoiceNumber,summarizeErrors) requested with expected body" name="AccountingAPI endpoints invoices .update(InvoiceNumber,summarizeErrors) requested with expected body" time="0">
    </testcase>
    <testcase classname="AccountingAPI endpoints invoices .update(InvoiceNumber,summarizeErrors) matches the expected response" name="AccountingAPI endpoints invoices .update(InvoiceNumber,summarizeErrors) matches the expected response" time="0">
    </testcase>
    <testcase classname="AccountingAPI endpoints invoices .update(summarizeErrors,InvoiceNumber) calls the invoices/INV-123?summarizeErrors=true endpoint" name="AccountingAPI endpoints invoices .update(summarizeErrors,InvoiceNumber) calls the invoices/INV-123?summarizeErrors=true endpoint" time="0">
    </testcase>
    <testcase classname="AccountingAPI endpoints invoices .update(summarizeErrors,InvoiceNumber) calls the post verb" name="AccountingAPI endpoints invoices .update(summarizeErrors,InvoiceNumber) calls the post verb" time="0.001">
    </testcase>
    <testcase classname="AccountingAPI endpoints invoices .update(summarizeErrors,InvoiceNumber) requested with expected body" name="AccountingAPI endpoints invoices .update(summarizeErrors,InvoiceNumber) requested with expected body" time="0">
    </testcase>
    <testcase classname="AccountingAPI endpoints invoices .update(summarizeErrors,InvoiceNumber) matches the expected response" name="AccountingAPI endpoints invoices .update(summarizeErrors,InvoiceNumber) matches the expected response" time="0">
    </testcase>
    <testcase classname="AccountingAPI endpoints items .get() calls the items endpoint" name="AccountingAPI endpoints items .get() calls the items endpoint" time="0">
    </testcase>
    <testcase classname="AccountingAPI endpoints items .get() calls the get verb" name="AccountingAPI endpoints items .get() calls the get verb" time="0">
    </testcase>
    <testcase classname="AccountingAPI endpoints items .get() requested with expected body" name="AccountingAPI endpoints items .get() requested with expected body" time="0">
    </testcase>
    <testcase classname="AccountingAPI endpoints items .get() matches the expected response" name="AccountingAPI endpoints items .get() matches the expected response" time="0.001">
    </testcase>
    <testcase classname="AccountingAPI endpoints items .get(ItemID) calls the items/dcb417fc-0c23-4ba3-bc7f-fbc718e7e663 endpoint" name="AccountingAPI endpoints items .get(ItemID) calls the items/dcb417fc-0c23-4ba3-bc7f-fbc718e7e663 endpoint" time="0">
    </testcase>
    <testcase classname="AccountingAPI endpoints items .get(ItemID) calls the get verb" name="AccountingAPI endpoints items .get(ItemID) calls the get verb" time="0.005">
    </testcase>
    <testcase classname="AccountingAPI endpoints items .get(ItemID) requested with expected body" name="AccountingAPI endpoints items .get(ItemID) requested with expected body" time="0">
    </testcase>
    <testcase classname="AccountingAPI endpoints items .get(ItemID) matches the expected response" name="AccountingAPI endpoints items .get(ItemID) matches the expected response" time="0.001">
    </testcase>
    <testcase classname="AccountingAPI endpoints items .get(ItemID,order) calls the items/dcb417fc-0c23-4ba3-bc7f-fbc718e7e663?order=UpdatedDateUTC endpoint" name="AccountingAPI endpoints items .get(ItemID,order) calls the items/dcb417fc-0c23-4ba3-bc7f-fbc718e7e663?order=UpdatedDateUTC endpoint" time="0.001">
    </testcase>
    <testcase classname="AccountingAPI endpoints items .get(ItemID,order) calls the get verb" name="AccountingAPI endpoints items .get(ItemID,order) calls the get verb" time="0">
    </testcase>
    <testcase classname="AccountingAPI endpoints items .get(ItemID,order) requested with expected body" name="AccountingAPI endpoints items .get(ItemID,order) requested with expected body" time="0.001">
    </testcase>
    <testcase classname="AccountingAPI endpoints items .get(ItemID,order) matches the expected response" name="AccountingAPI endpoints items .get(ItemID,order) matches the expected response" time="0">
    </testcase>
    <testcase classname="AccountingAPI endpoints items .create() calls the items?summarizeErrors=false endpoint" name="AccountingAPI endpoints items .create() calls the items?summarizeErrors=false endpoint" time="0">
    </testcase>
    <testcase classname="AccountingAPI endpoints items .create() calls the put verb" name="AccountingAPI endpoints items .create() calls the put verb" time="0.001">
    </testcase>
    <testcase classname="AccountingAPI endpoints items .create() requested with expected body" name="AccountingAPI endpoints items .create() requested with expected body" time="0">
    </testcase>
    <testcase classname="AccountingAPI endpoints items .create() matches the expected response" name="AccountingAPI endpoints items .create() matches the expected response" time="0">
    </testcase>
    <testcase classname="AccountingAPI endpoints items .update() calls the items?summarizeErrors=false endpoint" name="AccountingAPI endpoints items .update() calls the items?summarizeErrors=false endpoint" time="0">
    </testcase>
    <testcase classname="AccountingAPI endpoints items .update() calls the post verb" name="AccountingAPI endpoints items .update() calls the post verb" time="0">
    </testcase>
    <testcase classname="AccountingAPI endpoints items .update() requested with expected body" name="AccountingAPI endpoints items .update() requested with expected body" time="0">
    </testcase>
    <testcase classname="AccountingAPI endpoints items .update() matches the expected response" name="AccountingAPI endpoints items .update() matches the expected response" time="0">
    </testcase>
    <testcase classname="AccountingAPI endpoints items .update(ItemID,summarizeErrors) calls the items/dcb417fc-0c23-4ba3-bc7f-fbc718e7e663?summarizeErrors=true endpoint" name="AccountingAPI endpoints items .update(ItemID,summarizeErrors) calls the items/dcb417fc-0c23-4ba3-bc7f-fbc718e7e663?summarizeErrors=true endpoint" time="0">
    </testcase>
    <testcase classname="AccountingAPI endpoints items .update(ItemID,summarizeErrors) calls the post verb" name="AccountingAPI endpoints items .update(ItemID,summarizeErrors) calls the post verb" time="0">
    </testcase>
    <testcase classname="AccountingAPI endpoints items .update(ItemID,summarizeErrors) requested with expected body" name="AccountingAPI endpoints items .update(ItemID,summarizeErrors) requested with expected body" time="0">
    </testcase>
    <testcase classname="AccountingAPI endpoints items .update(ItemID,summarizeErrors) matches the expected response" name="AccountingAPI endpoints items .update(ItemID,summarizeErrors) matches the expected response" time="0">
    </testcase>
    <testcase classname="AccountingAPI endpoints journals .get() calls the journals endpoint" name="AccountingAPI endpoints journals .get() calls the journals endpoint" time="0">
    </testcase>
    <testcase classname="AccountingAPI endpoints journals .get() calls the get verb" name="AccountingAPI endpoints journals .get() calls the get verb" time="0.001">
    </testcase>
    <testcase classname="AccountingAPI endpoints journals .get() requested with expected body" name="AccountingAPI endpoints journals .get() requested with expected body" time="0">
    </testcase>
    <testcase classname="AccountingAPI endpoints journals .get() matches the expected response" name="AccountingAPI endpoints journals .get() matches the expected response" time="0">
    </testcase>
    <testcase classname="AccountingAPI endpoints journals .get(Recordfilter) calls the journals/dcb417fc-0c23-4ba3-bc7f-fbc718e7e663 endpoint" name="AccountingAPI endpoints journals .get(Recordfilter) calls the journals/dcb417fc-0c23-4ba3-bc7f-fbc718e7e663 endpoint" time="0">
    </testcase>
    <testcase classname="AccountingAPI endpoints journals .get(Recordfilter) calls the get verb" name="AccountingAPI endpoints journals .get(Recordfilter) calls the get verb" time="0">
    </testcase>
    <testcase classname="AccountingAPI endpoints journals .get(Recordfilter) requested with expected body" name="AccountingAPI endpoints journals .get(Recordfilter) requested with expected body" time="0.001">
    </testcase>
    <testcase classname="AccountingAPI endpoints journals .get(Recordfilter) matches the expected response" name="AccountingAPI endpoints journals .get(Recordfilter) matches the expected response" time="0">
    </testcase>
    <testcase classname="AccountingAPI endpoints journals .get(offset) calls the journals?offset=2 endpoint" name="AccountingAPI endpoints journals .get(offset) calls the journals?offset=2 endpoint" time="0">
    </testcase>
    <testcase classname="AccountingAPI endpoints journals .get(offset) calls the get verb" name="AccountingAPI endpoints journals .get(offset) calls the get verb" time="0">
    </testcase>
    <testcase classname="AccountingAPI endpoints journals .get(offset) requested with expected body" name="AccountingAPI endpoints journals .get(offset) requested with expected body" time="0">
    </testcase>
    <testcase classname="AccountingAPI endpoints journals .get(offset) matches the expected response" name="AccountingAPI endpoints journals .get(offset) matches the expected response" time="0.001">
    </testcase>
    <testcase classname="AccountingAPI endpoints journals .get(paymentsOnly) calls the journals?paymentsOnly=true endpoint" name="AccountingAPI endpoints journals .get(paymentsOnly) calls the journals?paymentsOnly=true endpoint" time="0">
    </testcase>
    <testcase classname="AccountingAPI endpoints journals .get(paymentsOnly) calls the get verb" name="AccountingAPI endpoints journals .get(paymentsOnly) calls the get verb" time="0">
    </testcase>
    <testcase classname="AccountingAPI endpoints journals .get(paymentsOnly) requested with expected body" name="AccountingAPI endpoints journals .get(paymentsOnly) requested with expected body" time="0">
    </testcase>
    <testcase classname="AccountingAPI endpoints journals .get(paymentsOnly) matches the expected response" name="AccountingAPI endpoints journals .get(paymentsOnly) matches the expected response" time="0">
    </testcase>
    <testcase classname="AccountingAPI endpoints journals .get(If-Modified-Since) calls the journals endpoint" name="AccountingAPI endpoints journals .get(If-Modified-Since) calls the journals endpoint" time="0">
    </testcase>
    <testcase classname="AccountingAPI endpoints journals .get(If-Modified-Since) calls the get verb" name="AccountingAPI endpoints journals .get(If-Modified-Since) calls the get verb" time="0">
    </testcase>
    <testcase classname="AccountingAPI endpoints journals .get(If-Modified-Since) requested with expected body" name="AccountingAPI endpoints journals .get(If-Modified-Since) requested with expected body" time="0">
    </testcase>
    <testcase classname="AccountingAPI endpoints journals .get(If-Modified-Since) matches the expected response" name="AccountingAPI endpoints journals .get(If-Modified-Since) matches the expected response" time="0">
    </testcase>
    <testcase classname="AccountingAPI endpoints linkedTransactions .get() calls the linkedtransactions endpoint" name="AccountingAPI endpoints linkedTransactions .get() calls the linkedtransactions endpoint" time="0">
    </testcase>
    <testcase classname="AccountingAPI endpoints linkedTransactions .get() calls the get verb" name="AccountingAPI endpoints linkedTransactions .get() calls the get verb" time="0">
    </testcase>
    <testcase classname="AccountingAPI endpoints linkedTransactions .get() requested with expected body" name="AccountingAPI endpoints linkedTransactions .get() requested with expected body" time="0">
    </testcase>
    <testcase classname="AccountingAPI endpoints linkedTransactions .get() matches the expected response" name="AccountingAPI endpoints linkedTransactions .get() matches the expected response" time="0">
    </testcase>
    <testcase classname="AccountingAPI endpoints linkedTransactions .get(LinkedTransactionID) calls the linkedtransactions/dcb417fc-0c23-4ba3-bc7f-fbc718e7e663 endpoint" name="AccountingAPI endpoints linkedTransactions .get(LinkedTransactionID) calls the linkedtransactions/dcb417fc-0c23-4ba3-bc7f-fbc718e7e663 endpoint" time="0">
    </testcase>
    <testcase classname="AccountingAPI endpoints linkedTransactions .get(LinkedTransactionID) calls the get verb" name="AccountingAPI endpoints linkedTransactions .get(LinkedTransactionID) calls the get verb" time="0">
    </testcase>
    <testcase classname="AccountingAPI endpoints linkedTransactions .get(LinkedTransactionID) requested with expected body" name="AccountingAPI endpoints linkedTransactions .get(LinkedTransactionID) requested with expected body" time="0">
    </testcase>
    <testcase classname="AccountingAPI endpoints linkedTransactions .get(LinkedTransactionID) matches the expected response" name="AccountingAPI endpoints linkedTransactions .get(LinkedTransactionID) matches the expected response" time="0.001">
    </testcase>
    <testcase classname="AccountingAPI endpoints linkedTransactions .get(LinkedTransactionID) calls the linkedtransactions/dcb417fc-0c23-4ba3-bc7f-fbc718e7e663 endpoint" name="AccountingAPI endpoints linkedTransactions .get(LinkedTransactionID) calls the linkedtransactions/dcb417fc-0c23-4ba3-bc7f-fbc718e7e663 endpoint" time="0">
    </testcase>
    <testcase classname="AccountingAPI endpoints linkedTransactions .get(LinkedTransactionID) calls the get verb" name="AccountingAPI endpoints linkedTransactions .get(LinkedTransactionID) calls the get verb" time="0.001">
    </testcase>
    <testcase classname="AccountingAPI endpoints linkedTransactions .get(LinkedTransactionID) requested with expected body" name="AccountingAPI endpoints linkedTransactions .get(LinkedTransactionID) requested with expected body" time="0">
    </testcase>
    <testcase classname="AccountingAPI endpoints linkedTransactions .get(LinkedTransactionID) matches the expected response" name="AccountingAPI endpoints linkedTransactions .get(LinkedTransactionID) matches the expected response" time="0">
    </testcase>
    <testcase classname="AccountingAPI endpoints linkedTransactions .get(page) calls the linkedtransactions?page=3 endpoint" name="AccountingAPI endpoints linkedTransactions .get(page) calls the linkedtransactions?page=3 endpoint" time="0.001">
    </testcase>
    <testcase classname="AccountingAPI endpoints linkedTransactions .get(page) calls the get verb" name="AccountingAPI endpoints linkedTransactions .get(page) calls the get verb" time="0">
    </testcase>
    <testcase classname="AccountingAPI endpoints linkedTransactions .get(page) requested with expected body" name="AccountingAPI endpoints linkedTransactions .get(page) requested with expected body" time="0">
    </testcase>
    <testcase classname="AccountingAPI endpoints linkedTransactions .get(page) matches the expected response" name="AccountingAPI endpoints linkedTransactions .get(page) matches the expected response" time="0">
    </testcase>
    <testcase classname="AccountingAPI endpoints linkedTransactions .get(SourceTransactionID) calls the linkedtransactions?SourceTransactionID=dcb417fc-0c23-4ba3-bc7f-fbc718e7e663 endpoint" name="AccountingAPI endpoints linkedTransactions .get(SourceTransactionID) calls the linkedtransactions?SourceTransactionID=dcb417fc-0c23-4ba3-bc7f-fbc718e7e663 endpoint" time="0">
    </testcase>
    <testcase classname="AccountingAPI endpoints linkedTransactions .get(SourceTransactionID) calls the get verb" name="AccountingAPI endpoints linkedTransactions .get(SourceTransactionID) calls the get verb" time="0.001">
    </testcase>
    <testcase classname="AccountingAPI endpoints linkedTransactions .get(SourceTransactionID) requested with expected body" name="AccountingAPI endpoints linkedTransactions .get(SourceTransactionID) requested with expected body" time="0">
    </testcase>
    <testcase classname="AccountingAPI endpoints linkedTransactions .get(SourceTransactionID) matches the expected response" name="AccountingAPI endpoints linkedTransactions .get(SourceTransactionID) matches the expected response" time="0">
    </testcase>
    <testcase classname="AccountingAPI endpoints linkedTransactions .get(ContactID) calls the linkedtransactions?ContactID=dcb417fc-0c23-4ba3-bc7f-fbc718e7e663 endpoint" name="AccountingAPI endpoints linkedTransactions .get(ContactID) calls the linkedtransactions?ContactID=dcb417fc-0c23-4ba3-bc7f-fbc718e7e663 endpoint" time="0">
    </testcase>
    <testcase classname="AccountingAPI endpoints linkedTransactions .get(ContactID) calls the get verb" name="AccountingAPI endpoints linkedTransactions .get(ContactID) calls the get verb" time="0.001">
    </testcase>
    <testcase classname="AccountingAPI endpoints linkedTransactions .get(ContactID) requested with expected body" name="AccountingAPI endpoints linkedTransactions .get(ContactID) requested with expected body" time="0.001">
    </testcase>
    <testcase classname="AccountingAPI endpoints linkedTransactions .get(ContactID) matches the expected response" name="AccountingAPI endpoints linkedTransactions .get(ContactID) matches the expected response" time="0">
    </testcase>
    <testcase classname="AccountingAPI endpoints linkedTransactions .get(Status) calls the linkedtransactions?Status=dcb417fc-0c23-4ba3-bc7f-fbc718e7e663 endpoint" name="AccountingAPI endpoints linkedTransactions .get(Status) calls the linkedtransactions?Status=dcb417fc-0c23-4ba3-bc7f-fbc718e7e663 endpoint" time="0">
    </testcase>
    <testcase classname="AccountingAPI endpoints linkedTransactions .get(Status) calls the get verb" name="AccountingAPI endpoints linkedTransactions .get(Status) calls the get verb" time="0.001">
    </testcase>
    <testcase classname="AccountingAPI endpoints linkedTransactions .get(Status) requested with expected body" name="AccountingAPI endpoints linkedTransactions .get(Status) requested with expected body" time="0">
    </testcase>
    <testcase classname="AccountingAPI endpoints linkedTransactions .get(Status) matches the expected response" name="AccountingAPI endpoints linkedTransactions .get(Status) matches the expected response" time="0">
    </testcase>
    <testcase classname="AccountingAPI endpoints linkedTransactions .get(TargetTransactionID) calls the linkedtransactions?TargetTransactionID=dcb417fc-0c23-4ba3-bc7f-fbc718e7e663 endpoint" name="AccountingAPI endpoints linkedTransactions .get(TargetTransactionID) calls the linkedtransactions?TargetTransactionID=dcb417fc-0c23-4ba3-bc7f-fbc718e7e663 endpoint" time="0">
    </testcase>
    <testcase classname="AccountingAPI endpoints linkedTransactions .get(TargetTransactionID) calls the get verb" name="AccountingAPI endpoints linkedTransactions .get(TargetTransactionID) calls the get verb" time="0">
    </testcase>
    <testcase classname="AccountingAPI endpoints linkedTransactions .get(TargetTransactionID) requested with expected body" name="AccountingAPI endpoints linkedTransactions .get(TargetTransactionID) requested with expected body" time="0.001">
    </testcase>
    <testcase classname="AccountingAPI endpoints linkedTransactions .get(TargetTransactionID) matches the expected response" name="AccountingAPI endpoints linkedTransactions .get(TargetTransactionID) matches the expected response" time="0">
    </testcase>
    <testcase classname="AccountingAPI endpoints linkedTransactions .get(unitdp) calls the linkedtransactions?unitdp=4 endpoint" name="AccountingAPI endpoints linkedTransactions .get(unitdp) calls the linkedtransactions?unitdp=4 endpoint" time="0">
    </testcase>
    <testcase classname="AccountingAPI endpoints linkedTransactions .get(unitdp) calls the get verb" name="AccountingAPI endpoints linkedTransactions .get(unitdp) calls the get verb" time="0">
    </testcase>
    <testcase classname="AccountingAPI endpoints linkedTransactions .get(unitdp) requested with expected body" name="AccountingAPI endpoints linkedTransactions .get(unitdp) requested with expected body" time="0">
    </testcase>
    <testcase classname="AccountingAPI endpoints linkedTransactions .get(unitdp) matches the expected response" name="AccountingAPI endpoints linkedTransactions .get(unitdp) matches the expected response" time="0">
    </testcase>
    <testcase classname="AccountingAPI endpoints linkedTransactions .create() calls the linkedtransactions?summarizeErrors=false endpoint" name="AccountingAPI endpoints linkedTransactions .create() calls the linkedtransactions?summarizeErrors=false endpoint" time="0">
    </testcase>
    <testcase classname="AccountingAPI endpoints linkedTransactions .create() calls the put verb" name="AccountingAPI endpoints linkedTransactions .create() calls the put verb" time="0">
    </testcase>
    <testcase classname="AccountingAPI endpoints linkedTransactions .create() requested with expected body" name="AccountingAPI endpoints linkedTransactions .create() requested with expected body" time="0">
    </testcase>
    <testcase classname="AccountingAPI endpoints linkedTransactions .create() matches the expected response" name="AccountingAPI endpoints linkedTransactions .create() matches the expected response" time="0">
    </testcase>
    <testcase classname="AccountingAPI endpoints linkedTransactions .update() calls the linkedtransactions?summarizeErrors=false endpoint" name="AccountingAPI endpoints linkedTransactions .update() calls the linkedtransactions?summarizeErrors=false endpoint" time="0">
    </testcase>
    <testcase classname="AccountingAPI endpoints linkedTransactions .update() calls the post verb" name="AccountingAPI endpoints linkedTransactions .update() calls the post verb" time="0">
    </testcase>
    <testcase classname="AccountingAPI endpoints linkedTransactions .update() requested with expected body" name="AccountingAPI endpoints linkedTransactions .update() requested with expected body" time="0">
    </testcase>
    <testcase classname="AccountingAPI endpoints linkedTransactions .update() matches the expected response" name="AccountingAPI endpoints linkedTransactions .update() matches the expected response" time="0">
    </testcase>
    <testcase classname="AccountingAPI endpoints linkedTransactions .update(LinkedTransactionID) calls the linkedtransactions/dcb417fc-0c23-4ba3-bc7f-fbc718e7e663?summarizeErrors=false endpoint" name="AccountingAPI endpoints linkedTransactions .update(LinkedTransactionID) calls the linkedtransactions/dcb417fc-0c23-4ba3-bc7f-fbc718e7e663?summarizeErrors=false endpoint" time="0.001">
    </testcase>
    <testcase classname="AccountingAPI endpoints linkedTransactions .update(LinkedTransactionID) calls the post verb" name="AccountingAPI endpoints linkedTransactions .update(LinkedTransactionID) calls the post verb" time="0">
    </testcase>
    <testcase classname="AccountingAPI endpoints linkedTransactions .update(LinkedTransactionID) requested with expected body" name="AccountingAPI endpoints linkedTransactions .update(LinkedTransactionID) requested with expected body" time="0">
    </testcase>
    <testcase classname="AccountingAPI endpoints linkedTransactions .update(LinkedTransactionID) matches the expected response" name="AccountingAPI endpoints linkedTransactions .update(LinkedTransactionID) matches the expected response" time="0">
    </testcase>
    <testcase classname="AccountingAPI endpoints linkedTransactions .update(summarizeErrors) calls the linkedtransactions?summarizeErrors=true endpoint" name="AccountingAPI endpoints linkedTransactions .update(summarizeErrors) calls the linkedtransactions?summarizeErrors=true endpoint" time="0">
    </testcase>
    <testcase classname="AccountingAPI endpoints linkedTransactions .update(summarizeErrors) calls the post verb" name="AccountingAPI endpoints linkedTransactions .update(summarizeErrors) calls the post verb" time="0.001">
    </testcase>
    <testcase classname="AccountingAPI endpoints linkedTransactions .update(summarizeErrors) requested with expected body" name="AccountingAPI endpoints linkedTransactions .update(summarizeErrors) requested with expected body" time="0">
    </testcase>
    <testcase classname="AccountingAPI endpoints linkedTransactions .update(summarizeErrors) matches the expected response" name="AccountingAPI endpoints linkedTransactions .update(summarizeErrors) matches the expected response" time="0">
    </testcase>
    <testcase classname="AccountingAPI endpoints linkedTransactions .delete(LinkedTransactionID) calls the linkedtransactions/dcb417fc-0c23-4ba3-bc7f-fbc718e7e663 endpoint" name="AccountingAPI endpoints linkedTransactions .delete(LinkedTransactionID) calls the linkedtransactions/dcb417fc-0c23-4ba3-bc7f-fbc718e7e663 endpoint" time="0">
    </testcase>
    <testcase classname="AccountingAPI endpoints linkedTransactions .delete(LinkedTransactionID) calls the delete verb" name="AccountingAPI endpoints linkedTransactions .delete(LinkedTransactionID) calls the delete verb" time="0">
    </testcase>
    <testcase classname="AccountingAPI endpoints linkedTransactions .delete(LinkedTransactionID) requested with expected body" name="AccountingAPI endpoints linkedTransactions .delete(LinkedTransactionID) requested with expected body" time="0">
    </testcase>
    <testcase classname="AccountingAPI endpoints linkedTransactions .delete(LinkedTransactionID) matches the expected response" name="AccountingAPI endpoints linkedTransactions .delete(LinkedTransactionID) matches the expected response" time="0.001">
    </testcase>
    <testcase classname="AccountingAPI endpoints manualJournals .get() calls the manualjournals endpoint" name="AccountingAPI endpoints manualJournals .get() calls the manualjournals endpoint" time="0">
    </testcase>
    <testcase classname="AccountingAPI endpoints manualJournals .get() calls the get verb" name="AccountingAPI endpoints manualJournals .get() calls the get verb" time="0">
    </testcase>
    <testcase classname="AccountingAPI endpoints manualJournals .get() requested with expected body" name="AccountingAPI endpoints manualJournals .get() requested with expected body" time="0">
    </testcase>
    <testcase classname="AccountingAPI endpoints manualJournals .get() matches the expected response" name="AccountingAPI endpoints manualJournals .get() matches the expected response" time="0.001">
    </testcase>
    <testcase classname="AccountingAPI endpoints manualJournals .get(ManualJournalID) calls the manualjournals/dcb417fc-0c23-4ba3-bc7f-fbc718e7e663 endpoint" name="AccountingAPI endpoints manualJournals .get(ManualJournalID) calls the manualjournals/dcb417fc-0c23-4ba3-bc7f-fbc718e7e663 endpoint" time="0">
    </testcase>
    <testcase classname="AccountingAPI endpoints manualJournals .get(ManualJournalID) calls the get verb" name="AccountingAPI endpoints manualJournals .get(ManualJournalID) calls the get verb" time="0">
    </testcase>
    <testcase classname="AccountingAPI endpoints manualJournals .get(ManualJournalID) requested with expected body" name="AccountingAPI endpoints manualJournals .get(ManualJournalID) requested with expected body" time="0">
    </testcase>
    <testcase classname="AccountingAPI endpoints manualJournals .get(ManualJournalID) matches the expected response" name="AccountingAPI endpoints manualJournals .get(ManualJournalID) matches the expected response" time="0">
    </testcase>
    <testcase classname="AccountingAPI endpoints manualJournals .get(ManualJournalID,order) calls the manualjournals/dcb417fc-0c23-4ba3-bc7f-fbc718e7e663?order=UpdatedDateUTC endpoint" name="AccountingAPI endpoints manualJournals .get(ManualJournalID,order) calls the manualjournals/dcb417fc-0c23-4ba3-bc7f-fbc718e7e663?order=UpdatedDateUTC endpoint" time="0">
    </testcase>
    <testcase classname="AccountingAPI endpoints manualJournals .get(ManualJournalID,order) calls the get verb" name="AccountingAPI endpoints manualJournals .get(ManualJournalID,order) calls the get verb" time="0">
    </testcase>
    <testcase classname="AccountingAPI endpoints manualJournals .get(ManualJournalID,order) requested with expected body" name="AccountingAPI endpoints manualJournals .get(ManualJournalID,order) requested with expected body" time="0">
    </testcase>
    <testcase classname="AccountingAPI endpoints manualJournals .get(ManualJournalID,order) matches the expected response" name="AccountingAPI endpoints manualJournals .get(ManualJournalID,order) matches the expected response" time="0">
    </testcase>
    <testcase classname="AccountingAPI endpoints manualJournals .get(page,If-Modified-Since) calls the manualjournals?page=3 endpoint" name="AccountingAPI endpoints manualJournals .get(page,If-Modified-Since) calls the manualjournals?page=3 endpoint" time="0">
    </testcase>
    <testcase classname="AccountingAPI endpoints manualJournals .get(page,If-Modified-Since) calls the get verb" name="AccountingAPI endpoints manualJournals .get(page,If-Modified-Since) calls the get verb" time="0">
    </testcase>
    <testcase classname="AccountingAPI endpoints manualJournals .get(page,If-Modified-Since) requested with expected body" name="AccountingAPI endpoints manualJournals .get(page,If-Modified-Since) requested with expected body" time="0.001">
    </testcase>
    <testcase classname="AccountingAPI endpoints manualJournals .get(page,If-Modified-Since) matches the expected response" name="AccountingAPI endpoints manualJournals .get(page,If-Modified-Since) matches the expected response" time="0">
    </testcase>
    <testcase classname="AccountingAPI endpoints manualJournals .create() calls the manualjournals?summarizeErrors=false endpoint" name="AccountingAPI endpoints manualJournals .create() calls the manualjournals?summarizeErrors=false endpoint" time="0">
    </testcase>
    <testcase classname="AccountingAPI endpoints manualJournals .create() calls the put verb" name="AccountingAPI endpoints manualJournals .create() calls the put verb" time="0">
    </testcase>
    <testcase classname="AccountingAPI endpoints manualJournals .create() requested with expected body" name="AccountingAPI endpoints manualJournals .create() requested with expected body" time="0.001">
    </testcase>
    <testcase classname="AccountingAPI endpoints manualJournals .create() matches the expected response" name="AccountingAPI endpoints manualJournals .create() matches the expected response" time="0">
    </testcase>
    <testcase classname="AccountingAPI endpoints manualJournals .update() calls the manualjournals?summarizeErrors=false endpoint" name="AccountingAPI endpoints manualJournals .update() calls the manualjournals?summarizeErrors=false endpoint" time="0">
    </testcase>
    <testcase classname="AccountingAPI endpoints manualJournals .update() calls the post verb" name="AccountingAPI endpoints manualJournals .update() calls the post verb" time="0">
    </testcase>
    <testcase classname="AccountingAPI endpoints manualJournals .update() requested with expected body" name="AccountingAPI endpoints manualJournals .update() requested with expected body" time="0">
    </testcase>
    <testcase classname="AccountingAPI endpoints manualJournals .update() matches the expected response" name="AccountingAPI endpoints manualJournals .update() matches the expected response" time="0.001">
    </testcase>
    <testcase classname="AccountingAPI endpoints manualJournals .update(ManualJournalID,summarizeErrors) calls the manualjournals/dcb417fc-0c23-4ba3-bc7f-fbc718e7e663?summarizeErrors=true endpoint" name="AccountingAPI endpoints manualJournals .update(ManualJournalID,summarizeErrors) calls the manualjournals/dcb417fc-0c23-4ba3-bc7f-fbc718e7e663?summarizeErrors=true endpoint" time="0">
    </testcase>
    <testcase classname="AccountingAPI endpoints manualJournals .update(ManualJournalID,summarizeErrors) calls the post verb" name="AccountingAPI endpoints manualJournals .update(ManualJournalID,summarizeErrors) calls the post verb" time="0">
    </testcase>
    <testcase classname="AccountingAPI endpoints manualJournals .update(ManualJournalID,summarizeErrors) requested with expected body" name="AccountingAPI endpoints manualJournals .update(ManualJournalID,summarizeErrors) requested with expected body" time="0.001">
    </testcase>
    <testcase classname="AccountingAPI endpoints manualJournals .update(ManualJournalID,summarizeErrors) matches the expected response" name="AccountingAPI endpoints manualJournals .update(ManualJournalID,summarizeErrors) matches the expected response" time="0">
    </testcase>
    <testcase classname="AccountingAPI endpoints manualJournals attachments.get(entityId) calls the manualjournals/dcb417fc-0c23-4ba3-bc7f-fbc718e7e663/attachments endpoint" name="AccountingAPI endpoints manualJournals attachments.get(entityId) calls the manualjournals/dcb417fc-0c23-4ba3-bc7f-fbc718e7e663/attachments endpoint" time="0.001">
    </testcase>
    <testcase classname="AccountingAPI endpoints manualJournals attachments.get(entityId) calls the get verb" name="AccountingAPI endpoints manualJournals attachments.get(entityId) calls the get verb" time="0">
    </testcase>
    <testcase classname="AccountingAPI endpoints manualJournals attachments.get(entityId) requested with expected body" name="AccountingAPI endpoints manualJournals attachments.get(entityId) requested with expected body" time="0">
    </testcase>
    <testcase classname="AccountingAPI endpoints manualJournals attachments.get(entityId) matches the expected response" name="AccountingAPI endpoints manualJournals attachments.get(entityId) matches the expected response" time="0.001">
    </testcase>
    <testcase classname="AccountingAPI endpoints organisations .get() calls the organisations endpoint" name="AccountingAPI endpoints organisations .get() calls the organisations endpoint" time="0.001">
    </testcase>
    <testcase classname="AccountingAPI endpoints organisations .get() calls the get verb" name="AccountingAPI endpoints organisations .get() calls the get verb" time="0">
    </testcase>
    <testcase classname="AccountingAPI endpoints organisations .get() requested with expected body" name="AccountingAPI endpoints organisations .get() requested with expected body" time="0">
    </testcase>
    <testcase classname="AccountingAPI endpoints organisations .get() matches the expected response" name="AccountingAPI endpoints organisations .get() matches the expected response" time="0">
    </testcase>
    <testcase classname="AccountingAPI endpoints organisations CISSettings.get(OrganisationID) calls the organisations/dcb417fc-0c23-4ba3-bc7f-fbc718e7e663/CISSettings endpoint" name="AccountingAPI endpoints organisations CISSettings.get(OrganisationID) calls the organisations/dcb417fc-0c23-4ba3-bc7f-fbc718e7e663/CISSettings endpoint" time="0">
    </testcase>
    <testcase classname="AccountingAPI endpoints organisations CISSettings.get(OrganisationID) calls the get verb" name="AccountingAPI endpoints organisations CISSettings.get(OrganisationID) calls the get verb" time="0">
    </testcase>
    <testcase classname="AccountingAPI endpoints organisations CISSettings.get(OrganisationID) requested with expected body" name="AccountingAPI endpoints organisations CISSettings.get(OrganisationID) requested with expected body" time="0">
    </testcase>
    <testcase classname="AccountingAPI endpoints organisations CISSettings.get(OrganisationID) matches the expected response" name="AccountingAPI endpoints organisations CISSettings.get(OrganisationID) matches the expected response" time="0">
    </testcase>
    <testcase classname="AccountingAPI endpoints overpayments .get() calls the overpayments endpoint" name="AccountingAPI endpoints overpayments .get() calls the overpayments endpoint" time="0.001">
    </testcase>
    <testcase classname="AccountingAPI endpoints overpayments .get() calls the get verb" name="AccountingAPI endpoints overpayments .get() calls the get verb" time="0">
    </testcase>
    <testcase classname="AccountingAPI endpoints overpayments .get() requested with expected body" name="AccountingAPI endpoints overpayments .get() requested with expected body" time="0">
    </testcase>
    <testcase classname="AccountingAPI endpoints overpayments .get() matches the expected response" name="AccountingAPI endpoints overpayments .get() matches the expected response" time="0">
    </testcase>
    <testcase classname="AccountingAPI endpoints overpayments .get(OverpaymentID,order) calls the overpayments/dcb417fc-0c23-4ba3-bc7f-fbc718e7e663?order=Date endpoint" name="AccountingAPI endpoints overpayments .get(OverpaymentID,order) calls the overpayments/dcb417fc-0c23-4ba3-bc7f-fbc718e7e663?order=Date endpoint" time="0">
    </testcase>
    <testcase classname="AccountingAPI endpoints overpayments .get(OverpaymentID,order) calls the get verb" name="AccountingAPI endpoints overpayments .get(OverpaymentID,order) calls the get verb" time="0">
    </testcase>
    <testcase classname="AccountingAPI endpoints overpayments .get(OverpaymentID,order) requested with expected body" name="AccountingAPI endpoints overpayments .get(OverpaymentID,order) requested with expected body" time="0.001">
    </testcase>
    <testcase classname="AccountingAPI endpoints overpayments .get(OverpaymentID,order) matches the expected response" name="AccountingAPI endpoints overpayments .get(OverpaymentID,order) matches the expected response" time="0">
    </testcase>
    <testcase classname="AccountingAPI endpoints overpayments .get(page) calls the overpayments?page=5 endpoint" name="AccountingAPI endpoints overpayments .get(page) calls the overpayments?page=5 endpoint" time="0">
    </testcase>
    <testcase classname="AccountingAPI endpoints overpayments .get(page) calls the get verb" name="AccountingAPI endpoints overpayments .get(page) calls the get verb" time="0">
    </testcase>
    <testcase classname="AccountingAPI endpoints overpayments .get(page) requested with expected body" name="AccountingAPI endpoints overpayments .get(page) requested with expected body" time="0">
    </testcase>
    <testcase classname="AccountingAPI endpoints overpayments .get(page) matches the expected response" name="AccountingAPI endpoints overpayments .get(page) matches the expected response" time="0">
    </testcase>
    <testcase classname="AccountingAPI endpoints overpayments allocations.create(OverpaymentID) calls the overpayments/dcb417fc-0c23-4ba3-bc7f-fbc718e7e663/allocations endpoint" name="AccountingAPI endpoints overpayments allocations.create(OverpaymentID) calls the overpayments/dcb417fc-0c23-4ba3-bc7f-fbc718e7e663/allocations endpoint" time="0.004">
    </testcase>
    <testcase classname="AccountingAPI endpoints overpayments allocations.create(OverpaymentID) calls the put verb" name="AccountingAPI endpoints overpayments allocations.create(OverpaymentID) calls the put verb" time="0">
    </testcase>
    <testcase classname="AccountingAPI endpoints overpayments allocations.create(OverpaymentID) requested with expected body" name="AccountingAPI endpoints overpayments allocations.create(OverpaymentID) requested with expected body" time="0">
    </testcase>
    <testcase classname="AccountingAPI endpoints overpayments allocations.create(OverpaymentID) matches the expected response" name="AccountingAPI endpoints overpayments allocations.create(OverpaymentID) matches the expected response" time="0">
    </testcase>
    <testcase classname="AccountingAPI endpoints payments .get() calls the payments endpoint" name="AccountingAPI endpoints payments .get() calls the payments endpoint" time="0.001">
    </testcase>
    <testcase classname="AccountingAPI endpoints payments .get() calls the get verb" name="AccountingAPI endpoints payments .get() calls the get verb" time="0">
    </testcase>
    <testcase classname="AccountingAPI endpoints payments .get() requested with expected body" name="AccountingAPI endpoints payments .get() requested with expected body" time="0">
    </testcase>
    <testcase classname="AccountingAPI endpoints payments .get() matches the expected response" name="AccountingAPI endpoints payments .get() matches the expected response" time="0">
    </testcase>
    <testcase classname="AccountingAPI endpoints payments .get(PaymentID) calls the payments/dcb417fc-0c23-4ba3-bc7f-fbc718e7e663 endpoint" name="AccountingAPI endpoints payments .get(PaymentID) calls the payments/dcb417fc-0c23-4ba3-bc7f-fbc718e7e663 endpoint" time="0">
    </testcase>
    <testcase classname="AccountingAPI endpoints payments .get(PaymentID) calls the get verb" name="AccountingAPI endpoints payments .get(PaymentID) calls the get verb" time="0.001">
    </testcase>
    <testcase classname="AccountingAPI endpoints payments .get(PaymentID) requested with expected body" name="AccountingAPI endpoints payments .get(PaymentID) requested with expected body" time="0">
    </testcase>
    <testcase classname="AccountingAPI endpoints payments .get(PaymentID) matches the expected response" name="AccountingAPI endpoints payments .get(PaymentID) matches the expected response" time="0">
    </testcase>
    <testcase classname="AccountingAPI endpoints payments .get(PaymentID,order) calls the payments/dcb417fc-0c23-4ba3-bc7f-fbc718e7e663?order=UpdatedDateUTC endpoint" name="AccountingAPI endpoints payments .get(PaymentID,order) calls the payments/dcb417fc-0c23-4ba3-bc7f-fbc718e7e663?order=UpdatedDateUTC endpoint" time="0.001">
    </testcase>
    <testcase classname="AccountingAPI endpoints payments .get(PaymentID,order) calls the get verb" name="AccountingAPI endpoints payments .get(PaymentID,order) calls the get verb" time="0">
    </testcase>
    <testcase classname="AccountingAPI endpoints payments .get(PaymentID,order) requested with expected body" name="AccountingAPI endpoints payments .get(PaymentID,order) requested with expected body" time="0">
    </testcase>
    <testcase classname="AccountingAPI endpoints payments .get(PaymentID,order) matches the expected response" name="AccountingAPI endpoints payments .get(PaymentID,order) matches the expected response" time="0">
    </testcase>
    <testcase classname="AccountingAPI endpoints payments .get(If-Modified-Since) calls the payments endpoint" name="AccountingAPI endpoints payments .get(If-Modified-Since) calls the payments endpoint" time="0.001">
    </testcase>
    <testcase classname="AccountingAPI endpoints payments .get(If-Modified-Since) calls the get verb" name="AccountingAPI endpoints payments .get(If-Modified-Since) calls the get verb" time="0">
    </testcase>
    <testcase classname="AccountingAPI endpoints payments .get(If-Modified-Since) requested with expected body" name="AccountingAPI endpoints payments .get(If-Modified-Since) requested with expected body" time="0">
    </testcase>
    <testcase classname="AccountingAPI endpoints payments .get(If-Modified-Since) matches the expected response" name="AccountingAPI endpoints payments .get(If-Modified-Since) matches the expected response" time="0">
    </testcase>
    <testcase classname="AccountingAPI endpoints payments .create() calls the payments?summarizeErrors=false endpoint" name="AccountingAPI endpoints payments .create() calls the payments?summarizeErrors=false endpoint" time="0">
    </testcase>
    <testcase classname="AccountingAPI endpoints payments .create() calls the put verb" name="AccountingAPI endpoints payments .create() calls the put verb" time="0">
    </testcase>
    <testcase classname="AccountingAPI endpoints payments .create() requested with expected body" name="AccountingAPI endpoints payments .create() requested with expected body" time="0">
    </testcase>
    <testcase classname="AccountingAPI endpoints payments .create() matches the expected response" name="AccountingAPI endpoints payments .create() matches the expected response" time="0">
    </testcase>
    <testcase classname="AccountingAPI endpoints payments .update() calls the payments?summarizeErrors=false endpoint" name="AccountingAPI endpoints payments .update() calls the payments?summarizeErrors=false endpoint" time="0.001">
    </testcase>
    <testcase classname="AccountingAPI endpoints payments .update() calls the post verb" name="AccountingAPI endpoints payments .update() calls the post verb" time="0">
    </testcase>
    <testcase classname="AccountingAPI endpoints payments .update() requested with expected body" name="AccountingAPI endpoints payments .update() requested with expected body" time="0">
    </testcase>
    <testcase classname="AccountingAPI endpoints payments .update() matches the expected response" name="AccountingAPI endpoints payments .update() matches the expected response" time="0">
    </testcase>
    <testcase classname="AccountingAPI endpoints payments .update(PaymentID,summarizeErrors) calls the payments/dcb417fc-0c23-4ba3-bc7f-fbc718e7e663?summarizeErrors=true endpoint" name="AccountingAPI endpoints payments .update(PaymentID,summarizeErrors) calls the payments/dcb417fc-0c23-4ba3-bc7f-fbc718e7e663?summarizeErrors=true endpoint" time="0">
    </testcase>
    <testcase classname="AccountingAPI endpoints payments .update(PaymentID,summarizeErrors) calls the post verb" name="AccountingAPI endpoints payments .update(PaymentID,summarizeErrors) calls the post verb" time="0">
    </testcase>
    <testcase classname="AccountingAPI endpoints payments .update(PaymentID,summarizeErrors) requested with expected body" name="AccountingAPI endpoints payments .update(PaymentID,summarizeErrors) requested with expected body" time="0">
    </testcase>
    <testcase classname="AccountingAPI endpoints payments .update(PaymentID,summarizeErrors) matches the expected response" name="AccountingAPI endpoints payments .update(PaymentID,summarizeErrors) matches the expected response" time="0.002">
    </testcase>
    <testcase classname="AccountingAPI endpoints paymentServices .get() calls the paymentservices endpoint" name="AccountingAPI endpoints paymentServices .get() calls the paymentservices endpoint" time="0">
    </testcase>
    <testcase classname="AccountingAPI endpoints paymentServices .get() calls the get verb" name="AccountingAPI endpoints paymentServices .get() calls the get verb" time="0.001">
    </testcase>
    <testcase classname="AccountingAPI endpoints paymentServices .get() requested with expected body" name="AccountingAPI endpoints paymentServices .get() requested with expected body" time="0">
    </testcase>
    <testcase classname="AccountingAPI endpoints paymentServices .get() matches the expected response" name="AccountingAPI endpoints paymentServices .get() matches the expected response" time="0">
    </testcase>
    <testcase classname="AccountingAPI endpoints paymentServices .create() calls the paymentservices?summarizeErrors=false endpoint" name="AccountingAPI endpoints paymentServices .create() calls the paymentservices?summarizeErrors=false endpoint" time="0">
    </testcase>
    <testcase classname="AccountingAPI endpoints paymentServices .create() calls the put verb" name="AccountingAPI endpoints paymentServices .create() calls the put verb" time="0.001">
    </testcase>
    <testcase classname="AccountingAPI endpoints paymentServices .create() requested with expected body" name="AccountingAPI endpoints paymentServices .create() requested with expected body" time="0">
    </testcase>
    <testcase classname="AccountingAPI endpoints paymentServices .create() matches the expected response" name="AccountingAPI endpoints paymentServices .create() matches the expected response" time="0">
    </testcase>
    <testcase classname="AccountingAPI endpoints prepayments .get() calls the prepayments endpoint" name="AccountingAPI endpoints prepayments .get() calls the prepayments endpoint" time="0">
    </testcase>
    <testcase classname="AccountingAPI endpoints prepayments .get() calls the get verb" name="AccountingAPI endpoints prepayments .get() calls the get verb" time="0">
    </testcase>
    <testcase classname="AccountingAPI endpoints prepayments .get() requested with expected body" name="AccountingAPI endpoints prepayments .get() requested with expected body" time="0.001">
    </testcase>
    <testcase classname="AccountingAPI endpoints prepayments .get() matches the expected response" name="AccountingAPI endpoints prepayments .get() matches the expected response" time="0">
    </testcase>
    <testcase classname="AccountingAPI endpoints prepayments .get(PrepaymentID) calls the prepayments/dcb417fc-0c23-4ba3-bc7f-fbc718e7e663 endpoint" name="AccountingAPI endpoints prepayments .get(PrepaymentID) calls the prepayments/dcb417fc-0c23-4ba3-bc7f-fbc718e7e663 endpoint" time="0.001">
    </testcase>
    <testcase classname="AccountingAPI endpoints prepayments .get(PrepaymentID) calls the get verb" name="AccountingAPI endpoints prepayments .get(PrepaymentID) calls the get verb" time="0">
    </testcase>
    <testcase classname="AccountingAPI endpoints prepayments .get(PrepaymentID) requested with expected body" name="AccountingAPI endpoints prepayments .get(PrepaymentID) requested with expected body" time="0">
    </testcase>
    <testcase classname="AccountingAPI endpoints prepayments .get(PrepaymentID) matches the expected response" name="AccountingAPI endpoints prepayments .get(PrepaymentID) matches the expected response" time="0.001">
    </testcase>
    <testcase classname="AccountingAPI endpoints prepayments .get(PrepaymentID,order) calls the prepayments/dcb417fc-0c23-4ba3-bc7f-fbc718e7e663?order=UpdatedDateUTC endpoint" name="AccountingAPI endpoints prepayments .get(PrepaymentID,order) calls the prepayments/dcb417fc-0c23-4ba3-bc7f-fbc718e7e663?order=UpdatedDateUTC endpoint" time="0">
    </testcase>
    <testcase classname="AccountingAPI endpoints prepayments .get(PrepaymentID,order) calls the get verb" name="AccountingAPI endpoints prepayments .get(PrepaymentID,order) calls the get verb" time="0">
    </testcase>
    <testcase classname="AccountingAPI endpoints prepayments .get(PrepaymentID,order) requested with expected body" name="AccountingAPI endpoints prepayments .get(PrepaymentID,order) requested with expected body" time="0.001">
    </testcase>
    <testcase classname="AccountingAPI endpoints prepayments .get(PrepaymentID,order) matches the expected response" name="AccountingAPI endpoints prepayments .get(PrepaymentID,order) matches the expected response" time="0">
    </testcase>
    <testcase classname="AccountingAPI endpoints prepayments .get(page,If-Modified-Since) calls the prepayments?page=5 endpoint" name="AccountingAPI endpoints prepayments .get(page,If-Modified-Since) calls the prepayments?page=5 endpoint" time="0">
    </testcase>
    <testcase classname="AccountingAPI endpoints prepayments .get(page,If-Modified-Since) calls the get verb" name="AccountingAPI endpoints prepayments .get(page,If-Modified-Since) calls the get verb" time="0.001">
    </testcase>
    <testcase classname="AccountingAPI endpoints prepayments .get(page,If-Modified-Since) requested with expected body" name="AccountingAPI endpoints prepayments .get(page,If-Modified-Since) requested with expected body" time="0.001">
    </testcase>
    <testcase classname="AccountingAPI endpoints prepayments .get(page,If-Modified-Since) matches the expected response" name="AccountingAPI endpoints prepayments .get(page,If-Modified-Since) matches the expected response" time="0.002">
    </testcase>
    <testcase classname="AccountingAPI endpoints prepayments allocations.create(PrepaymentID) calls the prepayments/dcb417fc-0c23-4ba3-bc7f-fbc718e7e663/allocations endpoint" name="AccountingAPI endpoints prepayments allocations.create(PrepaymentID) calls the prepayments/dcb417fc-0c23-4ba3-bc7f-fbc718e7e663/allocations endpoint" time="0">
    </testcase>
    <testcase classname="AccountingAPI endpoints prepayments allocations.create(PrepaymentID) calls the put verb" name="AccountingAPI endpoints prepayments allocations.create(PrepaymentID) calls the put verb" time="0">
    </testcase>
    <testcase classname="AccountingAPI endpoints prepayments allocations.create(PrepaymentID) requested with expected body" name="AccountingAPI endpoints prepayments allocations.create(PrepaymentID) requested with expected body" time="0.001">
    </testcase>
    <testcase classname="AccountingAPI endpoints prepayments allocations.create(PrepaymentID) matches the expected response" name="AccountingAPI endpoints prepayments allocations.create(PrepaymentID) matches the expected response" time="0">
    </testcase>
    <testcase classname="AccountingAPI endpoints prepayments attachments.get(entityId) calls the prepayments/dcb417fc-0c23-4ba3-bc7f-fbc718e7e663/attachments endpoint" name="AccountingAPI endpoints prepayments attachments.get(entityId) calls the prepayments/dcb417fc-0c23-4ba3-bc7f-fbc718e7e663/attachments endpoint" time="0">
    </testcase>
    <testcase classname="AccountingAPI endpoints prepayments attachments.get(entityId) calls the get verb" name="AccountingAPI endpoints prepayments attachments.get(entityId) calls the get verb" time="0">
    </testcase>
    <testcase classname="AccountingAPI endpoints prepayments attachments.get(entityId) requested with expected body" name="AccountingAPI endpoints prepayments attachments.get(entityId) requested with expected body" time="0">
    </testcase>
    <testcase classname="AccountingAPI endpoints prepayments attachments.get(entityId) matches the expected response" name="AccountingAPI endpoints prepayments attachments.get(entityId) matches the expected response" time="0">
    </testcase>
    <testcase classname="AccountingAPI endpoints purchaseOrders .get() calls the purchaseorders endpoint" name="AccountingAPI endpoints purchaseOrders .get() calls the purchaseorders endpoint" time="0.001">
    </testcase>
    <testcase classname="AccountingAPI endpoints purchaseOrders .get() calls the get verb" name="AccountingAPI endpoints purchaseOrders .get() calls the get verb" time="0">
    </testcase>
    <testcase classname="AccountingAPI endpoints purchaseOrders .get() requested with expected body" name="AccountingAPI endpoints purchaseOrders .get() requested with expected body" time="0.001">
    </testcase>
    <testcase classname="AccountingAPI endpoints purchaseOrders .get() matches the expected response" name="AccountingAPI endpoints purchaseOrders .get() matches the expected response" time="0">
    </testcase>
    <testcase classname="AccountingAPI endpoints purchaseOrders .get(PurchaseOrderID) calls the purchaseorders/dcb417fc-0c23-4ba3-bc7f-fbc718e7e663 endpoint" name="AccountingAPI endpoints purchaseOrders .get(PurchaseOrderID) calls the purchaseorders/dcb417fc-0c23-4ba3-bc7f-fbc718e7e663 endpoint" time="0">
    </testcase>
    <testcase classname="AccountingAPI endpoints purchaseOrders .get(PurchaseOrderID) calls the get verb" name="AccountingAPI endpoints purchaseOrders .get(PurchaseOrderID) calls the get verb" time="0">
    </testcase>
    <testcase classname="AccountingAPI endpoints purchaseOrders .get(PurchaseOrderID) requested with expected body" name="AccountingAPI endpoints purchaseOrders .get(PurchaseOrderID) requested with expected body" time="0.001">
    </testcase>
    <testcase classname="AccountingAPI endpoints purchaseOrders .get(PurchaseOrderID) matches the expected response" name="AccountingAPI endpoints purchaseOrders .get(PurchaseOrderID) matches the expected response" time="0">
    </testcase>
    <testcase classname="AccountingAPI endpoints purchaseOrders .get(PurchaseOrderNumber) calls the purchaseorders/PO-123 endpoint" name="AccountingAPI endpoints purchaseOrders .get(PurchaseOrderNumber) calls the purchaseorders/PO-123 endpoint" time="0.001">
    </testcase>
    <testcase classname="AccountingAPI endpoints purchaseOrders .get(PurchaseOrderNumber) calls the get verb" name="AccountingAPI endpoints purchaseOrders .get(PurchaseOrderNumber) calls the get verb" time="0">
    </testcase>
    <testcase classname="AccountingAPI endpoints purchaseOrders .get(PurchaseOrderNumber) requested with expected body" name="AccountingAPI endpoints purchaseOrders .get(PurchaseOrderNumber) requested with expected body" time="0">
    </testcase>
    <testcase classname="AccountingAPI endpoints purchaseOrders .get(PurchaseOrderNumber) matches the expected response" name="AccountingAPI endpoints purchaseOrders .get(PurchaseOrderNumber) matches the expected response" time="0">
    </testcase>
    <testcase classname="AccountingAPI endpoints purchaseOrders .get(PurchaseOrderID,order) calls the purchaseorders/dcb417fc-0c23-4ba3-bc7f-fbc718e7e663?order=UpdatedDateUTC endpoint" name="AccountingAPI endpoints purchaseOrders .get(PurchaseOrderID,order) calls the purchaseorders/dcb417fc-0c23-4ba3-bc7f-fbc718e7e663?order=UpdatedDateUTC endpoint" time="0">
    </testcase>
    <testcase classname="AccountingAPI endpoints purchaseOrders .get(PurchaseOrderID,order) calls the get verb" name="AccountingAPI endpoints purchaseOrders .get(PurchaseOrderID,order) calls the get verb" time="0">
    </testcase>
    <testcase classname="AccountingAPI endpoints purchaseOrders .get(PurchaseOrderID,order) requested with expected body" name="AccountingAPI endpoints purchaseOrders .get(PurchaseOrderID,order) requested with expected body" time="0">
    </testcase>
    <testcase classname="AccountingAPI endpoints purchaseOrders .get(PurchaseOrderID,order) matches the expected response" name="AccountingAPI endpoints purchaseOrders .get(PurchaseOrderID,order) matches the expected response" time="0">
    </testcase>
    <testcase classname="AccountingAPI endpoints purchaseOrders .get(If-Modified-Since) calls the purchaseorders endpoint" name="AccountingAPI endpoints purchaseOrders .get(If-Modified-Since) calls the purchaseorders endpoint" time="0.001">
    </testcase>
    <testcase classname="AccountingAPI endpoints purchaseOrders .get(If-Modified-Since) calls the get verb" name="AccountingAPI endpoints purchaseOrders .get(If-Modified-Since) calls the get verb" time="0">
    </testcase>
    <testcase classname="AccountingAPI endpoints purchaseOrders .get(If-Modified-Since) requested with expected body" name="AccountingAPI endpoints purchaseOrders .get(If-Modified-Since) requested with expected body" time="0">
    </testcase>
    <testcase classname="AccountingAPI endpoints purchaseOrders .get(If-Modified-Since) matches the expected response" name="AccountingAPI endpoints purchaseOrders .get(If-Modified-Since) matches the expected response" time="0">
    </testcase>
    <testcase classname="AccountingAPI endpoints purchaseOrders .create() calls the purchaseorders?summarizeErrors=false endpoint" name="AccountingAPI endpoints purchaseOrders .create() calls the purchaseorders?summarizeErrors=false endpoint" time="0">
    </testcase>
    <testcase classname="AccountingAPI endpoints purchaseOrders .create() calls the put verb" name="AccountingAPI endpoints purchaseOrders .create() calls the put verb" time="0">
    </testcase>
    <testcase classname="AccountingAPI endpoints purchaseOrders .create() requested with expected body" name="AccountingAPI endpoints purchaseOrders .create() requested with expected body" time="0">
    </testcase>
    <testcase classname="AccountingAPI endpoints purchaseOrders .create() matches the expected response" name="AccountingAPI endpoints purchaseOrders .create() matches the expected response" time="0">
    </testcase>
    <testcase classname="AccountingAPI endpoints purchaseOrders .update() calls the purchaseorders?summarizeErrors=false endpoint" name="AccountingAPI endpoints purchaseOrders .update() calls the purchaseorders?summarizeErrors=false endpoint" time="0">
    </testcase>
    <testcase classname="AccountingAPI endpoints purchaseOrders .update() calls the post verb" name="AccountingAPI endpoints purchaseOrders .update() calls the post verb" time="0">
    </testcase>
    <testcase classname="AccountingAPI endpoints purchaseOrders .update() requested with expected body" name="AccountingAPI endpoints purchaseOrders .update() requested with expected body" time="0">
    </testcase>
    <testcase classname="AccountingAPI endpoints purchaseOrders .update() matches the expected response" name="AccountingAPI endpoints purchaseOrders .update() matches the expected response" time="0">
    </testcase>
    <testcase classname="AccountingAPI endpoints purchaseOrders .update(PurchaseOrderID,summarizeErrors) calls the purchaseorders/dcb417fc-0c23-4ba3-bc7f-fbc718e7e663?summarizeErrors=true endpoint" name="AccountingAPI endpoints purchaseOrders .update(PurchaseOrderID,summarizeErrors) calls the purchaseorders/dcb417fc-0c23-4ba3-bc7f-fbc718e7e663?summarizeErrors=true endpoint" time="0">
    </testcase>
    <testcase classname="AccountingAPI endpoints purchaseOrders .update(PurchaseOrderID,summarizeErrors) calls the post verb" name="AccountingAPI endpoints purchaseOrders .update(PurchaseOrderID,summarizeErrors) calls the post verb" time="0">
    </testcase>
    <testcase classname="AccountingAPI endpoints purchaseOrders .update(PurchaseOrderID,summarizeErrors) requested with expected body" name="AccountingAPI endpoints purchaseOrders .update(PurchaseOrderID,summarizeErrors) requested with expected body" time="0">
    </testcase>
    <testcase classname="AccountingAPI endpoints purchaseOrders .update(PurchaseOrderID,summarizeErrors) matches the expected response" name="AccountingAPI endpoints purchaseOrders .update(PurchaseOrderID,summarizeErrors) matches the expected response" time="0">
    </testcase>
    <testcase classname="AccountingAPI endpoints receipts .get() calls the receipts endpoint" name="AccountingAPI endpoints receipts .get() calls the receipts endpoint" time="0">
    </testcase>
    <testcase classname="AccountingAPI endpoints receipts .get() calls the get verb" name="AccountingAPI endpoints receipts .get() calls the get verb" time="0">
    </testcase>
    <testcase classname="AccountingAPI endpoints receipts .get() requested with expected body" name="AccountingAPI endpoints receipts .get() requested with expected body" time="0">
    </testcase>
    <testcase classname="AccountingAPI endpoints receipts .get() matches the expected response" name="AccountingAPI endpoints receipts .get() matches the expected response" time="0">
    </testcase>
    <testcase classname="AccountingAPI endpoints receipts .get(ReceiptID) calls the receipts/dcb417fc-0c23-4ba3-bc7f-fbc718e7e663 endpoint" name="AccountingAPI endpoints receipts .get(ReceiptID) calls the receipts/dcb417fc-0c23-4ba3-bc7f-fbc718e7e663 endpoint" time="0.001">
    </testcase>
    <testcase classname="AccountingAPI endpoints receipts .get(ReceiptID) calls the get verb" name="AccountingAPI endpoints receipts .get(ReceiptID) calls the get verb" time="0">
    </testcase>
    <testcase classname="AccountingAPI endpoints receipts .get(ReceiptID) requested with expected body" name="AccountingAPI endpoints receipts .get(ReceiptID) requested with expected body" time="0">
    </testcase>
    <testcase classname="AccountingAPI endpoints receipts .get(ReceiptID) matches the expected response" name="AccountingAPI endpoints receipts .get(ReceiptID) matches the expected response" time="0">
    </testcase>
    <testcase classname="AccountingAPI endpoints receipts .get(ReceiptID,order) calls the receipts/dcb417fc-0c23-4ba3-bc7f-fbc718e7e663?order=UpdatedDateUTC endpoint" name="AccountingAPI endpoints receipts .get(ReceiptID,order) calls the receipts/dcb417fc-0c23-4ba3-bc7f-fbc718e7e663?order=UpdatedDateUTC endpoint" time="0.002">
    </testcase>
    <testcase classname="AccountingAPI endpoints receipts .get(ReceiptID,order) calls the get verb" name="AccountingAPI endpoints receipts .get(ReceiptID,order) calls the get verb" time="0.001">
    </testcase>
    <testcase classname="AccountingAPI endpoints receipts .get(ReceiptID,order) requested with expected body" name="AccountingAPI endpoints receipts .get(ReceiptID,order) requested with expected body" time="0">
    </testcase>
    <testcase classname="AccountingAPI endpoints receipts .get(ReceiptID,order) matches the expected response" name="AccountingAPI endpoints receipts .get(ReceiptID,order) matches the expected response" time="0">
    </testcase>
    <testcase classname="AccountingAPI endpoints receipts .get(order,If-Modified-Since) calls the receipts?order=UpdatedDateUTC endpoint" name="AccountingAPI endpoints receipts .get(order,If-Modified-Since) calls the receipts?order=UpdatedDateUTC endpoint" time="0.001">
    </testcase>
    <testcase classname="AccountingAPI endpoints receipts .get(order,If-Modified-Since) calls the get verb" name="AccountingAPI endpoints receipts .get(order,If-Modified-Since) calls the get verb" time="0">
    </testcase>
    <testcase classname="AccountingAPI endpoints receipts .get(order,If-Modified-Since) requested with expected body" name="AccountingAPI endpoints receipts .get(order,If-Modified-Since) requested with expected body" time="0">
    </testcase>
    <testcase classname="AccountingAPI endpoints receipts .get(order,If-Modified-Since) matches the expected response" name="AccountingAPI endpoints receipts .get(order,If-Modified-Since) matches the expected response" time="0">
    </testcase>
    <testcase classname="AccountingAPI endpoints receipts .create() calls the receipts?summarizeErrors=false endpoint" name="AccountingAPI endpoints receipts .create() calls the receipts?summarizeErrors=false endpoint" time="0">
    </testcase>
    <testcase classname="AccountingAPI endpoints receipts .create() calls the put verb" name="AccountingAPI endpoints receipts .create() calls the put verb" time="0.001">
    </testcase>
    <testcase classname="AccountingAPI endpoints receipts .create() requested with expected body" name="AccountingAPI endpoints receipts .create() requested with expected body" time="0">
    </testcase>
    <testcase classname="AccountingAPI endpoints receipts .create() matches the expected response" name="AccountingAPI endpoints receipts .create() matches the expected response" time="0">
    </testcase>
    <testcase classname="AccountingAPI endpoints receipts .update(summarizeErrors) calls the receipts?summarizeErrors=true endpoint" name="AccountingAPI endpoints receipts .update(summarizeErrors) calls the receipts?summarizeErrors=true endpoint" time="0">
    </testcase>
    <testcase classname="AccountingAPI endpoints receipts .update(summarizeErrors) calls the post verb" name="AccountingAPI endpoints receipts .update(summarizeErrors) calls the post verb" time="0">
    </testcase>
    <testcase classname="AccountingAPI endpoints receipts .update(summarizeErrors) requested with expected body" name="AccountingAPI endpoints receipts .update(summarizeErrors) requested with expected body" time="0">
    </testcase>
    <testcase classname="AccountingAPI endpoints receipts .update(summarizeErrors) matches the expected response" name="AccountingAPI endpoints receipts .update(summarizeErrors) matches the expected response" time="0.001">
    </testcase>
    <testcase classname="AccountingAPI endpoints receipts .update(ReceiptID) calls the receipts/dcb417fc-0c23-4ba3-bc7f-fbc718e7e663?summarizeErrors=false endpoint" name="AccountingAPI endpoints receipts .update(ReceiptID) calls the receipts/dcb417fc-0c23-4ba3-bc7f-fbc718e7e663?summarizeErrors=false endpoint" time="0">
    </testcase>
    <testcase classname="AccountingAPI endpoints receipts .update(ReceiptID) calls the post verb" name="AccountingAPI endpoints receipts .update(ReceiptID) calls the post verb" time="0">
    </testcase>
    <testcase classname="AccountingAPI endpoints receipts .update(ReceiptID) requested with expected body" name="AccountingAPI endpoints receipts .update(ReceiptID) requested with expected body" time="0">
    </testcase>
    <testcase classname="AccountingAPI endpoints receipts .update(ReceiptID) matches the expected response" name="AccountingAPI endpoints receipts .update(ReceiptID) matches the expected response" time="0">
    </testcase>
    <testcase classname="AccountingAPI endpoints receipts attachments.get(entityId) calls the receipts/dcb417fc-0c23-4ba3-bc7f-fbc718e7e663/attachments endpoint" name="AccountingAPI endpoints receipts attachments.get(entityId) calls the receipts/dcb417fc-0c23-4ba3-bc7f-fbc718e7e663/attachments endpoint" time="0">
    </testcase>
    <testcase classname="AccountingAPI endpoints receipts attachments.get(entityId) calls the get verb" name="AccountingAPI endpoints receipts attachments.get(entityId) calls the get verb" time="0">
    </testcase>
    <testcase classname="AccountingAPI endpoints receipts attachments.get(entityId) requested with expected body" name="AccountingAPI endpoints receipts attachments.get(entityId) requested with expected body" time="0">
    </testcase>
    <testcase classname="AccountingAPI endpoints receipts attachments.get(entityId) matches the expected response" name="AccountingAPI endpoints receipts attachments.get(entityId) matches the expected response" time="0">
    </testcase>
    <testcase classname="AccountingAPI endpoints repeatingInvoices .get() calls the repeatinginvoices endpoint" name="AccountingAPI endpoints repeatingInvoices .get() calls the repeatinginvoices endpoint" time="0.001">
    </testcase>
    <testcase classname="AccountingAPI endpoints repeatingInvoices .get() calls the get verb" name="AccountingAPI endpoints repeatingInvoices .get() calls the get verb" time="0">
    </testcase>
    <testcase classname="AccountingAPI endpoints repeatingInvoices .get() requested with expected body" name="AccountingAPI endpoints repeatingInvoices .get() requested with expected body" time="0">
    </testcase>
    <testcase classname="AccountingAPI endpoints repeatingInvoices .get() matches the expected response" name="AccountingAPI endpoints repeatingInvoices .get() matches the expected response" time="0">
    </testcase>
    <testcase classname="AccountingAPI endpoints repeatingInvoices .get(RepeatingInvoiceID) calls the repeatinginvoices/dcb417fc-0c23-4ba3-bc7f-fbc718e7e663 endpoint" name="AccountingAPI endpoints repeatingInvoices .get(RepeatingInvoiceID) calls the repeatinginvoices/dcb417fc-0c23-4ba3-bc7f-fbc718e7e663 endpoint" time="0">
    </testcase>
    <testcase classname="AccountingAPI endpoints repeatingInvoices .get(RepeatingInvoiceID) calls the get verb" name="AccountingAPI endpoints repeatingInvoices .get(RepeatingInvoiceID) calls the get verb" time="0.001">
    </testcase>
    <testcase classname="AccountingAPI endpoints repeatingInvoices .get(RepeatingInvoiceID) requested with expected body" name="AccountingAPI endpoints repeatingInvoices .get(RepeatingInvoiceID) requested with expected body" time="0">
    </testcase>
    <testcase classname="AccountingAPI endpoints repeatingInvoices .get(RepeatingInvoiceID) matches the expected response" name="AccountingAPI endpoints repeatingInvoices .get(RepeatingInvoiceID) matches the expected response" time="0">
    </testcase>
    <testcase classname="AccountingAPI endpoints repeatingInvoices .get(where) calls the repeatinginvoices?where=Status%3D%3D%22DRAFT%22 endpoint" name="AccountingAPI endpoints repeatingInvoices .get(where) calls the repeatinginvoices?where=Status%3D%3D%22DRAFT%22 endpoint" time="0">
    </testcase>
    <testcase classname="AccountingAPI endpoints repeatingInvoices .get(where) calls the get verb" name="AccountingAPI endpoints repeatingInvoices .get(where) calls the get verb" time="0">
    </testcase>
    <testcase classname="AccountingAPI endpoints repeatingInvoices .get(where) requested with expected body" name="AccountingAPI endpoints repeatingInvoices .get(where) requested with expected body" time="0.001">
    </testcase>
    <testcase classname="AccountingAPI endpoints repeatingInvoices .get(where) matches the expected response" name="AccountingAPI endpoints repeatingInvoices .get(where) matches the expected response" time="0">
    </testcase>
    <testcase classname="AccountingAPI endpoints repeatingInvoices .get(order) calls the repeatinginvoices?order=Name%20DESC endpoint" name="AccountingAPI endpoints repeatingInvoices .get(order) calls the repeatinginvoices?order=Name%20DESC endpoint" time="0">
    </testcase>
    <testcase classname="AccountingAPI endpoints repeatingInvoices .get(order) calls the get verb" name="AccountingAPI endpoints repeatingInvoices .get(order) calls the get verb" time="0">
    </testcase>
    <testcase classname="AccountingAPI endpoints repeatingInvoices .get(order) requested with expected body" name="AccountingAPI endpoints repeatingInvoices .get(order) requested with expected body" time="0">
    </testcase>
    <testcase classname="AccountingAPI endpoints repeatingInvoices .get(order) matches the expected response" name="AccountingAPI endpoints repeatingInvoices .get(order) matches the expected response" time="0">
    </testcase>
    <testcase classname="AccountingAPI endpoints reports .get() calls the reports endpoint" name="AccountingAPI endpoints reports .get() calls the reports endpoint" time="0">
    </testcase>
    <testcase classname="AccountingAPI endpoints reports .get() calls the get verb" name="AccountingAPI endpoints reports .get() calls the get verb" time="0">
    </testcase>
    <testcase classname="AccountingAPI endpoints reports .get() requested with expected body" name="AccountingAPI endpoints reports .get() requested with expected body" time="0.001">
    </testcase>
    <testcase classname="AccountingAPI endpoints reports .get() matches the expected response" name="AccountingAPI endpoints reports .get() matches the expected response" time="0">
    </testcase>
    <testcase classname="AccountingAPI endpoints reports .get(ReportID) calls the reports/dcb417fc-0c23-4ba3-bc7f-fbc718e7e663 endpoint" name="AccountingAPI endpoints reports .get(ReportID) calls the reports/dcb417fc-0c23-4ba3-bc7f-fbc718e7e663 endpoint" time="0.001">
    </testcase>
    <testcase classname="AccountingAPI endpoints reports .get(ReportID) calls the get verb" name="AccountingAPI endpoints reports .get(ReportID) calls the get verb" time="0">
    </testcase>
    <testcase classname="AccountingAPI endpoints reports .get(ReportID) requested with expected body" name="AccountingAPI endpoints reports .get(ReportID) requested with expected body" time="0">
    </testcase>
    <testcase classname="AccountingAPI endpoints reports .get(ReportID) matches the expected response" name="AccountingAPI endpoints reports .get(ReportID) matches the expected response" time="0">
    </testcase>
    <testcase classname="AccountingAPI endpoints reports .get(ReportID) calls the reports/TrialBalance endpoint" name="AccountingAPI endpoints reports .get(ReportID) calls the reports/TrialBalance endpoint" time="0.001">
    </testcase>
    <testcase classname="AccountingAPI endpoints reports .get(ReportID) calls the get verb" name="AccountingAPI endpoints reports .get(ReportID) calls the get verb" time="0">
    </testcase>
    <testcase classname="AccountingAPI endpoints reports .get(ReportID) requested with expected body" name="AccountingAPI endpoints reports .get(ReportID) requested with expected body" time="0">
    </testcase>
    <testcase classname="AccountingAPI endpoints reports .get(ReportID) matches the expected response" name="AccountingAPI endpoints reports .get(ReportID) matches the expected response" time="0">
    </testcase>
    <testcase classname="AccountingAPI endpoints reports .get(ReportID,reportYear) calls the reports/TenNinetyNine?reportYear=2013 endpoint" name="AccountingAPI endpoints reports .get(ReportID,reportYear) calls the reports/TenNinetyNine?reportYear=2013 endpoint" time="0.001">
    </testcase>
    <testcase classname="AccountingAPI endpoints reports .get(ReportID,reportYear) calls the get verb" name="AccountingAPI endpoints reports .get(ReportID,reportYear) calls the get verb" time="0">
    </testcase>
    <testcase classname="AccountingAPI endpoints reports .get(ReportID,reportYear) requested with expected body" name="AccountingAPI endpoints reports .get(ReportID,reportYear) requested with expected body" time="0">
    </testcase>
    <testcase classname="AccountingAPI endpoints reports .get(ReportID,reportYear) matches the expected response" name="AccountingAPI endpoints reports .get(ReportID,reportYear) matches the expected response" time="0">
    </testcase>
    <testcase classname="AccountingAPI endpoints reports .get(ReportID,fromDate,toDate) calls the reports/ProfitAndLoss?fromDate=2010-01-01&amp;toDate=2011-01-01 endpoint" name="AccountingAPI endpoints reports .get(ReportID,fromDate,toDate) calls the reports/ProfitAndLoss?fromDate=2010-01-01&amp;toDate=2011-01-01 endpoint" time="0">
    </testcase>
    <testcase classname="AccountingAPI endpoints reports .get(ReportID,fromDate,toDate) calls the get verb" name="AccountingAPI endpoints reports .get(ReportID,fromDate,toDate) calls the get verb" time="0">
    </testcase>
    <testcase classname="AccountingAPI endpoints reports .get(ReportID,fromDate,toDate) requested with expected body" name="AccountingAPI endpoints reports .get(ReportID,fromDate,toDate) requested with expected body" time="0">
    </testcase>
    <testcase classname="AccountingAPI endpoints reports .get(ReportID,fromDate,toDate) matches the expected response" name="AccountingAPI endpoints reports .get(ReportID,fromDate,toDate) matches the expected response" time="0">
    </testcase>
    <testcase classname="AccountingAPI endpoints trackingCategories .get() calls the trackingcategories endpoint" name="AccountingAPI endpoints trackingCategories .get() calls the trackingcategories endpoint" time="0.001">
    </testcase>
    <testcase classname="AccountingAPI endpoints trackingCategories .get() calls the get verb" name="AccountingAPI endpoints trackingCategories .get() calls the get verb" time="0">
    </testcase>
    <testcase classname="AccountingAPI endpoints trackingCategories .get() requested with expected body" name="AccountingAPI endpoints trackingCategories .get() requested with expected body" time="0">
    </testcase>
    <testcase classname="AccountingAPI endpoints trackingCategories .get() matches the expected response" name="AccountingAPI endpoints trackingCategories .get() matches the expected response" time="0.001">
    </testcase>
    <testcase classname="AccountingAPI endpoints trackingCategories .get(where) calls the trackingcategories?where=Status%3D%3D%22ACTIVE%22 endpoint" name="AccountingAPI endpoints trackingCategories .get(where) calls the trackingcategories?where=Status%3D%3D%22ACTIVE%22 endpoint" time="0">
    </testcase>
    <testcase classname="AccountingAPI endpoints trackingCategories .get(where) calls the get verb" name="AccountingAPI endpoints trackingCategories .get(where) calls the get verb" time="0">
    </testcase>
    <testcase classname="AccountingAPI endpoints trackingCategories .get(where) requested with expected body" name="AccountingAPI endpoints trackingCategories .get(where) requested with expected body" time="0">
    </testcase>
    <testcase classname="AccountingAPI endpoints trackingCategories .get(where) matches the expected response" name="AccountingAPI endpoints trackingCategories .get(where) matches the expected response" time="0.001">
    </testcase>
    <testcase classname="AccountingAPI endpoints trackingCategories .get(order) calls the trackingcategories?order=Name%20DESC endpoint" name="AccountingAPI endpoints trackingCategories .get(order) calls the trackingcategories?order=Name%20DESC endpoint" time="0">
    </testcase>
    <testcase classname="AccountingAPI endpoints trackingCategories .get(order) calls the get verb" name="AccountingAPI endpoints trackingCategories .get(order) calls the get verb" time="0">
    </testcase>
    <testcase classname="AccountingAPI endpoints trackingCategories .get(order) requested with expected body" name="AccountingAPI endpoints trackingCategories .get(order) requested with expected body" time="0">
    </testcase>
    <testcase classname="AccountingAPI endpoints trackingCategories .get(order) matches the expected response" name="AccountingAPI endpoints trackingCategories .get(order) matches the expected response" time="0">
    </testcase>
    <testcase classname="AccountingAPI endpoints trackingCategories .create() calls the trackingcategories endpoint" name="AccountingAPI endpoints trackingCategories .create() calls the trackingcategories endpoint" time="0.001">
    </testcase>
    <testcase classname="AccountingAPI endpoints trackingCategories .create() calls the put verb" name="AccountingAPI endpoints trackingCategories .create() calls the put verb" time="0">
    </testcase>
    <testcase classname="AccountingAPI endpoints trackingCategories .create() requested with expected body" name="AccountingAPI endpoints trackingCategories .create() requested with expected body" time="0">
    </testcase>
    <testcase classname="AccountingAPI endpoints trackingCategories .create() matches the expected response" name="AccountingAPI endpoints trackingCategories .create() matches the expected response" time="0">
    </testcase>
    <testcase classname="AccountingAPI endpoints trackingCategories .update(TrackingCategoryID) calls the trackingcategories/dcb417fc-0c23-4ba3-bc7f-fbc718e7e663 endpoint" name="AccountingAPI endpoints trackingCategories .update(TrackingCategoryID) calls the trackingcategories/dcb417fc-0c23-4ba3-bc7f-fbc718e7e663 endpoint" time="0">
    </testcase>
    <testcase classname="AccountingAPI endpoints trackingCategories .update(TrackingCategoryID) calls the post verb" name="AccountingAPI endpoints trackingCategories .update(TrackingCategoryID) calls the post verb" time="0">
    </testcase>
    <testcase classname="AccountingAPI endpoints trackingCategories .update(TrackingCategoryID) requested with expected body" name="AccountingAPI endpoints trackingCategories .update(TrackingCategoryID) requested with expected body" time="0">
    </testcase>
    <testcase classname="AccountingAPI endpoints trackingCategories .update(TrackingCategoryID) matches the expected response" name="AccountingAPI endpoints trackingCategories .update(TrackingCategoryID) matches the expected response" time="0.001">
    </testcase>
    <testcase classname="AccountingAPI endpoints trackingCategories .delete(TrackingCategoryID) calls the trackingcategories/dcb417fc-0c23-4ba3-bc7f-fbc718e7e663 endpoint" name="AccountingAPI endpoints trackingCategories .delete(TrackingCategoryID) calls the trackingcategories/dcb417fc-0c23-4ba3-bc7f-fbc718e7e663 endpoint" time="0">
    </testcase>
    <testcase classname="AccountingAPI endpoints trackingCategories .delete(TrackingCategoryID) calls the delete verb" name="AccountingAPI endpoints trackingCategories .delete(TrackingCategoryID) calls the delete verb" time="0">
    </testcase>
    <testcase classname="AccountingAPI endpoints trackingCategories .delete(TrackingCategoryID) requested with expected body" name="AccountingAPI endpoints trackingCategories .delete(TrackingCategoryID) requested with expected body" time="0">
    </testcase>
    <testcase classname="AccountingAPI endpoints trackingCategories .delete(TrackingCategoryID) matches the expected response" name="AccountingAPI endpoints trackingCategories .delete(TrackingCategoryID) matches the expected response" time="0.001">
    </testcase>
    <testcase classname="AccountingAPI endpoints trackingCategories trackingOptions.create(TrackingCategoryID) calls the trackingcategories/dcb417fc-0c23-4ba3-bc7f-fbc718e7e663/Options endpoint" name="AccountingAPI endpoints trackingCategories trackingOptions.create(TrackingCategoryID) calls the trackingcategories/dcb417fc-0c23-4ba3-bc7f-fbc718e7e663/Options endpoint" time="0">
    </testcase>
    <testcase classname="AccountingAPI endpoints trackingCategories trackingOptions.create(TrackingCategoryID) calls the put verb" name="AccountingAPI endpoints trackingCategories trackingOptions.create(TrackingCategoryID) calls the put verb" time="0">
    </testcase>
    <testcase classname="AccountingAPI endpoints trackingCategories trackingOptions.create(TrackingCategoryID) requested with expected body" name="AccountingAPI endpoints trackingCategories trackingOptions.create(TrackingCategoryID) requested with expected body" time="0">
    </testcase>
    <testcase classname="AccountingAPI endpoints trackingCategories trackingOptions.create(TrackingCategoryID) matches the expected response" name="AccountingAPI endpoints trackingCategories trackingOptions.create(TrackingCategoryID) matches the expected response" time="0">
    </testcase>
    <testcase classname="AccountingAPI endpoints trackingCategories trackingOptions.update(TrackingCategoryID,TrackingOptionID) calls the trackingcategories/dcb417fc-0c23-4ba3-bc7f-fbc718e7e663/Options/857c9e3f-640a-4df2-99fd-dd0e52a785e7 endpoint" name="AccountingAPI endpoints trackingCategories trackingOptions.update(TrackingCategoryID,TrackingOptionID) calls the trackingcategories/dcb417fc-0c23-4ba3-bc7f-fbc718e7e663/Options/857c9e3f-640a-4df2-99fd-dd0e52a785e7 endpoint" time="0">
    </testcase>
    <testcase classname="AccountingAPI endpoints trackingCategories trackingOptions.update(TrackingCategoryID,TrackingOptionID) calls the post verb" name="AccountingAPI endpoints trackingCategories trackingOptions.update(TrackingCategoryID,TrackingOptionID) calls the post verb" time="0">
    </testcase>
    <testcase classname="AccountingAPI endpoints trackingCategories trackingOptions.update(TrackingCategoryID,TrackingOptionID) requested with expected body" name="AccountingAPI endpoints trackingCategories trackingOptions.update(TrackingCategoryID,TrackingOptionID) requested with expected body" time="0">
    </testcase>
    <testcase classname="AccountingAPI endpoints trackingCategories trackingOptions.update(TrackingCategoryID,TrackingOptionID) matches the expected response" name="AccountingAPI endpoints trackingCategories trackingOptions.update(TrackingCategoryID,TrackingOptionID) matches the expected response" time="0">
    </testcase>
    <testcase classname="AccountingAPI endpoints trackingCategories trackingOptions.delete(TrackingCategoryID,TrackingOptionID) calls the trackingcategories/dcb417fc-0c23-4ba3-bc7f-fbc718e7e663/Options/857c9e3f-640a-4df2-99fd-dd0e52a785e7 endpoint" name="AccountingAPI endpoints trackingCategories trackingOptions.delete(TrackingCategoryID,TrackingOptionID) calls the trackingcategories/dcb417fc-0c23-4ba3-bc7f-fbc718e7e663/Options/857c9e3f-640a-4df2-99fd-dd0e52a785e7 endpoint" time="0">
    </testcase>
    <testcase classname="AccountingAPI endpoints trackingCategories trackingOptions.delete(TrackingCategoryID,TrackingOptionID) calls the delete verb" name="AccountingAPI endpoints trackingCategories trackingOptions.delete(TrackingCategoryID,TrackingOptionID) calls the delete verb" time="0">
    </testcase>
    <testcase classname="AccountingAPI endpoints trackingCategories trackingOptions.delete(TrackingCategoryID,TrackingOptionID) requested with expected body" name="AccountingAPI endpoints trackingCategories trackingOptions.delete(TrackingCategoryID,TrackingOptionID) requested with expected body" time="0">
    </testcase>
    <testcase classname="AccountingAPI endpoints trackingCategories trackingOptions.delete(TrackingCategoryID,TrackingOptionID) matches the expected response" name="AccountingAPI endpoints trackingCategories trackingOptions.delete(TrackingCategoryID,TrackingOptionID) matches the expected response" time="0.001">
    </testcase>
    <testcase classname="AccountingAPI endpoints users .get() calls the users endpoint" name="AccountingAPI endpoints users .get() calls the users endpoint" time="0">
    </testcase>
    <testcase classname="AccountingAPI endpoints users .get() calls the get verb" name="AccountingAPI endpoints users .get() calls the get verb" time="0">
    </testcase>
    <testcase classname="AccountingAPI endpoints users .get() requested with expected body" name="AccountingAPI endpoints users .get() requested with expected body" time="0">
    </testcase>
    <testcase classname="AccountingAPI endpoints users .get() matches the expected response" name="AccountingAPI endpoints users .get() matches the expected response" time="0">
    </testcase>
    <testcase classname="AccountingAPI endpoints users .get(UserID) calls the users/dcb417fc-0c23-4ba3-bc7f-fbc718e7e663 endpoint" name="AccountingAPI endpoints users .get(UserID) calls the users/dcb417fc-0c23-4ba3-bc7f-fbc718e7e663 endpoint" time="0">
    </testcase>
    <testcase classname="AccountingAPI endpoints users .get(UserID) calls the get verb" name="AccountingAPI endpoints users .get(UserID) calls the get verb" time="0">
    </testcase>
    <testcase classname="AccountingAPI endpoints users .get(UserID) requested with expected body" name="AccountingAPI endpoints users .get(UserID) requested with expected body" time="0">
    </testcase>
    <testcase classname="AccountingAPI endpoints users .get(UserID) matches the expected response" name="AccountingAPI endpoints users .get(UserID) matches the expected response" time="0">
    </testcase>
    <testcase classname="AccountingAPI endpoints users .get(where) calls the users?where=IsSubscriber%3D%3Dtrue endpoint" name="AccountingAPI endpoints users .get(where) calls the users?where=IsSubscriber%3D%3Dtrue endpoint" time="0">
    </testcase>
    <testcase classname="AccountingAPI endpoints users .get(where) calls the get verb" name="AccountingAPI endpoints users .get(where) calls the get verb" time="0.001">
    </testcase>
    <testcase classname="AccountingAPI endpoints users .get(where) requested with expected body" name="AccountingAPI endpoints users .get(where) requested with expected body" time="0">
    </testcase>
    <testcase classname="AccountingAPI endpoints users .get(where) matches the expected response" name="AccountingAPI endpoints users .get(where) matches the expected response" time="0">
    </testcase>
    <testcase classname="AccountingAPI endpoints users .get(order) calls the users?order=EmailAddress%20DESC endpoint" name="AccountingAPI endpoints users .get(order) calls the users?order=EmailAddress%20DESC endpoint" time="0">
    </testcase>
    <testcase classname="AccountingAPI endpoints users .get(order) calls the get verb" name="AccountingAPI endpoints users .get(order) calls the get verb" time="0">
    </testcase>
    <testcase classname="AccountingAPI endpoints users .get(order) requested with expected body" name="AccountingAPI endpoints users .get(order) requested with expected body" time="0.001">
    </testcase>
    <testcase classname="AccountingAPI endpoints users .get(order) matches the expected response" name="AccountingAPI endpoints users .get(order) matches the expected response" time="0">
    </testcase>
    <testcase classname="AccountingAPI endpoints users .get(If-Modified-Since) calls the users endpoint" name="AccountingAPI endpoints users .get(If-Modified-Since) calls the users endpoint" time="0">
    </testcase>
    <testcase classname="AccountingAPI endpoints users .get(If-Modified-Since) calls the get verb" name="AccountingAPI endpoints users .get(If-Modified-Since) calls the get verb" time="0">
    </testcase>
    <testcase classname="AccountingAPI endpoints users .get(If-Modified-Since) requested with expected body" name="AccountingAPI endpoints users .get(If-Modified-Since) requested with expected body" time="0">
    </testcase>
    <testcase classname="AccountingAPI endpoints users .get(If-Modified-Since) matches the expected response" name="AccountingAPI endpoints users .get(If-Modified-Since) matches the expected response" time="0">
    </testcase>
  </testsuite>
  <testsuite name="users" errors="0" failures="2" skipped="0" timestamp="2019-12-05T00:04:37" time="0.558" tests="2">
    <testcase classname="users get all" name="users get all" time="0.246">
      <failure>Error: XeroError: Minute rate limit exceeded (please wait before retrying the xero api)
    at oauthLib.get (/Users/sid.maestre/Documents/GitRepo/xero-node/src/internals/OAuth1HttpClient.ts:356:31)
    at passBackControl (/Users/sid.maestre/Documents/GitRepo/xero-node/node_modules/oauth/lib/oauth.js:397:13)
    at IncomingMessage.&lt;anonymous&gt; (/Users/sid.maestre/Documents/GitRepo/xero-node/node_modules/oauth/lib/oauth.js:409:9)
    at IncomingMessage.emit (events.js:203:15)
    at endReadableNT (_stream_readable.js:1145:12)
    at process._tickCallback (internal/process/next_tick.js:63:19)</failure>
    </testcase>
    <testcase classname="users get single" name="users get single" time="0.173">
      <failure>Error: XeroError: Minute rate limit exceeded (please wait before retrying the xero api)
    at oauthLib.get (/Users/sid.maestre/Documents/GitRepo/xero-node/src/internals/OAuth1HttpClient.ts:356:31)
    at passBackControl (/Users/sid.maestre/Documents/GitRepo/xero-node/node_modules/oauth/lib/oauth.js:397:13)
    at IncomingMessage.&lt;anonymous&gt; (/Users/sid.maestre/Documents/GitRepo/xero-node/node_modules/oauth/lib/oauth.js:409:9)
    at IncomingMessage.emit (events.js:203:15)
    at endReadableNT (_stream_readable.js:1145:12)
    at process._tickCallback (internal/process/next_tick.js:63:19)</failure>
    </testcase>
  </testsuite>
  <testsuite name="/brandingthemes" errors="0" failures="0" skipped="0" timestamp="2019-12-05T00:04:38" time="0.546" tests="2">
    <testcase classname="/brandingthemes can get all" name="/brandingthemes can get all" time="0.224">
    </testcase>
    <testcase classname="/brandingthemes can get single" name="/brandingthemes can get single" time="0.214">
    </testcase>
  </testsuite>
  <testsuite name="/currencies" errors="0" failures="2" skipped="0" timestamp="2019-12-05T00:04:39" time="0.96" tests="2">
    <testcase classname="/currencies create" name="/currencies create" time="0.191">
      <failure>Error: expect(received).toBe(expected) // Object.is equality

Expected: 400
Received: 503
    at Object.&lt;anonymous&gt; (/Users/sid.maestre/Documents/GitRepo/xero-node/src/__integration_tests__/currencies.integration.tests.ts:26:27)
    at Generator.throw (&lt;anonymous&gt;)
    at rejected (/Users/sid.maestre/Documents/GitRepo/xero-node/src/__integration_tests__/currencies.integration.tests.ts:5:65)
    at process._tickCallback (internal/process/next_tick.js:68:7)</failure>
    </testcase>
    <testcase classname="/currencies get all" name="/currencies get all" time="0.613">
      <failure>Error: XeroError: Minute rate limit exceeded (please wait before retrying the xero api)
    at oauthLib.get (/Users/sid.maestre/Documents/GitRepo/xero-node/src/internals/OAuth1HttpClient.ts:356:31)
    at passBackControl (/Users/sid.maestre/Documents/GitRepo/xero-node/node_modules/oauth/lib/oauth.js:397:13)
    at IncomingMessage.&lt;anonymous&gt; (/Users/sid.maestre/Documents/GitRepo/xero-node/node_modules/oauth/lib/oauth.js:409:9)
    at IncomingMessage.emit (events.js:203:15)
    at endReadableNT (_stream_readable.js:1145:12)
    at process._tickCallback (internal/process/next_tick.js:63:19)</failure>
    </testcase>
  </testsuite>
  <testsuite name="/repeatinginvoices" errors="0" failures="1" skipped="0" timestamp="2019-12-05T00:04:40" time="0.39" tests="1">
    <testcase classname="/repeatinginvoices get all" name="/repeatinginvoices get all" time="0.264">
      <failure>Error: XeroError: Minute rate limit exceeded (please wait before retrying the xero api)
    at oauthLib.get (/Users/sid.maestre/Documents/GitRepo/xero-node/src/internals/OAuth1HttpClient.ts:356:31)
    at passBackControl (/Users/sid.maestre/Documents/GitRepo/xero-node/node_modules/oauth/lib/oauth.js:397:13)
    at IncomingMessage.&lt;anonymous&gt; (/Users/sid.maestre/Documents/GitRepo/xero-node/node_modules/oauth/lib/oauth.js:409:9)
    at IncomingMessage.emit (events.js:203:15)
    at endReadableNT (_stream_readable.js:1145:12)
    at process._tickCallback (internal/process/next_tick.js:63:19)</failure>
    </testcase>
  </testsuite>
  <testsuite name="/linkedtransactions" errors="0" failures="0" skipped="0" timestamp="2019-12-05T00:04:40" time="1.413" tests="1">
    <testcase classname="/linkedtransactions can get all" name="/linkedtransactions can get all" time="1.203">
    </testcase>
  </testsuite>
  <testsuite name="AccountingAPI attachments" errors="0" failures="0" skipped="0" timestamp="2019-12-05T00:04:41" time="0.315" tests="120">
    <testcase classname="AccountingAPI attachments invoices attachments &amp; downloadAttachment calls calls the underlying HTTPClient method" name="AccountingAPI attachments invoices attachments &amp; downloadAttachment calls calls the underlying HTTPClient method" time="0.002">
    </testcase>
    <testcase classname="AccountingAPI attachments invoices attachments &amp; downloadAttachment calls calls HTTPClient with endpoint=invoices/dcb417fc-0c23-4ba3-bc7f-fbc718e7e663/attachments/bean.jpg" name="AccountingAPI attachments invoices attachments &amp; downloadAttachment calls calls HTTPClient with endpoint=invoices/dcb417fc-0c23-4ba3-bc7f-fbc718e7e663/attachments/bean.jpg" time="0">
    </testcase>
    <testcase classname="AccountingAPI attachments invoices attachments &amp; downloadAttachment calls calls HTTPClient with mimeType=image/jpg" name="AccountingAPI attachments invoices attachments &amp; downloadAttachment calls calls HTTPClient with mimeType=image/jpg" time="0.001">
    </testcase>
    <testcase classname="AccountingAPI attachments invoices attachments &amp; downloadAttachment calls calls HTTPClient with writeStream path=/Users/sid.maestre/Documents/GitRepo/xero-node/src/__tests__/temp-image.jpg" name="AccountingAPI attachments invoices attachments &amp; downloadAttachment calls calls HTTPClient with writeStream path=/Users/sid.maestre/Documents/GitRepo/xero-node/src/__tests__/temp-image.jpg" time="0">
    </testcase>
    <testcase classname="AccountingAPI attachments invoices attachments &amp; downloadAttachment calls result is undefined" name="AccountingAPI attachments invoices attachments &amp; downloadAttachment calls result is undefined" time="0.001">
    </testcase>
    <testcase classname="AccountingAPI attachments invoices attachments &amp; downloadAttachment calls saves attachment to disk" name="AccountingAPI attachments invoices attachments &amp; downloadAttachment calls saves attachment to disk" time="0.001">
    </testcase>
    <testcase classname="AccountingAPI attachments invoices attachments &amp; uploading attachment calls the underlying HTTPClient method" name="AccountingAPI attachments invoices attachments &amp; uploading attachment calls the underlying HTTPClient method" time="0.001">
    </testcase>
    <testcase classname="AccountingAPI attachments invoices attachments &amp; uploading attachment calls HTTPClient with endpoint=invoices/dcb417fc-0c23-4ba3-bc7f-fbc718e7e663/attachments/bean.jpg" name="AccountingAPI attachments invoices attachments &amp; uploading attachment calls HTTPClient with endpoint=invoices/dcb417fc-0c23-4ba3-bc7f-fbc718e7e663/attachments/bean.jpg" time="0">
    </testcase>
    <testcase classname="AccountingAPI attachments invoices attachments &amp; uploading attachment calls HTTPClient with mimeType=image/jpg" name="AccountingAPI attachments invoices attachments &amp; uploading attachment calls HTTPClient with mimeType=image/jpg" time="0.001">
    </testcase>
    <testcase classname="AccountingAPI attachments invoices attachments &amp; uploading attachment calls HTTPClient with correct size" name="AccountingAPI attachments invoices attachments &amp; uploading attachment calls HTTPClient with correct size" time="0">
    </testcase>
    <testcase classname="AccountingAPI attachments invoices attachments &amp; uploading attachment calls HTTPClient with readStream path=/Users/sid.maestre/Documents/GitRepo/xero-node/src/__tests__/helpers/bean.jpg" name="AccountingAPI attachments invoices attachments &amp; uploading attachment calls HTTPClient with readStream path=/Users/sid.maestre/Documents/GitRepo/xero-node/src/__tests__/helpers/bean.jpg" time="0.001">
    </testcase>
    <testcase classname="AccountingAPI attachments invoices attachments &amp; uploading attachment result is undefined" name="AccountingAPI attachments invoices attachments &amp; uploading attachment result is undefined" time="0">
    </testcase>
    <testcase classname="AccountingAPI attachments invoices attachments &amp; downloadAttachment calls calls the underlying HTTPClient method" name="AccountingAPI attachments invoices attachments &amp; downloadAttachment calls calls the underlying HTTPClient method" time="0">
    </testcase>
    <testcase classname="AccountingAPI attachments invoices attachments &amp; downloadAttachment calls calls HTTPClient with endpoint=invoices/dcb417fc-0c23-4ba3-bc7f-fbc718e7e663/attachments/bean%232.jpg" name="AccountingAPI attachments invoices attachments &amp; downloadAttachment calls calls HTTPClient with endpoint=invoices/dcb417fc-0c23-4ba3-bc7f-fbc718e7e663/attachments/bean%232.jpg" time="0">
    </testcase>
    <testcase classname="AccountingAPI attachments invoices attachments &amp; downloadAttachment calls calls HTTPClient with mimeType=image/jpg" name="AccountingAPI attachments invoices attachments &amp; downloadAttachment calls calls HTTPClient with mimeType=image/jpg" time="0.001">
    </testcase>
    <testcase classname="AccountingAPI attachments invoices attachments &amp; downloadAttachment calls calls HTTPClient with writeStream path=/Users/sid.maestre/Documents/GitRepo/xero-node/src/__tests__/temp-image.jpg" name="AccountingAPI attachments invoices attachments &amp; downloadAttachment calls calls HTTPClient with writeStream path=/Users/sid.maestre/Documents/GitRepo/xero-node/src/__tests__/temp-image.jpg" time="0">
    </testcase>
    <testcase classname="AccountingAPI attachments invoices attachments &amp; downloadAttachment calls result is undefined" name="AccountingAPI attachments invoices attachments &amp; downloadAttachment calls result is undefined" time="0">
    </testcase>
    <testcase classname="AccountingAPI attachments invoices attachments &amp; downloadAttachment calls saves attachment to disk" name="AccountingAPI attachments invoices attachments &amp; downloadAttachment calls saves attachment to disk" time="0.011">
    </testcase>
    <testcase classname="AccountingAPI attachments invoices attachments &amp; uploading attachment calls the underlying HTTPClient method" name="AccountingAPI attachments invoices attachments &amp; uploading attachment calls the underlying HTTPClient method" time="0">
    </testcase>
    <testcase classname="AccountingAPI attachments invoices attachments &amp; uploading attachment calls HTTPClient with endpoint=invoices/dcb417fc-0c23-4ba3-bc7f-fbc718e7e663/attachments/bean%232.jpg" name="AccountingAPI attachments invoices attachments &amp; uploading attachment calls HTTPClient with endpoint=invoices/dcb417fc-0c23-4ba3-bc7f-fbc718e7e663/attachments/bean%232.jpg" time="0">
    </testcase>
    <testcase classname="AccountingAPI attachments invoices attachments &amp; uploading attachment calls HTTPClient with mimeType=image/jpg" name="AccountingAPI attachments invoices attachments &amp; uploading attachment calls HTTPClient with mimeType=image/jpg" time="0">
    </testcase>
    <testcase classname="AccountingAPI attachments invoices attachments &amp; uploading attachment calls HTTPClient with correct size" name="AccountingAPI attachments invoices attachments &amp; uploading attachment calls HTTPClient with correct size" time="0.001">
    </testcase>
    <testcase classname="AccountingAPI attachments invoices attachments &amp; uploading attachment calls HTTPClient with readStream path=/Users/sid.maestre/Documents/GitRepo/xero-node/src/__tests__/helpers/bean.jpg" name="AccountingAPI attachments invoices attachments &amp; uploading attachment calls HTTPClient with readStream path=/Users/sid.maestre/Documents/GitRepo/xero-node/src/__tests__/helpers/bean.jpg" time="0">
    </testcase>
    <testcase classname="AccountingAPI attachments invoices attachments &amp; uploading attachment result is undefined" name="AccountingAPI attachments invoices attachments &amp; uploading attachment result is undefined" time="0">
    </testcase>
    <testcase classname="AccountingAPI attachments invoices attachments &amp; downloadAttachment calls calls the underlying HTTPClient method" name="AccountingAPI attachments invoices attachments &amp; downloadAttachment calls calls the underlying HTTPClient method" time="0">
    </testcase>
    <testcase classname="AccountingAPI attachments invoices attachments &amp; downloadAttachment calls calls HTTPClient with endpoint=invoices/dcb417fc-0c23-4ba3-bc7f-fbc718e7e663/attachments/bean%232.jpg" name="AccountingAPI attachments invoices attachments &amp; downloadAttachment calls calls HTTPClient with endpoint=invoices/dcb417fc-0c23-4ba3-bc7f-fbc718e7e663/attachments/bean%232.jpg" time="0.001">
    </testcase>
    <testcase classname="AccountingAPI attachments invoices attachments &amp; downloadAttachment calls calls HTTPClient with mimeType=image/jpg" name="AccountingAPI attachments invoices attachments &amp; downloadAttachment calls calls HTTPClient with mimeType=image/jpg" time="0">
    </testcase>
    <testcase classname="AccountingAPI attachments invoices attachments &amp; downloadAttachment calls calls HTTPClient with writeStream path=/Users/sid.maestre/Documents/GitRepo/xero-node/src/__tests__/temp-image.jpg" name="AccountingAPI attachments invoices attachments &amp; downloadAttachment calls calls HTTPClient with writeStream path=/Users/sid.maestre/Documents/GitRepo/xero-node/src/__tests__/temp-image.jpg" time="0">
    </testcase>
    <testcase classname="AccountingAPI attachments invoices attachments &amp; downloadAttachment calls result is undefined" name="AccountingAPI attachments invoices attachments &amp; downloadAttachment calls result is undefined" time="0">
    </testcase>
    <testcase classname="AccountingAPI attachments invoices attachments &amp; downloadAttachment calls saves attachment to disk" name="AccountingAPI attachments invoices attachments &amp; downloadAttachment calls saves attachment to disk" time="0">
    </testcase>
    <testcase classname="AccountingAPI attachments invoices attachments &amp; uploading attachment calls the underlying HTTPClient method" name="AccountingAPI attachments invoices attachments &amp; uploading attachment calls the underlying HTTPClient method" time="0.001">
    </testcase>
    <testcase classname="AccountingAPI attachments invoices attachments &amp; uploading attachment calls HTTPClient with endpoint=invoices/dcb417fc-0c23-4ba3-bc7f-fbc718e7e663/attachments/bean%232.jpg" name="AccountingAPI attachments invoices attachments &amp; uploading attachment calls HTTPClient with endpoint=invoices/dcb417fc-0c23-4ba3-bc7f-fbc718e7e663/attachments/bean%232.jpg" time="0.001">
    </testcase>
    <testcase classname="AccountingAPI attachments invoices attachments &amp; uploading attachment calls HTTPClient with mimeType=image/jpg" name="AccountingAPI attachments invoices attachments &amp; uploading attachment calls HTTPClient with mimeType=image/jpg" time="0">
    </testcase>
    <testcase classname="AccountingAPI attachments invoices attachments &amp; uploading attachment calls HTTPClient with correct size" name="AccountingAPI attachments invoices attachments &amp; uploading attachment calls HTTPClient with correct size" time="0">
    </testcase>
    <testcase classname="AccountingAPI attachments invoices attachments &amp; uploading attachment calls HTTPClient with readStream path=/Users/sid.maestre/Documents/GitRepo/xero-node/src/__tests__/helpers/bean.jpg" name="AccountingAPI attachments invoices attachments &amp; uploading attachment calls HTTPClient with readStream path=/Users/sid.maestre/Documents/GitRepo/xero-node/src/__tests__/helpers/bean.jpg" time="0">
    </testcase>
    <testcase classname="AccountingAPI attachments invoices attachments &amp; uploading attachment result is undefined" name="AccountingAPI attachments invoices attachments &amp; uploading attachment result is undefined" time="0.001">
    </testcase>
    <testcase classname="AccountingAPI attachments bankTransactions attachments &amp; downloadAttachment calls calls the underlying HTTPClient method" name="AccountingAPI attachments bankTransactions attachments &amp; downloadAttachment calls calls the underlying HTTPClient method" time="0">
    </testcase>
    <testcase classname="AccountingAPI attachments bankTransactions attachments &amp; downloadAttachment calls calls HTTPClient with endpoint=banktransactions/dcb417fc-0c23-4ba3-bc7f-fbc718e7e663/attachments/bean.jpg" name="AccountingAPI attachments bankTransactions attachments &amp; downloadAttachment calls calls HTTPClient with endpoint=banktransactions/dcb417fc-0c23-4ba3-bc7f-fbc718e7e663/attachments/bean.jpg" time="0.001">
    </testcase>
    <testcase classname="AccountingAPI attachments bankTransactions attachments &amp; downloadAttachment calls calls HTTPClient with mimeType=image/jpg" name="AccountingAPI attachments bankTransactions attachments &amp; downloadAttachment calls calls HTTPClient with mimeType=image/jpg" time="0">
    </testcase>
    <testcase classname="AccountingAPI attachments bankTransactions attachments &amp; downloadAttachment calls calls HTTPClient with writeStream path=/Users/sid.maestre/Documents/GitRepo/xero-node/src/__tests__/temp-image.jpg" name="AccountingAPI attachments bankTransactions attachments &amp; downloadAttachment calls calls HTTPClient with writeStream path=/Users/sid.maestre/Documents/GitRepo/xero-node/src/__tests__/temp-image.jpg" time="0">
    </testcase>
    <testcase classname="AccountingAPI attachments bankTransactions attachments &amp; downloadAttachment calls result is undefined" name="AccountingAPI attachments bankTransactions attachments &amp; downloadAttachment calls result is undefined" time="0">
    </testcase>
    <testcase classname="AccountingAPI attachments bankTransactions attachments &amp; downloadAttachment calls saves attachment to disk" name="AccountingAPI attachments bankTransactions attachments &amp; downloadAttachment calls saves attachment to disk" time="0.001">
    </testcase>
    <testcase classname="AccountingAPI attachments bankTransactions attachments &amp; uploading attachment calls the underlying HTTPClient method" name="AccountingAPI attachments bankTransactions attachments &amp; uploading attachment calls the underlying HTTPClient method" time="0">
    </testcase>
    <testcase classname="AccountingAPI attachments bankTransactions attachments &amp; uploading attachment calls HTTPClient with endpoint=banktransactions/dcb417fc-0c23-4ba3-bc7f-fbc718e7e663/attachments/bean.jpg" name="AccountingAPI attachments bankTransactions attachments &amp; uploading attachment calls HTTPClient with endpoint=banktransactions/dcb417fc-0c23-4ba3-bc7f-fbc718e7e663/attachments/bean.jpg" time="0.001">
    </testcase>
    <testcase classname="AccountingAPI attachments bankTransactions attachments &amp; uploading attachment calls HTTPClient with mimeType=image/jpg" name="AccountingAPI attachments bankTransactions attachments &amp; uploading attachment calls HTTPClient with mimeType=image/jpg" time="0">
    </testcase>
    <testcase classname="AccountingAPI attachments bankTransactions attachments &amp; uploading attachment calls HTTPClient with correct size" name="AccountingAPI attachments bankTransactions attachments &amp; uploading attachment calls HTTPClient with correct size" time="0">
    </testcase>
    <testcase classname="AccountingAPI attachments bankTransactions attachments &amp; uploading attachment calls HTTPClient with readStream path=/Users/sid.maestre/Documents/GitRepo/xero-node/src/__tests__/helpers/bean.jpg" name="AccountingAPI attachments bankTransactions attachments &amp; uploading attachment calls HTTPClient with readStream path=/Users/sid.maestre/Documents/GitRepo/xero-node/src/__tests__/helpers/bean.jpg" time="0.001">
    </testcase>
    <testcase classname="AccountingAPI attachments bankTransactions attachments &amp; uploading attachment result is undefined" name="AccountingAPI attachments bankTransactions attachments &amp; uploading attachment result is undefined" time="0">
    </testcase>
    <testcase classname="AccountingAPI attachments creditNotes attachments &amp; downloadAttachment calls calls the underlying HTTPClient method" name="AccountingAPI attachments creditNotes attachments &amp; downloadAttachment calls calls the underlying HTTPClient method" time="0">
    </testcase>
    <testcase classname="AccountingAPI attachments creditNotes attachments &amp; downloadAttachment calls calls HTTPClient with endpoint=creditnotes/dcb417fc-0c23-4ba3-bc7f-fbc718e7e663/attachments/bean.jpg" name="AccountingAPI attachments creditNotes attachments &amp; downloadAttachment calls calls HTTPClient with endpoint=creditnotes/dcb417fc-0c23-4ba3-bc7f-fbc718e7e663/attachments/bean.jpg" time="0">
    </testcase>
    <testcase classname="AccountingAPI attachments creditNotes attachments &amp; downloadAttachment calls calls HTTPClient with mimeType=image/jpg" name="AccountingAPI attachments creditNotes attachments &amp; downloadAttachment calls calls HTTPClient with mimeType=image/jpg" time="0">
    </testcase>
    <testcase classname="AccountingAPI attachments creditNotes attachments &amp; downloadAttachment calls calls HTTPClient with writeStream path=/Users/sid.maestre/Documents/GitRepo/xero-node/src/__tests__/temp-image.jpg" name="AccountingAPI attachments creditNotes attachments &amp; downloadAttachment calls calls HTTPClient with writeStream path=/Users/sid.maestre/Documents/GitRepo/xero-node/src/__tests__/temp-image.jpg" time="0.001">
    </testcase>
    <testcase classname="AccountingAPI attachments creditNotes attachments &amp; downloadAttachment calls result is undefined" name="AccountingAPI attachments creditNotes attachments &amp; downloadAttachment calls result is undefined" time="0">
    </testcase>
    <testcase classname="AccountingAPI attachments creditNotes attachments &amp; downloadAttachment calls saves attachment to disk" name="AccountingAPI attachments creditNotes attachments &amp; downloadAttachment calls saves attachment to disk" time="0">
    </testcase>
    <testcase classname="AccountingAPI attachments creditNotes attachments &amp; uploading attachment calls the underlying HTTPClient method" name="AccountingAPI attachments creditNotes attachments &amp; uploading attachment calls the underlying HTTPClient method" time="0">
    </testcase>
    <testcase classname="AccountingAPI attachments creditNotes attachments &amp; uploading attachment calls HTTPClient with endpoint=creditnotes/dcb417fc-0c23-4ba3-bc7f-fbc718e7e663/attachments/bean.jpg" name="AccountingAPI attachments creditNotes attachments &amp; uploading attachment calls HTTPClient with endpoint=creditnotes/dcb417fc-0c23-4ba3-bc7f-fbc718e7e663/attachments/bean.jpg" time="0.001">
    </testcase>
    <testcase classname="AccountingAPI attachments creditNotes attachments &amp; uploading attachment calls HTTPClient with mimeType=image/jpg" name="AccountingAPI attachments creditNotes attachments &amp; uploading attachment calls HTTPClient with mimeType=image/jpg" time="0">
    </testcase>
    <testcase classname="AccountingAPI attachments creditNotes attachments &amp; uploading attachment calls HTTPClient with correct size" name="AccountingAPI attachments creditNotes attachments &amp; uploading attachment calls HTTPClient with correct size" time="0">
    </testcase>
    <testcase classname="AccountingAPI attachments creditNotes attachments &amp; uploading attachment calls HTTPClient with readStream path=/Users/sid.maestre/Documents/GitRepo/xero-node/src/__tests__/helpers/bean.jpg" name="AccountingAPI attachments creditNotes attachments &amp; uploading attachment calls HTTPClient with readStream path=/Users/sid.maestre/Documents/GitRepo/xero-node/src/__tests__/helpers/bean.jpg" time="0.001">
    </testcase>
    <testcase classname="AccountingAPI attachments creditNotes attachments &amp; uploading attachment result is undefined" name="AccountingAPI attachments creditNotes attachments &amp; uploading attachment result is undefined" time="0">
    </testcase>
    <testcase classname="AccountingAPI attachments repeatingInvoices attachments &amp; downloadAttachment calls calls the underlying HTTPClient method" name="AccountingAPI attachments repeatingInvoices attachments &amp; downloadAttachment calls calls the underlying HTTPClient method" time="0.001">
    </testcase>
    <testcase classname="AccountingAPI attachments repeatingInvoices attachments &amp; downloadAttachment calls calls HTTPClient with endpoint=repeatinginvoices/dcb417fc-0c23-4ba3-bc7f-fbc718e7e663/attachments/bean.jpg" name="AccountingAPI attachments repeatingInvoices attachments &amp; downloadAttachment calls calls HTTPClient with endpoint=repeatinginvoices/dcb417fc-0c23-4ba3-bc7f-fbc718e7e663/attachments/bean.jpg" time="0">
    </testcase>
    <testcase classname="AccountingAPI attachments repeatingInvoices attachments &amp; downloadAttachment calls calls HTTPClient with mimeType=image/jpg" name="AccountingAPI attachments repeatingInvoices attachments &amp; downloadAttachment calls calls HTTPClient with mimeType=image/jpg" time="0">
    </testcase>
    <testcase classname="AccountingAPI attachments repeatingInvoices attachments &amp; downloadAttachment calls calls HTTPClient with writeStream path=/Users/sid.maestre/Documents/GitRepo/xero-node/src/__tests__/temp-image.jpg" name="AccountingAPI attachments repeatingInvoices attachments &amp; downloadAttachment calls calls HTTPClient with writeStream path=/Users/sid.maestre/Documents/GitRepo/xero-node/src/__tests__/temp-image.jpg" time="0.001">
    </testcase>
    <testcase classname="AccountingAPI attachments repeatingInvoices attachments &amp; downloadAttachment calls result is undefined" name="AccountingAPI attachments repeatingInvoices attachments &amp; downloadAttachment calls result is undefined" time="0">
    </testcase>
    <testcase classname="AccountingAPI attachments repeatingInvoices attachments &amp; downloadAttachment calls saves attachment to disk" name="AccountingAPI attachments repeatingInvoices attachments &amp; downloadAttachment calls saves attachment to disk" time="0.001">
    </testcase>
    <testcase classname="AccountingAPI attachments repeatingInvoices attachments &amp; uploading attachment calls the underlying HTTPClient method" name="AccountingAPI attachments repeatingInvoices attachments &amp; uploading attachment calls the underlying HTTPClient method" time="0">
    </testcase>
    <testcase classname="AccountingAPI attachments repeatingInvoices attachments &amp; uploading attachment calls HTTPClient with endpoint=repeatinginvoices/dcb417fc-0c23-4ba3-bc7f-fbc718e7e663/attachments/bean.jpg" name="AccountingAPI attachments repeatingInvoices attachments &amp; uploading attachment calls HTTPClient with endpoint=repeatinginvoices/dcb417fc-0c23-4ba3-bc7f-fbc718e7e663/attachments/bean.jpg" time="0.002">
    </testcase>
    <testcase classname="AccountingAPI attachments repeatingInvoices attachments &amp; uploading attachment calls HTTPClient with mimeType=image/jpg" name="AccountingAPI attachments repeatingInvoices attachments &amp; uploading attachment calls HTTPClient with mimeType=image/jpg" time="0">
    </testcase>
    <testcase classname="AccountingAPI attachments repeatingInvoices attachments &amp; uploading attachment calls HTTPClient with correct size" name="AccountingAPI attachments repeatingInvoices attachments &amp; uploading attachment calls HTTPClient with correct size" time="0">
    </testcase>
    <testcase classname="AccountingAPI attachments repeatingInvoices attachments &amp; uploading attachment calls HTTPClient with readStream path=/Users/sid.maestre/Documents/GitRepo/xero-node/src/__tests__/helpers/bean.jpg" name="AccountingAPI attachments repeatingInvoices attachments &amp; uploading attachment calls HTTPClient with readStream path=/Users/sid.maestre/Documents/GitRepo/xero-node/src/__tests__/helpers/bean.jpg" time="0">
    </testcase>
    <testcase classname="AccountingAPI attachments repeatingInvoices attachments &amp; uploading attachment result is undefined" name="AccountingAPI attachments repeatingInvoices attachments &amp; uploading attachment result is undefined" time="0">
    </testcase>
    <testcase classname="AccountingAPI attachments bankTransfers attachments &amp; downloadAttachment calls calls the underlying HTTPClient method" name="AccountingAPI attachments bankTransfers attachments &amp; downloadAttachment calls calls the underlying HTTPClient method" time="0.001">
    </testcase>
    <testcase classname="AccountingAPI attachments bankTransfers attachments &amp; downloadAttachment calls calls HTTPClient with endpoint=banktransfers/dcb417fc-0c23-4ba3-bc7f-fbc718e7e663/attachments/bean.jpg" name="AccountingAPI attachments bankTransfers attachments &amp; downloadAttachment calls calls HTTPClient with endpoint=banktransfers/dcb417fc-0c23-4ba3-bc7f-fbc718e7e663/attachments/bean.jpg" time="0.001">
    </testcase>
    <testcase classname="AccountingAPI attachments bankTransfers attachments &amp; downloadAttachment calls calls HTTPClient with mimeType=image/jpg" name="AccountingAPI attachments bankTransfers attachments &amp; downloadAttachment calls calls HTTPClient with mimeType=image/jpg" time="0">
    </testcase>
    <testcase classname="AccountingAPI attachments bankTransfers attachments &amp; downloadAttachment calls calls HTTPClient with writeStream path=/Users/sid.maestre/Documents/GitRepo/xero-node/src/__tests__/temp-image.jpg" name="AccountingAPI attachments bankTransfers attachments &amp; downloadAttachment calls calls HTTPClient with writeStream path=/Users/sid.maestre/Documents/GitRepo/xero-node/src/__tests__/temp-image.jpg" time="0">
    </testcase>
    <testcase classname="AccountingAPI attachments bankTransfers attachments &amp; downloadAttachment calls result is undefined" name="AccountingAPI attachments bankTransfers attachments &amp; downloadAttachment calls result is undefined" time="0">
    </testcase>
    <testcase classname="AccountingAPI attachments bankTransfers attachments &amp; downloadAttachment calls saves attachment to disk" name="AccountingAPI attachments bankTransfers attachments &amp; downloadAttachment calls saves attachment to disk" time="0.001">
    </testcase>
    <testcase classname="AccountingAPI attachments bankTransfers attachments &amp; uploading attachment calls the underlying HTTPClient method" name="AccountingAPI attachments bankTransfers attachments &amp; uploading attachment calls the underlying HTTPClient method" time="0">
    </testcase>
    <testcase classname="AccountingAPI attachments bankTransfers attachments &amp; uploading attachment calls HTTPClient with endpoint=banktransfers/dcb417fc-0c23-4ba3-bc7f-fbc718e7e663/attachments/bean.jpg" name="AccountingAPI attachments bankTransfers attachments &amp; uploading attachment calls HTTPClient with endpoint=banktransfers/dcb417fc-0c23-4ba3-bc7f-fbc718e7e663/attachments/bean.jpg" time="0.001">
    </testcase>
    <testcase classname="AccountingAPI attachments bankTransfers attachments &amp; uploading attachment calls HTTPClient with mimeType=image/jpg" name="AccountingAPI attachments bankTransfers attachments &amp; uploading attachment calls HTTPClient with mimeType=image/jpg" time="0">
    </testcase>
    <testcase classname="AccountingAPI attachments bankTransfers attachments &amp; uploading attachment calls HTTPClient with correct size" name="AccountingAPI attachments bankTransfers attachments &amp; uploading attachment calls HTTPClient with correct size" time="0">
    </testcase>
    <testcase classname="AccountingAPI attachments bankTransfers attachments &amp; uploading attachment calls HTTPClient with readStream path=/Users/sid.maestre/Documents/GitRepo/xero-node/src/__tests__/helpers/bean.jpg" name="AccountingAPI attachments bankTransfers attachments &amp; uploading attachment calls HTTPClient with readStream path=/Users/sid.maestre/Documents/GitRepo/xero-node/src/__tests__/helpers/bean.jpg" time="0">
    </testcase>
    <testcase classname="AccountingAPI attachments bankTransfers attachments &amp; uploading attachment result is undefined" name="AccountingAPI attachments bankTransfers attachments &amp; uploading attachment result is undefined" time="0">
    </testcase>
    <testcase classname="AccountingAPI attachments contacts attachments &amp; downloadAttachment calls calls the underlying HTTPClient method" name="AccountingAPI attachments contacts attachments &amp; downloadAttachment calls calls the underlying HTTPClient method" time="0">
    </testcase>
    <testcase classname="AccountingAPI attachments contacts attachments &amp; downloadAttachment calls calls HTTPClient with endpoint=contacts/dcb417fc-0c23-4ba3-bc7f-fbc718e7e663/attachments/bean.jpg" name="AccountingAPI attachments contacts attachments &amp; downloadAttachment calls calls HTTPClient with endpoint=contacts/dcb417fc-0c23-4ba3-bc7f-fbc718e7e663/attachments/bean.jpg" time="0">
    </testcase>
    <testcase classname="AccountingAPI attachments contacts attachments &amp; downloadAttachment calls calls HTTPClient with mimeType=image/jpg" name="AccountingAPI attachments contacts attachments &amp; downloadAttachment calls calls HTTPClient with mimeType=image/jpg" time="0.001">
    </testcase>
    <testcase classname="AccountingAPI attachments contacts attachments &amp; downloadAttachment calls calls HTTPClient with writeStream path=/Users/sid.maestre/Documents/GitRepo/xero-node/src/__tests__/temp-image.jpg" name="AccountingAPI attachments contacts attachments &amp; downloadAttachment calls calls HTTPClient with writeStream path=/Users/sid.maestre/Documents/GitRepo/xero-node/src/__tests__/temp-image.jpg" time="0">
    </testcase>
    <testcase classname="AccountingAPI attachments contacts attachments &amp; downloadAttachment calls result is undefined" name="AccountingAPI attachments contacts attachments &amp; downloadAttachment calls result is undefined" time="0">
    </testcase>
    <testcase classname="AccountingAPI attachments contacts attachments &amp; downloadAttachment calls saves attachment to disk" name="AccountingAPI attachments contacts attachments &amp; downloadAttachment calls saves attachment to disk" time="0.001">
    </testcase>
    <testcase classname="AccountingAPI attachments contacts attachments &amp; uploading attachment calls the underlying HTTPClient method" name="AccountingAPI attachments contacts attachments &amp; uploading attachment calls the underlying HTTPClient method" time="0">
    </testcase>
    <testcase classname="AccountingAPI attachments contacts attachments &amp; uploading attachment calls HTTPClient with endpoint=contacts/dcb417fc-0c23-4ba3-bc7f-fbc718e7e663/attachments/bean.jpg" name="AccountingAPI attachments contacts attachments &amp; uploading attachment calls HTTPClient with endpoint=contacts/dcb417fc-0c23-4ba3-bc7f-fbc718e7e663/attachments/bean.jpg" time="0">
    </testcase>
    <testcase classname="AccountingAPI attachments contacts attachments &amp; uploading attachment calls HTTPClient with mimeType=image/jpg" name="AccountingAPI attachments contacts attachments &amp; uploading attachment calls HTTPClient with mimeType=image/jpg" time="0.001">
    </testcase>
    <testcase classname="AccountingAPI attachments contacts attachments &amp; uploading attachment calls HTTPClient with correct size" name="AccountingAPI attachments contacts attachments &amp; uploading attachment calls HTTPClient with correct size" time="0">
    </testcase>
    <testcase classname="AccountingAPI attachments contacts attachments &amp; uploading attachment calls HTTPClient with readStream path=/Users/sid.maestre/Documents/GitRepo/xero-node/src/__tests__/helpers/bean.jpg" name="AccountingAPI attachments contacts attachments &amp; uploading attachment calls HTTPClient with readStream path=/Users/sid.maestre/Documents/GitRepo/xero-node/src/__tests__/helpers/bean.jpg" time="0">
    </testcase>
    <testcase classname="AccountingAPI attachments contacts attachments &amp; uploading attachment result is undefined" name="AccountingAPI attachments contacts attachments &amp; uploading attachment result is undefined" time="0">
    </testcase>
    <testcase classname="AccountingAPI attachments accounts attachments &amp; downloadAttachment calls calls the underlying HTTPClient method" name="AccountingAPI attachments accounts attachments &amp; downloadAttachment calls calls the underlying HTTPClient method" time="0">
    </testcase>
    <testcase classname="AccountingAPI attachments accounts attachments &amp; downloadAttachment calls calls HTTPClient with endpoint=accounts/dcb417fc-0c23-4ba3-bc7f-fbc718e7e663/attachments/bean.jpg" name="AccountingAPI attachments accounts attachments &amp; downloadAttachment calls calls HTTPClient with endpoint=accounts/dcb417fc-0c23-4ba3-bc7f-fbc718e7e663/attachments/bean.jpg" time="0">
    </testcase>
    <testcase classname="AccountingAPI attachments accounts attachments &amp; downloadAttachment calls calls HTTPClient with mimeType=image/jpg" name="AccountingAPI attachments accounts attachments &amp; downloadAttachment calls calls HTTPClient with mimeType=image/jpg" time="0">
    </testcase>
    <testcase classname="AccountingAPI attachments accounts attachments &amp; downloadAttachment calls calls HTTPClient with writeStream path=/Users/sid.maestre/Documents/GitRepo/xero-node/src/__tests__/temp-image.jpg" name="AccountingAPI attachments accounts attachments &amp; downloadAttachment calls calls HTTPClient with writeStream path=/Users/sid.maestre/Documents/GitRepo/xero-node/src/__tests__/temp-image.jpg" time="0.001">
    </testcase>
    <testcase classname="AccountingAPI attachments accounts attachments &amp; downloadAttachment calls result is undefined" name="AccountingAPI attachments accounts attachments &amp; downloadAttachment calls result is undefined" time="0">
    </testcase>
    <testcase classname="AccountingAPI attachments accounts attachments &amp; downloadAttachment calls saves attachment to disk" name="AccountingAPI attachments accounts attachments &amp; downloadAttachment calls saves attachment to disk" time="0">
    </testcase>
    <testcase classname="AccountingAPI attachments accounts attachments &amp; uploading attachment calls the underlying HTTPClient method" name="AccountingAPI attachments accounts attachments &amp; uploading attachment calls the underlying HTTPClient method" time="0">
    </testcase>
    <testcase classname="AccountingAPI attachments accounts attachments &amp; uploading attachment calls HTTPClient with endpoint=accounts/dcb417fc-0c23-4ba3-bc7f-fbc718e7e663/attachments/bean.jpg" name="AccountingAPI attachments accounts attachments &amp; uploading attachment calls HTTPClient with endpoint=accounts/dcb417fc-0c23-4ba3-bc7f-fbc718e7e663/attachments/bean.jpg" time="0.001">
    </testcase>
    <testcase classname="AccountingAPI attachments accounts attachments &amp; uploading attachment calls HTTPClient with mimeType=image/jpg" name="AccountingAPI attachments accounts attachments &amp; uploading attachment calls HTTPClient with mimeType=image/jpg" time="0.001">
    </testcase>
    <testcase classname="AccountingAPI attachments accounts attachments &amp; uploading attachment calls HTTPClient with correct size" name="AccountingAPI attachments accounts attachments &amp; uploading attachment calls HTTPClient with correct size" time="0">
    </testcase>
    <testcase classname="AccountingAPI attachments accounts attachments &amp; uploading attachment calls HTTPClient with readStream path=/Users/sid.maestre/Documents/GitRepo/xero-node/src/__tests__/helpers/bean.jpg" name="AccountingAPI attachments accounts attachments &amp; uploading attachment calls HTTPClient with readStream path=/Users/sid.maestre/Documents/GitRepo/xero-node/src/__tests__/helpers/bean.jpg" time="0.001">
    </testcase>
    <testcase classname="AccountingAPI attachments accounts attachments &amp; uploading attachment result is undefined" name="AccountingAPI attachments accounts attachments &amp; uploading attachment result is undefined" time="0">
    </testcase>
    <testcase classname="AccountingAPI attachments manualJournals attachments &amp; downloadAttachment calls calls the underlying HTTPClient method" name="AccountingAPI attachments manualJournals attachments &amp; downloadAttachment calls calls the underlying HTTPClient method" time="0">
    </testcase>
    <testcase classname="AccountingAPI attachments manualJournals attachments &amp; downloadAttachment calls calls HTTPClient with endpoint=manualjournals/dcb417fc-0c23-4ba3-bc7f-fbc718e7e663/attachments/bean.jpg" name="AccountingAPI attachments manualJournals attachments &amp; downloadAttachment calls calls HTTPClient with endpoint=manualjournals/dcb417fc-0c23-4ba3-bc7f-fbc718e7e663/attachments/bean.jpg" time="0">
    </testcase>
    <testcase classname="AccountingAPI attachments manualJournals attachments &amp; downloadAttachment calls calls HTTPClient with mimeType=image/jpg" name="AccountingAPI attachments manualJournals attachments &amp; downloadAttachment calls calls HTTPClient with mimeType=image/jpg" time="0">
    </testcase>
    <testcase classname="AccountingAPI attachments manualJournals attachments &amp; downloadAttachment calls calls HTTPClient with writeStream path=/Users/sid.maestre/Documents/GitRepo/xero-node/src/__tests__/temp-image.jpg" name="AccountingAPI attachments manualJournals attachments &amp; downloadAttachment calls calls HTTPClient with writeStream path=/Users/sid.maestre/Documents/GitRepo/xero-node/src/__tests__/temp-image.jpg" time="0.001">
    </testcase>
    <testcase classname="AccountingAPI attachments manualJournals attachments &amp; downloadAttachment calls result is undefined" name="AccountingAPI attachments manualJournals attachments &amp; downloadAttachment calls result is undefined" time="0">
    </testcase>
    <testcase classname="AccountingAPI attachments manualJournals attachments &amp; downloadAttachment calls saves attachment to disk" name="AccountingAPI attachments manualJournals attachments &amp; downloadAttachment calls saves attachment to disk" time="0">
    </testcase>
    <testcase classname="AccountingAPI attachments manualJournals attachments &amp; uploading attachment calls the underlying HTTPClient method" name="AccountingAPI attachments manualJournals attachments &amp; uploading attachment calls the underlying HTTPClient method" time="0">
    </testcase>
    <testcase classname="AccountingAPI attachments manualJournals attachments &amp; uploading attachment calls HTTPClient with endpoint=manualjournals/dcb417fc-0c23-4ba3-bc7f-fbc718e7e663/attachments/bean.jpg" name="AccountingAPI attachments manualJournals attachments &amp; uploading attachment calls HTTPClient with endpoint=manualjournals/dcb417fc-0c23-4ba3-bc7f-fbc718e7e663/attachments/bean.jpg" time="0">
    </testcase>
    <testcase classname="AccountingAPI attachments manualJournals attachments &amp; uploading attachment calls HTTPClient with mimeType=image/jpg" name="AccountingAPI attachments manualJournals attachments &amp; uploading attachment calls HTTPClient with mimeType=image/jpg" time="0">
    </testcase>
    <testcase classname="AccountingAPI attachments manualJournals attachments &amp; uploading attachment calls HTTPClient with correct size" name="AccountingAPI attachments manualJournals attachments &amp; uploading attachment calls HTTPClient with correct size" time="0">
    </testcase>
    <testcase classname="AccountingAPI attachments manualJournals attachments &amp; uploading attachment calls HTTPClient with readStream path=/Users/sid.maestre/Documents/GitRepo/xero-node/src/__tests__/helpers/bean.jpg" name="AccountingAPI attachments manualJournals attachments &amp; uploading attachment calls HTTPClient with readStream path=/Users/sid.maestre/Documents/GitRepo/xero-node/src/__tests__/helpers/bean.jpg" time="0.001">
    </testcase>
    <testcase classname="AccountingAPI attachments manualJournals attachments &amp; uploading attachment result is undefined" name="AccountingAPI attachments manualJournals attachments &amp; uploading attachment result is undefined" time="0">
    </testcase>
  </testsuite>
  <testsuite name="/invoicereminders" errors="0" failures="1" skipped="0" timestamp="2019-12-05T00:04:42" time="0.465" tests="1">
    <testcase classname="/invoicereminders can get all" name="/invoicereminders can get all" time="0.33">
      <failure>Error: XeroError: Minute rate limit exceeded (please wait before retrying the xero api)
    at oauthLib.get (/Users/sid.maestre/Documents/GitRepo/xero-node/src/internals/OAuth1HttpClient.ts:356:31)
    at passBackControl (/Users/sid.maestre/Documents/GitRepo/xero-node/node_modules/oauth/lib/oauth.js:397:13)
    at IncomingMessage.&lt;anonymous&gt; (/Users/sid.maestre/Documents/GitRepo/xero-node/node_modules/oauth/lib/oauth.js:409:9)
    at IncomingMessage.emit (events.js:203:15)
    at endReadableNT (_stream_readable.js:1145:12)
    at process._tickCallback (internal/process/next_tick.js:63:19)</failure>
    </testcase>
  </testsuite>
  <testsuite name="/organisations" errors="0" failures="1" skipped="0" timestamp="2019-12-05T00:04:42" time="0.325" tests="1">
    <testcase classname="/organisations get current organisation" name="/organisations get current organisation" time="0.206">
      <failure>Error: XeroError: Minute rate limit exceeded (please wait before retrying the xero api)
    at oauthLib.get (/Users/sid.maestre/Documents/GitRepo/xero-node/src/internals/OAuth1HttpClient.ts:356:31)
    at passBackControl (/Users/sid.maestre/Documents/GitRepo/xero-node/node_modules/oauth/lib/oauth.js:397:13)
    at IncomingMessage.&lt;anonymous&gt; (/Users/sid.maestre/Documents/GitRepo/xero-node/node_modules/oauth/lib/oauth.js:409:9)
    at IncomingMessage.emit (events.js:203:15)
    at endReadableNT (_stream_readable.js:1145:12)
    at process._tickCallback (internal/process/next_tick.js:63:19)</failure>
    </testcase>
  </testsuite>
  <testsuite name="AccountingAPI history" errors="0" failures="0" skipped="0" timestamp="2019-12-05T00:04:42" time="0.24" tests="78">
    <testcase classname="AccountingAPI history prepayments and getting History calls the prepayments url" name="AccountingAPI history prepayments and getting History calls the prepayments url" time="0.002">
    </testcase>
    <testcase classname="AccountingAPI history prepayments and getting History calls the GET method" name="AccountingAPI history prepayments and getting History calls the GET method" time="0">
    </testcase>
    <testcase classname="AccountingAPI history prepayments and getting History matches the expected response" name="AccountingAPI history prepayments and getting History matches the expected response" time="0.001">
    </testcase>
    <testcase classname="AccountingAPI history prepayments and creating History calls the prepayments url" name="AccountingAPI history prepayments and creating History calls the prepayments url" time="0">
    </testcase>
    <testcase classname="AccountingAPI history prepayments and creating History calls the PUT method" name="AccountingAPI history prepayments and creating History calls the PUT method" time="0">
    </testcase>
    <testcase classname="AccountingAPI history prepayments and creating History matches the expected response" name="AccountingAPI history prepayments and creating History matches the expected response" time="0">
    </testcase>
    <testcase classname="AccountingAPI history bankTransactions and getting History calls the bankTransactions url" name="AccountingAPI history bankTransactions and getting History calls the bankTransactions url" time="0">
    </testcase>
    <testcase classname="AccountingAPI history bankTransactions and getting History calls the GET method" name="AccountingAPI history bankTransactions and getting History calls the GET method" time="0.001">
    </testcase>
    <testcase classname="AccountingAPI history bankTransactions and getting History matches the expected response" name="AccountingAPI history bankTransactions and getting History matches the expected response" time="0">
    </testcase>
    <testcase classname="AccountingAPI history bankTransactions and creating History calls the bankTransactions url" name="AccountingAPI history bankTransactions and creating History calls the bankTransactions url" time="0.001">
    </testcase>
    <testcase classname="AccountingAPI history bankTransactions and creating History calls the PUT method" name="AccountingAPI history bankTransactions and creating History calls the PUT method" time="0.001">
    </testcase>
    <testcase classname="AccountingAPI history bankTransactions and creating History matches the expected response" name="AccountingAPI history bankTransactions and creating History matches the expected response" time="0.001">
    </testcase>
    <testcase classname="AccountingAPI history bankTransfers and getting History calls the bankTransfers url" name="AccountingAPI history bankTransfers and getting History calls the bankTransfers url" time="0.001">
    </testcase>
    <testcase classname="AccountingAPI history bankTransfers and getting History calls the GET method" name="AccountingAPI history bankTransfers and getting History calls the GET method" time="0">
    </testcase>
    <testcase classname="AccountingAPI history bankTransfers and getting History matches the expected response" name="AccountingAPI history bankTransfers and getting History matches the expected response" time="0.001">
    </testcase>
    <testcase classname="AccountingAPI history bankTransfers and creating History calls the bankTransfers url" name="AccountingAPI history bankTransfers and creating History calls the bankTransfers url" time="0">
    </testcase>
    <testcase classname="AccountingAPI history bankTransfers and creating History calls the PUT method" name="AccountingAPI history bankTransfers and creating History calls the PUT method" time="0.001">
    </testcase>
    <testcase classname="AccountingAPI history bankTransfers and creating History matches the expected response" name="AccountingAPI history bankTransfers and creating History matches the expected response" time="0.001">
    </testcase>
    <testcase classname="AccountingAPI history contacts and getting History calls the contacts url" name="AccountingAPI history contacts and getting History calls the contacts url" time="0.001">
    </testcase>
    <testcase classname="AccountingAPI history contacts and getting History calls the GET method" name="AccountingAPI history contacts and getting History calls the GET method" time="0">
    </testcase>
    <testcase classname="AccountingAPI history contacts and getting History matches the expected response" name="AccountingAPI history contacts and getting History matches the expected response" time="0.001">
    </testcase>
    <testcase classname="AccountingAPI history contacts and creating History calls the contacts url" name="AccountingAPI history contacts and creating History calls the contacts url" time="0">
    </testcase>
    <testcase classname="AccountingAPI history contacts and creating History calls the PUT method" name="AccountingAPI history contacts and creating History calls the PUT method" time="0">
    </testcase>
    <testcase classname="AccountingAPI history contacts and creating History matches the expected response" name="AccountingAPI history contacts and creating History matches the expected response" time="0">
    </testcase>
    <testcase classname="AccountingAPI history creditNotes and getting History calls the creditNotes url" name="AccountingAPI history creditNotes and getting History calls the creditNotes url" time="0">
    </testcase>
    <testcase classname="AccountingAPI history creditNotes and getting History calls the GET method" name="AccountingAPI history creditNotes and getting History calls the GET method" time="0">
    </testcase>
    <testcase classname="AccountingAPI history creditNotes and getting History matches the expected response" name="AccountingAPI history creditNotes and getting History matches the expected response" time="0">
    </testcase>
    <testcase classname="AccountingAPI history creditNotes and creating History calls the creditNotes url" name="AccountingAPI history creditNotes and creating History calls the creditNotes url" time="0.001">
    </testcase>
    <testcase classname="AccountingAPI history creditNotes and creating History calls the PUT method" name="AccountingAPI history creditNotes and creating History calls the PUT method" time="0.001">
    </testcase>
    <testcase classname="AccountingAPI history creditNotes and creating History matches the expected response" name="AccountingAPI history creditNotes and creating History matches the expected response" time="0">
    </testcase>
    <testcase classname="AccountingAPI history expenseClaims and getting History calls the expenseClaims url" name="AccountingAPI history expenseClaims and getting History calls the expenseClaims url" time="0">
    </testcase>
    <testcase classname="AccountingAPI history expenseClaims and getting History calls the GET method" name="AccountingAPI history expenseClaims and getting History calls the GET method" time="0">
    </testcase>
    <testcase classname="AccountingAPI history expenseClaims and getting History matches the expected response" name="AccountingAPI history expenseClaims and getting History matches the expected response" time="0">
    </testcase>
    <testcase classname="AccountingAPI history expenseClaims and creating History calls the expenseClaims url" name="AccountingAPI history expenseClaims and creating History calls the expenseClaims url" time="0">
    </testcase>
    <testcase classname="AccountingAPI history expenseClaims and creating History calls the PUT method" name="AccountingAPI history expenseClaims and creating History calls the PUT method" time="0.009">
    </testcase>
    <testcase classname="AccountingAPI history expenseClaims and creating History matches the expected response" name="AccountingAPI history expenseClaims and creating History matches the expected response" time="0.001">
    </testcase>
    <testcase classname="AccountingAPI history invoices and getting History calls the invoices url" name="AccountingAPI history invoices and getting History calls the invoices url" time="0">
    </testcase>
    <testcase classname="AccountingAPI history invoices and getting History calls the GET method" name="AccountingAPI history invoices and getting History calls the GET method" time="0.001">
    </testcase>
    <testcase classname="AccountingAPI history invoices and getting History matches the expected response" name="AccountingAPI history invoices and getting History matches the expected response" time="0">
    </testcase>
    <testcase classname="AccountingAPI history invoices and creating History calls the invoices url" name="AccountingAPI history invoices and creating History calls the invoices url" time="0.001">
    </testcase>
    <testcase classname="AccountingAPI history invoices and creating History calls the PUT method" name="AccountingAPI history invoices and creating History calls the PUT method" time="0">
    </testcase>
    <testcase classname="AccountingAPI history invoices and creating History matches the expected response" name="AccountingAPI history invoices and creating History matches the expected response" time="0">
    </testcase>
    <testcase classname="AccountingAPI history items and getting History calls the items url" name="AccountingAPI history items and getting History calls the items url" time="0">
    </testcase>
    <testcase classname="AccountingAPI history items and getting History calls the GET method" name="AccountingAPI history items and getting History calls the GET method" time="0">
    </testcase>
    <testcase classname="AccountingAPI history items and getting History matches the expected response" name="AccountingAPI history items and getting History matches the expected response" time="0">
    </testcase>
    <testcase classname="AccountingAPI history items and creating History calls the items url" name="AccountingAPI history items and creating History calls the items url" time="0">
    </testcase>
    <testcase classname="AccountingAPI history items and creating History calls the PUT method" name="AccountingAPI history items and creating History calls the PUT method" time="0.001">
    </testcase>
    <testcase classname="AccountingAPI history items and creating History matches the expected response" name="AccountingAPI history items and creating History matches the expected response" time="0">
    </testcase>
    <testcase classname="AccountingAPI history overpayments and getting History calls the overpayments url" name="AccountingAPI history overpayments and getting History calls the overpayments url" time="0">
    </testcase>
    <testcase classname="AccountingAPI history overpayments and getting History calls the GET method" name="AccountingAPI history overpayments and getting History calls the GET method" time="0">
    </testcase>
    <testcase classname="AccountingAPI history overpayments and getting History matches the expected response" name="AccountingAPI history overpayments and getting History matches the expected response" time="0">
    </testcase>
    <testcase classname="AccountingAPI history overpayments and creating History calls the overpayments url" name="AccountingAPI history overpayments and creating History calls the overpayments url" time="0.001">
    </testcase>
    <testcase classname="AccountingAPI history overpayments and creating History calls the PUT method" name="AccountingAPI history overpayments and creating History calls the PUT method" time="0">
    </testcase>
    <testcase classname="AccountingAPI history overpayments and creating History matches the expected response" name="AccountingAPI history overpayments and creating History matches the expected response" time="0.002">
    </testcase>
    <testcase classname="AccountingAPI history payments and getting History calls the payments url" name="AccountingAPI history payments and getting History calls the payments url" time="0.001">
    </testcase>
    <testcase classname="AccountingAPI history payments and getting History calls the GET method" name="AccountingAPI history payments and getting History calls the GET method" time="0.001">
    </testcase>
    <testcase classname="AccountingAPI history payments and getting History matches the expected response" name="AccountingAPI history payments and getting History matches the expected response" time="0">
    </testcase>
    <testcase classname="AccountingAPI history payments and creating History calls the payments url" name="AccountingAPI history payments and creating History calls the payments url" time="0">
    </testcase>
    <testcase classname="AccountingAPI history payments and creating History calls the PUT method" name="AccountingAPI history payments and creating History calls the PUT method" time="0">
    </testcase>
    <testcase classname="AccountingAPI history payments and creating History matches the expected response" name="AccountingAPI history payments and creating History matches the expected response" time="0.001">
    </testcase>
    <testcase classname="AccountingAPI history purchaseOrders and getting History calls the purchaseOrders url" name="AccountingAPI history purchaseOrders and getting History calls the purchaseOrders url" time="0">
    </testcase>
    <testcase classname="AccountingAPI history purchaseOrders and getting History calls the GET method" name="AccountingAPI history purchaseOrders and getting History calls the GET method" time="0.001">
    </testcase>
    <testcase classname="AccountingAPI history purchaseOrders and getting History matches the expected response" name="AccountingAPI history purchaseOrders and getting History matches the expected response" time="0">
    </testcase>
    <testcase classname="AccountingAPI history purchaseOrders and creating History calls the purchaseOrders url" name="AccountingAPI history purchaseOrders and creating History calls the purchaseOrders url" time="0">
    </testcase>
    <testcase classname="AccountingAPI history purchaseOrders and creating History calls the PUT method" name="AccountingAPI history purchaseOrders and creating History calls the PUT method" time="0">
    </testcase>
    <testcase classname="AccountingAPI history purchaseOrders and creating History matches the expected response" name="AccountingAPI history purchaseOrders and creating History matches the expected response" time="0">
    </testcase>
    <testcase classname="AccountingAPI history receipts and getting History calls the receipts url" name="AccountingAPI history receipts and getting History calls the receipts url" time="0">
    </testcase>
    <testcase classname="AccountingAPI history receipts and getting History calls the GET method" name="AccountingAPI history receipts and getting History calls the GET method" time="0">
    </testcase>
    <testcase classname="AccountingAPI history receipts and getting History matches the expected response" name="AccountingAPI history receipts and getting History matches the expected response" time="0.001">
    </testcase>
    <testcase classname="AccountingAPI history receipts and creating History calls the receipts url" name="AccountingAPI history receipts and creating History calls the receipts url" time="0">
    </testcase>
    <testcase classname="AccountingAPI history receipts and creating History calls the PUT method" name="AccountingAPI history receipts and creating History calls the PUT method" time="0">
    </testcase>
    <testcase classname="AccountingAPI history receipts and creating History matches the expected response" name="AccountingAPI history receipts and creating History matches the expected response" time="0">
    </testcase>
    <testcase classname="AccountingAPI history repeatingInvoices and getting History calls the repeatingInvoices url" name="AccountingAPI history repeatingInvoices and getting History calls the repeatingInvoices url" time="0">
    </testcase>
    <testcase classname="AccountingAPI history repeatingInvoices and getting History calls the GET method" name="AccountingAPI history repeatingInvoices and getting History calls the GET method" time="0">
    </testcase>
    <testcase classname="AccountingAPI history repeatingInvoices and getting History matches the expected response" name="AccountingAPI history repeatingInvoices and getting History matches the expected response" time="0">
    </testcase>
    <testcase classname="AccountingAPI history repeatingInvoices and creating History calls the repeatingInvoices url" name="AccountingAPI history repeatingInvoices and creating History calls the repeatingInvoices url" time="0.001">
    </testcase>
    <testcase classname="AccountingAPI history repeatingInvoices and creating History calls the PUT method" name="AccountingAPI history repeatingInvoices and creating History calls the PUT method" time="0">
    </testcase>
    <testcase classname="AccountingAPI history repeatingInvoices and creating History matches the expected response" name="AccountingAPI history repeatingInvoices and creating History matches the expected response" time="0">
    </testcase>
  </testsuite>
  <testsuite name="OAuth1HttpClient" errors="0" failures="0" skipped="0" timestamp="2019-12-05T00:04:43" time="0.155" tests="23">
    <testcase classname="OAuth1HttpClient and setting state matches what it was set to" name="OAuth1HttpClient and setting state matches what it was set to" time="0.002">
    </testcase>
    <testcase classname="OAuth1HttpClient and setting state only overrides the accessToken keys" name="OAuth1HttpClient and setting state only overrides the accessToken keys" time="0.002">
    </testcase>
    <testcase classname="OAuth1HttpClient and setting state only overrides the oauth_session_handle keys" name="OAuth1HttpClient and setting state only overrides the oauth_session_handle keys" time="0.002">
    </testcase>
    <testcase classname="OAuth1HttpClient and building authorise url it builds the authorise url" name="OAuth1HttpClient and building authorise url it builds the authorise url" time="0.001">
    </testcase>
    <testcase classname="OAuth1HttpClient and getting RequestTokens token is returned" name="OAuth1HttpClient and getting RequestTokens token is returned" time="0.001">
    </testcase>
    <testcase classname="OAuth1HttpClient and swapping request for access token returns and sets expected state" name="OAuth1HttpClient and swapping request for access token returns and sets expected state" time="0.001">
    </testcase>
    <testcase classname="OAuth1HttpClient and refreshing authorized request token returns sets expected state" name="OAuth1HttpClient and refreshing authorized request token returns sets expected state" time="0.001">
    </testcase>
    <testcase classname="OAuth1HttpClient and using custom headers on get() uses default custom header" name="OAuth1HttpClient and using custom headers on get() uses default custom header" time="0.002">
    </testcase>
    <testcase classname="OAuth1HttpClient and using custom headers on get() adds a custom headers when passed in" name="OAuth1HttpClient and using custom headers on get() adds a custom headers when passed in" time="0">
    </testcase>
    <testcase classname="OAuth1HttpClient and using custom headers on get() then is back to default for next call" name="OAuth1HttpClient and using custom headers on get() then is back to default for next call" time="0.001">
    </testcase>
    <testcase classname="OAuth1HttpClient and using custom headers on get() can override default Accept type" name="OAuth1HttpClient and using custom headers on get() can override default Accept type" time="0">
    </testcase>
    <testcase classname="OAuth1HttpClient and using custom headers on put() uses default custom header" name="OAuth1HttpClient and using custom headers on put() uses default custom header" time="0.001">
    </testcase>
    <testcase classname="OAuth1HttpClient and using custom headers on put() adds a custom headers when passed in" name="OAuth1HttpClient and using custom headers on put() adds a custom headers when passed in" time="0">
    </testcase>
    <testcase classname="OAuth1HttpClient and using custom headers on put() then is back to default for next call" name="OAuth1HttpClient and using custom headers on put() then is back to default for next call" time="0.002">
    </testcase>
    <testcase classname="OAuth1HttpClient and using custom headers on put() can override default Accept type" name="OAuth1HttpClient and using custom headers on put() can override default Accept type" time="0">
    </testcase>
    <testcase classname="OAuth1HttpClient and using custom headers on post() uses default custom header" name="OAuth1HttpClient and using custom headers on post() uses default custom header" time="0">
    </testcase>
    <testcase classname="OAuth1HttpClient and using custom headers on post() adds a custom headers when passed in" name="OAuth1HttpClient and using custom headers on post() adds a custom headers when passed in" time="0">
    </testcase>
    <testcase classname="OAuth1HttpClient and using custom headers on post() then is back to default for next call" name="OAuth1HttpClient and using custom headers on post() then is back to default for next call" time="0.001">
    </testcase>
    <testcase classname="OAuth1HttpClient and using custom headers on post() can override default Accept type" name="OAuth1HttpClient and using custom headers on post() can override default Accept type" time="0">
    </testcase>
    <testcase classname="OAuth1HttpClient and using custom headers on delete() uses default custom header" name="OAuth1HttpClient and using custom headers on delete() uses default custom header" time="0">
    </testcase>
    <testcase classname="OAuth1HttpClient and using custom headers on delete() adds a custom headers when passed in" name="OAuth1HttpClient and using custom headers on delete() adds a custom headers when passed in" time="0.001">
    </testcase>
    <testcase classname="OAuth1HttpClient and using custom headers on delete() then is back to default for next call" name="OAuth1HttpClient and using custom headers on delete() then is back to default for next call" time="0">
    </testcase>
    <testcase classname="OAuth1HttpClient and using custom headers on delete() can override default Accept type" name="OAuth1HttpClient and using custom headers on delete() can override default Accept type" time="0.001">
    </testcase>
  </testsuite>
  <testsuite name="ProjectsAPI endpoints" errors="0" failures="0" skipped="0" timestamp="2019-12-05T00:04:43" time="0.114" tests="4">
    <testcase classname="ProjectsAPI endpoints projects .get() calls the projects endpoint" name="ProjectsAPI endpoints projects .get() calls the projects endpoint" time="0.001">
    </testcase>
    <testcase classname="ProjectsAPI endpoints projects .get() calls the get verb" name="ProjectsAPI endpoints projects .get() calls the get verb" time="0">
    </testcase>
    <testcase classname="ProjectsAPI endpoints projects .get() requested with expected body" name="ProjectsAPI endpoints projects .get() requested with expected body" time="0.001">
    </testcase>
    <testcase classname="ProjectsAPI endpoints projects .get() matches the expected response" name="ProjectsAPI endpoints projects .get() matches the expected response" time="0">
    </testcase>
  </testsuite>
  <testsuite name="config-helper" errors="0" failures="0" skipped="0" timestamp="2019-12-05T00:04:43" time="0.169" tests="13">
    <testcase classname="config-helper Private apps with cert as a path maps config correctly" name="config-helper Private apps with cert as a path maps config correctly" time="0.002">
    </testcase>
    <testcase classname="config-helper Private apps with cert as a path maps state correctly" name="config-helper Private apps with cert as a path maps state correctly" time="0.001">
    </testcase>
    <testcase classname="config-helper Private apps with cert as a string maps config correctly" name="config-helper Private apps with cert as a string maps config correctly" time="0.001">
    </testcase>
    <testcase classname="config-helper Private apps with cert as a string maps state correctly" name="config-helper Private apps with cert as a string maps state correctly" time="0">
    </testcase>
    <testcase classname="config-helper Public apps maps config correctly" name="config-helper Public apps maps config correctly" time="0.001">
    </testcase>
    <testcase classname="config-helper Public apps maps state correctly" name="config-helper Public apps maps state correctly" time="0">
    </testcase>
    <testcase classname="config-helper Partner apps with cert as a path maps config correctly" name="config-helper Partner apps with cert as a path maps config correctly" time="0.001">
    </testcase>
    <testcase classname="config-helper Partner apps with cert as a path maps state correctly" name="config-helper Partner apps with cert as a path maps state correctly" time="0.001">
    </testcase>
    <testcase classname="config-helper Partner apps with cert as a string maps config correctly" name="config-helper Partner apps with cert as a string maps config correctly" time="0">
    </testcase>
    <testcase classname="config-helper Partner apps with cert as a string maps state correctly" name="config-helper Partner apps with cert as a string maps state correctly" time="0.015">
    </testcase>
    <testcase classname="config-helper API Config with cert as path maps config correctly" name="config-helper API Config with cert as path maps config correctly" time="0.001">
    </testcase>
    <testcase classname="config-helper API Config with user agent set appends useragent" name="config-helper API Config with user agent set appends useragent" time="0.001">
    </testcase>
    <testcase classname="config-helper API Config with cert as string maps config correctly" name="config-helper API Config with cert as string maps config correctly" time="0.002">
    </testcase>
  </testsuite>
  <testsuite name="Partner Example Tests with callbackUrl" errors="0" failures="0" skipped="8" timestamp="2019-12-05T00:04:43" time="60.292" tests="8">
    <testcase classname="Partner Example Tests with callbackUrl it gets a request token" name="Partner Example Tests with callbackUrl it gets a request token" time="0">
      <skipped/>
    </testcase>
    <testcase classname="Partner Example Tests with callbackUrl it returns the authorised url" name="Partner Example Tests with callbackUrl it returns the authorised url" time="0">
      <skipped/>
    </testcase>
    <testcase classname="Partner Example Tests with callbackUrl it returns a PIN when the user allows access to the app" name="Partner Example Tests with callbackUrl it returns a PIN when the user allows access to the app" time="0">
      <skipped/>
    </testcase>
    <testcase classname="Partner Example Tests with callbackUrl it can make a successful API call" name="Partner Example Tests with callbackUrl it can make a successful API call" time="0">
      <skipped/>
    </testcase>
    <testcase classname="Partner Example Tests with callbackUrl it can still make a successfull API call after refreshing the access token" name="Partner Example Tests with callbackUrl it can still make a successfull API call after refreshing the access token" time="0">
      <skipped/>
    </testcase>
    <testcase classname="Partner Example Tests with callbackUrl OAuth State it allows you to keep copy of the state in your own datastore" name="Partner Example Tests with callbackUrl OAuth State it allows you to keep copy of the state in your own datastore" time="0">
      <skipped/>
    </testcase>
    <testcase classname="Partner Example Tests with callbackUrl OAuth State it allows you to restore a new instance of the client next time your user logs in" name="Partner Example Tests with callbackUrl OAuth State it allows you to restore a new instance of the client next time your user logs in" time="0">
      <skipped/>
    </testcase>
    <testcase classname="Partner Example Tests with callbackUrl OAuth State it lets you make API calls using the restored state" name="Partner Example Tests with callbackUrl OAuth State it lets you make API calls using the restored state" time="0">
      <skipped/>
    </testcase>
  </testsuite>
  <testsuite name="Partner Example Tests using oauth_verifier" errors="0" failures="0" skipped="8" timestamp="2019-12-05T00:05:43" time="0.787" tests="8">
    <testcase classname="Partner Example Tests using oauth_verifier it gets a request token" name="Partner Example Tests using oauth_verifier it gets a request token" time="0">
      <skipped/>
    </testcase>
    <testcase classname="Partner Example Tests using oauth_verifier it returns the authorised url" name="Partner Example Tests using oauth_verifier it returns the authorised url" time="0">
      <skipped/>
    </testcase>
    <testcase classname="Partner Example Tests using oauth_verifier it returns a PIN when the user allows access to the app" name="Partner Example Tests using oauth_verifier it returns a PIN when the user allows access to the app" time="0">
      <skipped/>
    </testcase>
    <testcase classname="Partner Example Tests using oauth_verifier it can make a successful API call" name="Partner Example Tests using oauth_verifier it can make a successful API call" time="0">
      <skipped/>
    </testcase>
    <testcase classname="Partner Example Tests using oauth_verifier it can still make a successfull API call after refreshing the access token" name="Partner Example Tests using oauth_verifier it can still make a successfull API call after refreshing the access token" time="0">
      <skipped/>
    </testcase>
    <testcase classname="Partner Example Tests using oauth_verifier OAuth State it allows you to keep copy of the state in your own datastore" name="Partner Example Tests using oauth_verifier OAuth State it allows you to keep copy of the state in your own datastore" time="0">
      <skipped/>
    </testcase>
    <testcase classname="Partner Example Tests using oauth_verifier OAuth State it allows you to restore a new instance of the client next time your user logs in" name="Partner Example Tests using oauth_verifier OAuth State it allows you to restore a new instance of the client next time your user logs in" time="0">
      <skipped/>
    </testcase>
    <testcase classname="Partner Example Tests using oauth_verifier OAuth State it lets you make API calls using the restored state" name="Partner Example Tests using oauth_verifier OAuth State it lets you make API calls using the restored state" time="0">
      <skipped/>
    </testcase>
  </testsuite>
  <testsuite name="OAuth Client Custom HTTP Agent" errors="0" failures="0" skipped="0" timestamp="2019-12-05T00:05:44" time="0.106" tests="1">
    <testcase classname="OAuth Client Custom HTTP Agent I can set a custom HTTP agent on the oauth client" name="OAuth Client Custom HTTP Agent I can set a custom HTTP agent on the oauth client" time="0.004">
    </testcase>
  </testsuite>
  <testsuite name="getStringFromFile()" errors="0" failures="0" skipped="0" timestamp="2019-12-05T00:05:44" time="0.213" tests="17">
    <testcase classname="getStringFromFile() returns string from file" name="getStringFromFile() returns string from file" time="0.001">
    </testcase>
    <testcase classname="getStringFromFile() throws when key not there" name="getStringFromFile() throws when key not there" time="0">
    </testcase>
    <testcase classname="generateQueryString() empty object becomes &apos;&apos;" name="generateQueryString() empty object becomes &apos;&apos;" time="0.001">
    </testcase>
    <testcase classname="generateQueryString() undefined becomes &apos;&apos;" name="generateQueryString() undefined becomes &apos;&apos;" time="0">
    </testcase>
    <testcase classname="generateQueryString() null becomes &apos;&apos;" name="generateQueryString() null becomes &apos;&apos;" time="0">
    </testcase>
    <testcase classname="generateQueryString() handles single param" name="generateQueryString() handles single param" time="0.001">
    </testcase>
    <testcase classname="generateQueryString() omits param whose value is undefined" name="generateQueryString() omits param whose value is undefined" time="0">
    </testcase>
    <testcase classname="generateQueryString() omits param whose value is undefined, but keeps other params" name="generateQueryString() omits param whose value is undefined, but keeps other params" time="0.001">
    </testcase>
    <testcase classname="generateQueryString() handles multiple params" name="generateQueryString() handles multiple params" time="0.001">
    </testcase>
    <testcase classname="generateQueryString() maintains declaration order for multiple params" name="generateQueryString() maintains declaration order for multiple params" time="0">
    </testcase>
    <testcase classname="generateQueryString() addSummarizeErrorsParam adds to {}" name="generateQueryString() addSummarizeErrorsParam adds to {}" time="0.001">
    </testcase>
    <testcase classname="generateQueryString() addSummarizeErrorsParam adds to null" name="generateQueryString() addSummarizeErrorsParam adds to null" time="0">
    </testcase>
    <testcase classname="generateQueryString() addSummarizeErrorsParam adds to undefined" name="generateQueryString() addSummarizeErrorsParam adds to undefined" time="0">
    </testcase>
    <testcase classname="generateQueryString() addSummarizeErrorsParam adds to existing params" name="generateQueryString() addSummarizeErrorsParam adds to existing params" time="0.001">
    </testcase>
    <testcase classname="generateQueryString() addSummarizeErrorsParam preserves value if specified true" name="generateQueryString() addSummarizeErrorsParam preserves value if specified true" time="0">
    </testcase>
    <testcase classname="generateQueryString() addSummarizeErrorsParam preserves value if specified false" name="generateQueryString() addSummarizeErrorsParam preserves value if specified false" time="0">
    </testcase>
    <testcase classname="generateQueryString() addSummarizeErrorsParam preserves order if specified with other params" name="generateQueryString() addSummarizeErrorsParam preserves order if specified with other params" time="0">
    </testcase>
  </testsuite>
  <testsuite name="HTTP errors" errors="0" failures="0" skipped="0" timestamp="2019-12-05T00:05:45" time="0.139" tests="7">
    <testcase classname="HTTP errors get calls correct verb and rejects with XeroError" name="HTTP errors get calls correct verb and rejects with XeroError" time="0.003">
    </testcase>
    <testcase classname="HTTP errors put calls correct verb and rejects with XeroError" name="HTTP errors put calls correct verb and rejects with XeroError" time="0.001">
    </testcase>
    <testcase classname="HTTP errors post calls correct verb and rejects with XeroError" name="HTTP errors post calls correct verb and rejects with XeroError" time="0.007">
    </testcase>
    <testcase classname="HTTP errors delete calls correct verb and rejects with XeroError" name="HTTP errors delete calls correct verb and rejects with XeroError" time="0.001">
    </testcase>
    <testcase classname="HTTP errors getUnauthorisedRequestToken calls correct verb and rejects with XeroError" name="HTTP errors getUnauthorisedRequestToken calls correct verb and rejects with XeroError" time="0.001">
    </testcase>
    <testcase classname="HTTP errors swapRequestTokenforAccessToken calls correct verb and rejects with XeroError" name="HTTP errors swapRequestTokenforAccessToken calls correct verb and rejects with XeroError" time="0.001">
    </testcase>
    <testcase classname="HTTP errors refreshAccessToken calls correct verb and rejects with XeroError" name="HTTP errors refreshAccessToken calls correct verb and rejects with XeroError" time="0">
    </testcase>
  </testsuite>
  <testsuite name="/projects" errors="0" failures="0" skipped="4" timestamp="2019-12-05T00:05:45" time="0.644" tests="4">
    <testcase classname="/projects create" name="/projects create" time="0">
      <skipped/>
    </testcase>
    <testcase classname="/projects get all" name="/projects get all" time="0">
      <skipped/>
    </testcase>
    <testcase classname="/projects get by ContactID and status" name="/projects get by ContactID and status" time="0">
      <skipped/>
    </testcase>
    <testcase classname="/projects get single" name="/projects get single" time="0">
      <skipped/>
    </testcase>
  </testsuite>
</testsuites>